# JRE version: Java(TM) SE Runtime Environment (8.0_202-b08) (build 1.8.0_202-b08)
# Java VM: Java HotSpot(TM) 64-Bit Server VM (25.202-b08 mixed mode windows-amd64 compressed oops)
Heap:
 PSYoungGen      total 95232K, used 51218K [0x00000000f5980000, 0x00000000fdd00000, 0x0000000100000000)
  eden space 64000K, 78% used [0x00000000f5980000,0x00000000f8a65ae8,0x00000000f9800000)
  from space 31232K, 3% used [0x00000000fbe80000,0x00000000fbf9efd0,0x00000000fdd00000)
  to   space 35328K, 0% used [0x00000000f9800000,0x00000000f9800000,0x00000000fba80000)
 ParOldGen       total 120832K, used 64585K [0x00000000e0c00000, 0x00000000e8200000, 0x00000000f5980000)
  object space 120832K, 53% used [0x00000000e0c00000,0x00000000e4b124b8,0x00000000e8200000)
 Metaspace       used 24072K, capacity 24296K, committed 24448K, reserved 1071104K
  class space    used 2048K, capacity 2108K, committed 2176K, reserved 1048576K
GC Heap History (10 events):
Event: 47.881 GC heap before
{Heap before GC invocations=18 (full 2):
 PSYoungGen      total 76288K, used 76201K [0x00000000f5980000, 0x00000000ff900000, 0x0000000100000000)
  eden space 75264K, 100% used [0x00000000f5980000,0x00000000fa300000,0x00000000fa300000)
  from space 1024K, 91% used [0x00000000fa580000,0x00000000fa66a4d8,0x00000000fa680000)
  to   space 44032K, 0% used [0x00000000fce00000,0x00000000fce00000,0x00000000ff900000)
 ParOldGen       total 120832K, used 64561K [0x00000000e0c00000, 0x00000000e8200000, 0x00000000f5980000)
  object space 120832K, 53% used [0x00000000e0c00000,0x00000000e4b0c4b8,0x00000000e8200000)
 Metaspace       used 24006K, capacity 24232K, committed 24448K, reserved 1071104K
  class space    used 2048K, capacity 2108K, committed 2176K, reserved 1048576K
Event: 47.884 GC heap after
Heap after GC invocations=18 (full 2):
 PSYoungGen      total 111104K, used 679K [0x00000000f5980000, 0x00000000ff380000, 0x0000000100000000)
  eden space 72704K, 0% used [0x00000000f5980000,0x00000000f5980000,0x00000000fa080000)
  from space 38400K, 1% used [0x00000000fce00000,0x00000000fcea9fc0,0x00000000ff380000)
  to   space 42496K, 0% used [0x00000000fa080000,0x00000000fa080000,0x00000000fca00000)
 ParOldGen       total 120832K, used 64569K [0x00000000e0c00000, 0x00000000e8200000, 0x00000000f5980000)
  object space 120832K, 53% used [0x00000000e0c00000,0x00000000e4b0e4b8,0x00000000e8200000)
 Metaspace       used 24006K, capacity 24232K, committed 24448K, reserved 1071104K
  class space    used 2048K, capacity 2108K, committed 2176K, reserved 1048576K
}
Event: 51.712 GC heap before
{Heap before GC invocations=19 (full 2):
 PSYoungGen      total 111104K, used 73383K [0x00000000f5980000, 0x00000000ff380000, 0x0000000100000000)
  eden space 72704K, 100% used [0x00000000f5980000,0x00000000fa080000,0x00000000fa080000)
  from space 38400K, 1% used [0x00000000fce00000,0x00000000fcea9fc0,0x00000000ff380000)
  to   space 42496K, 0% used [0x00000000fa080000,0x00000000fa080000,0x00000000fca00000)
 ParOldGen       total 120832K, used 64569K [0x00000000e0c00000, 0x00000000e8200000, 0x00000000f5980000)
  object space 120832K, 53% used [0x00000000e0c00000,0x00000000e4b0e4b8,0x00000000e8200000)
 Metaspace       used 24066K, capacity 24296K, committed 24448K, reserved 1071104K
  class space    used 2048K, capacity 2108K, committed 2176K, reserved 1048576K
Event: 51.716 GC heap after
Heap after GC invocations=19 (full 2):
 PSYoungGen      total 71168K, used 789K [0x00000000f5980000, 0x00000000fee00000, 0x0000000100000000)
  eden space 70144K, 0% used [0x00000000f5980000,0x00000000f5980000,0x00000000f9e00000)
  from space 1024K, 77% used [0x00000000fa080000,0x00000000fa1457d0,0x00000000fa180000)
  to   space 40960K, 0% used [0x00000000fc600000,0x00000000fc600000,0x00000000fee00000)
 ParOldGen       total 120832K, used 64577K [0x00000000e0c00000, 0x00000000e8200000, 0x00000000f5980000)
  object space 120832K, 53% used [0x00000000e0c00000,0x00000000e4b104b8,0x00000000e8200000)
 Metaspace       used 24066K, capacity 24296K, committed 24448K, reserved 1071104K
  class space    used 2048K, capacity 2108K, committed 2176K, reserved 1048576K
}
Event: 55.544 GC heap before
{Heap before GC invocations=20 (full 2):
 PSYoungGen      total 71168K, used 70933K [0x00000000f5980000, 0x00000000fee00000, 0x0000000100000000)
  eden space 70144K, 100% used [0x00000000f5980000,0x00000000f9e00000,0x00000000f9e00000)
  from space 1024K, 77% used [0x00000000fa080000,0x00000000fa1457d0,0x00000000fa180000)
  to   space 40960K, 0% used [0x00000000fc600000,0x00000000fc600000,0x00000000fee00000)
 ParOldGen       total 120832K, used 64577K [0x00000000e0c00000, 0x00000000e8200000, 0x00000000f5980000)
  object space 120832K, 53% used [0x00000000e0c00000,0x00000000e4b104b8,0x00000000e8200000)
 Metaspace       used 24070K, capacity 24296K, committed 24448K, reserved 1071104K
  class space    used 2048K, capacity 2108K, committed 2176K, reserved 1048576K
Event: 55.549 GC heap after
Heap after GC invocations=20 (full 2):
 PSYoungGen      total 102912K, used 955K [0x00000000f5980000, 0x00000000fe800000, 0x0000000100000000)
  eden space 68096K, 0% used [0x00000000f5980000,0x00000000f5980000,0x00000000f9c00000)
  from space 34816K, 2% used [0x00000000fc600000,0x00000000fc6eefd0,0x00000000fe800000)
  to   space 38912K, 0% used [0x00000000f9c00000,0x00000000f9c00000,0x00000000fc200000)
 ParOldGen       total 120832K, used 64585K [0x00000000e0c00000, 0x00000000e8200000, 0x00000000f5980000)
  object space 120832K, 53% used [0x00000000e0c00000,0x00000000e4b124b8,0x00000000e8200000)
 Metaspace       used 24070K, capacity 24296K, committed 24448K, reserved 1071104K
  class space    used 2048K, capacity 2108K, committed 2176K, reserved 1048576K
}
Event: 59.280 GC heap before
{Heap before GC invocations=21 (full 2):
 PSYoungGen      total 102912K, used 69051K [0x00000000f5980000, 0x00000000fe800000, 0x0000000100000000)
  eden space 68096K, 100% used [0x00000000f5980000,0x00000000f9c00000,0x00000000f9c00000)
  from space 34816K, 2% used [0x00000000fc600000,0x00000000fc6eefd0,0x00000000fe800000)
  to   space 38912K, 0% used [0x00000000f9c00000,0x00000000f9c00000,0x00000000fc200000)
 ParOldGen       total 120832K, used 64585K [0x00000000e0c00000, 0x00000000e8200000, 0x00000000f5980000)
  object space 120832K, 53% used [0x00000000e0c00000,0x00000000e4b124b8,0x00000000e8200000)
 Metaspace       used 24072K, capacity 24296K, committed 24448K, reserved 1071104K
  class space    used 2048K, capacity 2108K, committed 2176K, reserved 1048576K
Event: 59.283 GC heap after
Heap after GC invocations=21 (full 2):
 PSYoungGen      total 67584K, used 1083K [0x00000000f5980000, 0x00000000fe300000, 0x0000000100000000)
  eden space 66048K, 0% used [0x00000000f5980000,0x00000000f5980000,0x00000000f9a00000)
  from space 1536K, 70% used [0x00000000f9c00000,0x00000000f9d0efd0,0x00000000f9d80000)
  to   space 37376K, 0% used [0x00000000fbe80000,0x00000000fbe80000,0x00000000fe300000)
 ParOldGen       total 120832K, used 64585K [0x00000000e0c00000, 0x00000000e8200000, 0x00000000f5980000)
  object space 120832K, 53% used [0x00000000e0c00000,0x00000000e4b124b8,0x00000000e8200000)
 Metaspace       used 24072K, capacity 24296K, committed 24448K, reserved 1071104K
  class space    used 2048K, capacity 2108K, committed 2176K, reserved 1048576K
}
Event: 62.897 GC heap before
{Heap before GC invocations=22 (full 2):
 PSYoungGen      total 67584K, used 67131K [0x00000000f5980000, 0x00000000fe300000, 0x0000000100000000)
  eden space 66048K, 100% used [0x00000000f5980000,0x00000000f9a00000,0x00000000f9a00000)
  from space 1536K, 70% used [0x00000000f9c00000,0x00000000f9d0efd0,0x00000000f9d80000)
  to   space 37376K, 0% used [0x00000000fbe80000,0x00000000fbe80000,0x00000000fe300000)
 ParOldGen       total 120832K, used 64585K [0x00000000e0c00000, 0x00000000e8200000, 0x00000000f5980000)
  object space 120832K, 53% used [0x00000000e0c00000,0x00000000e4b124b8,0x00000000e8200000)
 Metaspace       used 24072K, capacity 24296K, committed 24448K, reserved 1071104K
  class space    used 2048K, capacity 2108K, committed 2176K, reserved 1048576K
Event: 62.900 GC heap after
Heap after GC invocations=22 (full 2):
 PSYoungGen      total 95232K, used 1147K [0x00000000f5980000, 0x00000000fdd00000, 0x0000000100000000)
  eden space 64000K, 0% used [0x00000000f5980000,0x00000000f5980000,0x00000000f9800000)
  from space 31232K, 3% used [0x00000000fbe80000,0x00000000fbf9efd0,0x00000000fdd00000)
  to   space 35328K, 0% used [0x00000000f9800000,0x00000000f9800000,0x00000000fba80000)
 ParOldGen       total 120832K, used 64585K [0x00000000e0c00000, 0x00000000e8200000, 0x00000000f5980000)
  object space 120832K, 53% used [0x00000000e0c00000,0x00000000e4b124b8,0x00000000e8200000)
 Metaspace       used 24072K, capacity 24296K, committed 24448K, reserved 1071104K
  class space    used 2048K, capacity 2108K, committed 2176K, reserved 1048576K
}

