# JRE version: Java(TM) SE Runtime Environment (8.0_202-b08) (build 1.8.0_202-b08)
# Java VM: Java HotSpot(TM) 64-Bit Server VM (25.202-b08 mixed mode windows-amd64 compressed oops)
Heap:
 PSYoungGen      total 31744K, used 29314K [0x00000000f6a00000, 0x00000000f9b80000, 0x0000000100000000)
  eden space 31232K, 92% used [0x00000000f6a00000,0x00000000f863ea28,0x00000000f8880000)
  from space 512K, 76% used [0x00000000f8900000,0x00000000f8961fc0,0x00000000f8980000)
  to   space 9728K, 0% used [0x00000000f9200000,0x00000000f9200000,0x00000000f9b80000)
 ParOldGen       total 125952K, used 62672K [0x00000000e3e00000, 0x00000000eb900000, 0x00000000f6a00000)
  object space 125952K, 49% used [0x00000000e3e00000,0x00000000e7b341a0,0x00000000eb900000)
 Metaspace       used 23950K, capacity 24206K, committed 24448K, reserved 1071104K
  class space    used 2045K, capacity 2141K, committed 2176K, reserved 1048576K
GC Heap History (10 events):
Event: 95.927 GC heap before
{Heap before GC invocations=41 (full 2):
 PSYoungGen      total 46080K, used 34151K [0x00000000f6a00000, 0x00000000fa600000, 0x0000000100000000)
  eden space 33792K, 100% used [0x00000000f6a00000,0x00000000f8b00000,0x00000000f8b00000)
  from space 12288K, 2% used [0x00000000f9a00000,0x00000000f9a59fc0,0x00000000fa600000)
  to   space 13824K, 0% used [0x00000000f8b00000,0x00000000f8b00000,0x00000000f9880000)
 ParOldGen       total 125952K, used 62664K [0x00000000e3e00000, 0x00000000eb900000, 0x00000000f6a00000)
  object space 125952K, 49% used [0x00000000e3e00000,0x00000000e7b321a0,0x00000000eb900000)
 Metaspace       used 23891K, capacity 24104K, committed 24448K, reserved 1071104K
  class space    used 2038K, capacity 2108K, committed 2176K, reserved 1048576K
Event: 95.929 GC heap after
Heap after GC invocations=41 (full 2):
 PSYoungGen      total 33792K, used 423K [0x00000000f6a00000, 0x00000000fa380000, 0x0000000100000000)
  eden space 33280K, 0% used [0x00000000f6a00000,0x00000000f6a00000,0x00000000f8a80000)
  from space 512K, 82% used [0x00000000f8b00000,0x00000000f8b69fc0,0x00000000f8b80000)
  to   space 12800K, 0% used [0x00000000f9700000,0x00000000f9700000,0x00000000fa380000)
 ParOldGen       total 125952K, used 62664K [0x00000000e3e00000, 0x00000000eb900000, 0x00000000f6a00000)
  object space 125952K, 49% used [0x00000000e3e00000,0x00000000e7b321a0,0x00000000eb900000)
 Metaspace       used 23891K, capacity 24104K, committed 24448K, reserved 1071104K
  class space    used 2038K, capacity 2108K, committed 2176K, reserved 1048576K
}
Event: 98.918 GC heap before
{Heap before GC invocations=42 (full 2):
 PSYoungGen      total 33792K, used 33703K [0x00000000f6a00000, 0x00000000fa380000, 0x0000000100000000)
  eden space 33280K, 100% used [0x00000000f6a00000,0x00000000f8a80000,0x00000000f8a80000)
  from space 512K, 82% used [0x00000000f8b00000,0x00000000f8b69fc0,0x00000000f8b80000)
  to   space 12800K, 0% used [0x00000000f9700000,0x00000000f9700000,0x00000000fa380000)
 ParOldGen       total 125952K, used 62664K [0x00000000e3e00000, 0x00000000eb900000, 0x00000000f6a00000)
  object space 125952K, 49% used [0x00000000e3e00000,0x00000000e7b321a0,0x00000000eb900000)
 Metaspace       used 23891K, capacity 24104K, committed 24448K, reserved 1071104K
  class space    used 2038K, capacity 2108K, committed 2176K, reserved 1048576K
Event: 98.920 GC heap after
Heap after GC invocations=42 (full 2):
 PSYoungGen      total 43008K, used 405K [0x00000000f6a00000, 0x00000000fa100000, 0x0000000100000000)
  eden space 32768K, 0% used [0x00000000f6a00000,0x00000000f6a00000,0x00000000f8a00000)
  from space 10240K, 3% used [0x00000000f9700000,0x00000000f97657d0,0x00000000fa100000)
  to   space 11776K, 0% used [0x00000000f8a00000,0x00000000f8a00000,0x00000000f9580000)
 ParOldGen       total 125952K, used 62664K [0x00000000e3e00000, 0x00000000eb900000, 0x00000000f6a00000)
  object space 125952K, 49% used [0x00000000e3e00000,0x00000000e7b321a0,0x00000000eb900000)
 Metaspace       used 23891K, capacity 24104K, committed 24448K, reserved 1071104K
  class space    used 2038K, capacity 2108K, committed 2176K, reserved 1048576K
}
Event: 101.786 GC heap before
{Heap before GC invocations=43 (full 2):
 PSYoungGen      total 43008K, used 33173K [0x00000000f6a00000, 0x00000000fa100000, 0x0000000100000000)
  eden space 32768K, 100% used [0x00000000f6a00000,0x00000000f8a00000,0x00000000f8a00000)
  from space 10240K, 3% used [0x00000000f9700000,0x00000000f97657d0,0x00000000fa100000)
  to   space 11776K, 0% used [0x00000000f8a00000,0x00000000f8a00000,0x00000000f9580000)
 ParOldGen       total 125952K, used 62664K [0x00000000e3e00000, 0x00000000eb900000, 0x00000000f6a00000)
  object space 125952K, 49% used [0x00000000e3e00000,0x00000000e7b321a0,0x00000000eb900000)
 Metaspace       used 23891K, capacity 24104K, committed 24448K, reserved 1071104K
  class space    used 2038K, capacity 2108K, committed 2176K, reserved 1048576K
Event: 101.788 GC heap after
Heap after GC invocations=43 (full 2):
 PSYoungGen      total 32768K, used 391K [0x00000000f6a00000, 0x00000000f9f80000, 0x0000000100000000)
  eden space 32256K, 0% used [0x00000000f6a00000,0x00000000f6a00000,0x00000000f8980000)
  from space 512K, 76% used [0x00000000f8a00000,0x00000000f8a61fc0,0x00000000f8a80000)
  to   space 11264K, 0% used [0x00000000f9480000,0x00000000f9480000,0x00000000f9f80000)
 ParOldGen       total 125952K, used 62664K [0x00000000e3e00000, 0x00000000eb900000, 0x00000000f6a00000)
  object space 125952K, 49% used [0x00000000e3e00000,0x00000000e7b321a0,0x00000000eb900000)
 Metaspace       used 23891K, capacity 24104K, committed 24448K, reserved 1071104K
  class space    used 2038K, capacity 2108K, committed 2176K, reserved 1048576K
}
Event: 104.697 GC heap before
{Heap before GC invocations=44 (full 2):
 PSYoungGen      total 32768K, used 32647K [0x00000000f6a00000, 0x00000000f9f80000, 0x0000000100000000)
  eden space 32256K, 100% used [0x00000000f6a00000,0x00000000f8980000,0x00000000f8980000)
  from space 512K, 76% used [0x00000000f8a00000,0x00000000f8a61fc0,0x00000000f8a80000)
  to   space 11264K, 0% used [0x00000000f9480000,0x00000000f9480000,0x00000000f9f80000)
 ParOldGen       total 125952K, used 62664K [0x00000000e3e00000, 0x00000000eb900000, 0x00000000f6a00000)
  object space 125952K, 49% used [0x00000000e3e00000,0x00000000e7b321a0,0x00000000eb900000)
 Metaspace       used 23891K, capacity 24104K, committed 24448K, reserved 1071104K
  class space    used 2038K, capacity 2108K, committed 2176K, reserved 1048576K
Event: 104.699 GC heap after
Heap after GC invocations=44 (full 2):
 PSYoungGen      total 40448K, used 391K [0x00000000f6a00000, 0x00000000f9d00000, 0x0000000100000000)
  eden space 31744K, 0% used [0x00000000f6a00000,0x00000000f6a00000,0x00000000f8900000)
  from space 8704K, 4% used [0x00000000f9480000,0x00000000f94e1fc0,0x00000000f9d00000)
  to   space 10240K, 0% used [0x00000000f8900000,0x00000000f8900000,0x00000000f9300000)
 ParOldGen       total 125952K, used 62672K [0x00000000e3e00000, 0x00000000eb900000, 0x00000000f6a00000)
  object space 125952K, 49% used [0x00000000e3e00000,0x00000000e7b341a0,0x00000000eb900000)
 Metaspace       used 23891K, capacity 24104K, committed 24448K, reserved 1071104K
  class space    used 2038K, capacity 2108K, committed 2176K, reserved 1048576K
}
Event: 107.564 GC heap before
{Heap before GC invocations=45 (full 2):
 PSYoungGen      total 40448K, used 32135K [0x00000000f6a00000, 0x00000000f9d00000, 0x0000000100000000)
  eden space 31744K, 100% used [0x00000000f6a00000,0x00000000f8900000,0x00000000f8900000)
  from space 8704K, 4% used [0x00000000f9480000,0x00000000f94e1fc0,0x00000000f9d00000)
  to   space 10240K, 0% used [0x00000000f8900000,0x00000000f8900000,0x00000000f9300000)
 ParOldGen       total 125952K, used 62672K [0x00000000e3e00000, 0x00000000eb900000, 0x00000000f6a00000)
  object space 125952K, 49% used [0x00000000e3e00000,0x00000000e7b341a0,0x00000000eb900000)
 Metaspace       used 23891K, capacity 24104K, committed 24448K, reserved 1071104K
  class space    used 2038K, capacity 2108K, committed 2176K, reserved 1048576K
Event: 107.567 GC heap after
Heap after GC invocations=45 (full 2):
 PSYoungGen      total 31744K, used 391K [0x00000000f6a00000, 0x00000000f9b80000, 0x0000000100000000)
  eden space 31232K, 0% used [0x00000000f6a00000,0x00000000f6a00000,0x00000000f8880000)
  from space 512K, 76% used [0x00000000f8900000,0x00000000f8961fc0,0x00000000f8980000)
  to   space 9728K, 0% used [0x00000000f9200000,0x00000000f9200000,0x00000000f9b80000)
 ParOldGen       total 125952K, used 62672K [0x00000000e3e00000, 0x00000000eb900000, 0x00000000f6a00000)
  object space 125952K, 49% used [0x00000000e3e00000,0x00000000e7b341a0,0x00000000eb900000)
 Metaspace       used 23891K, capacity 24104K, committed 24448K, reserved 1071104K
  class space    used 2038K, capacity 2108K, committed 2176K, reserved 1048576K
}

