# JRE version: Java(TM) SE Runtime Environment (8.0_202-b08) (build 1.8.0_202-b08)
# Java VM: Java HotSpot(TM) 64-Bit Server VM (25.202-b08 mixed mode windows-amd64 compressed oops)
Heap:
 PSYoungGen      total 89088K, used 72313K [0x00000000f5980000, 0x00000000fff80000, 0x0000000100000000)
  eden space 57344K, 77% used [0x00000000f5980000,0x00000000f851af98,0x00000000f9180000)
  from space 31744K, 87% used [0x00000000f9180000,0x00000000fac836b8,0x00000000fb080000)
  to   space 36352K, 0% used [0x00000000fdc00000,0x00000000fdc00000,0x00000000fff80000)
 ParOldGen       total 79872K, used 31451K [0x00000000e0c00000, 0x00000000e5a00000, 0x00000000f5980000)
  object space 79872K, 39% used [0x00000000e0c00000,0x00000000e2ab6c68,0x00000000e5a00000)
 Metaspace       used 20809K, capacity 21014K, committed 21120K, reserved 1069056K
  class space    used 1818K, capacity 1893K, committed 1920K, reserved 1048576K
GC Heap History (10 events):
Event: 4.251 GC heap before
{Heap before GC invocations=4 (full 0):
 PSYoungGen      total 18944K, used 17656K [0x00000000f5980000, 0x00000000f7e80000, 0x0000000100000000)
  eden space 16384K, 92% used [0x00000000f5980000,0x00000000f6841518,0x00000000f6980000)
  from space 2560K, 99% used [0x00000000f6980000,0x00000000f6bfcd48,0x00000000f6c00000)
  to   space 2560K, 0% used [0x00000000f7c00000,0x00000000f7c00000,0x00000000f7e80000)
 ParOldGen       total 44032K, used 4365K [0x00000000e0c00000, 0x00000000e3700000, 0x00000000f5980000)
  object space 44032K, 9% used [0x00000000e0c00000,0x00000000e10437f8,0x00000000e3700000)
 Metaspace       used 18653K, capacity 18850K, committed 19072K, reserved 1067008K
  class space    used 1705K, capacity 1795K, committed 1920K, reserved 1048576K
Event: 4.262 GC heap after
Heap after GC invocations=4 (full 0):
 PSYoungGen      total 35328K, used 2538K [0x00000000f5980000, 0x00000000f7e80000, 0x0000000100000000)
  eden space 32768K, 0% used [0x00000000f5980000,0x00000000f5980000,0x00000000f7980000)
  from space 2560K, 99% used [0x00000000f7c00000,0x00000000f7e7a870,0x00000000f7e80000)
  to   space 2560K, 0% used [0x00000000f7980000,0x00000000f7980000,0x00000000f7c00000)
 ParOldGen       total 44032K, used 18480K [0x00000000e0c00000, 0x00000000e3700000, 0x00000000f5980000)
  object space 44032K, 41% used [0x00000000e0c00000,0x00000000e1e0c100,0x00000000e3700000)
 Metaspace       used 18653K, capacity 18850K, committed 19072K, reserved 1067008K
  class space    used 1705K, capacity 1795K, committed 1920K, reserved 1048576K
}
Event: 4.833 GC heap before
{Heap before GC invocations=5 (full 0):
 PSYoungGen      total 35328K, used 34423K [0x00000000f5980000, 0x00000000f7e80000, 0x0000000100000000)
  eden space 32768K, 97% used [0x00000000f5980000,0x00000000f78a34b0,0x00000000f7980000)
  from space 2560K, 99% used [0x00000000f7c00000,0x00000000f7e7a870,0x00000000f7e80000)
  to   space 2560K, 0% used [0x00000000f7980000,0x00000000f7980000,0x00000000f7c00000)
 ParOldGen       total 44032K, used 18480K [0x00000000e0c00000, 0x00000000e3700000, 0x00000000f5980000)
  object space 44032K, 41% used [0x00000000e0c00000,0x00000000e1e0c100,0x00000000e3700000)
 Metaspace       used 18868K, capacity 19042K, committed 19328K, reserved 1067008K
  class space    used 1723K, capacity 1795K, committed 1920K, reserved 1048576K
Event: 4.853 GC heap after
Heap after GC invocations=5 (full 0):
 PSYoungGen      total 35328K, used 2539K [0x00000000f5980000, 0x00000000fd280000, 0x0000000100000000)
  eden space 32768K, 0% used [0x00000000f5980000,0x00000000f5980000,0x00000000f7980000)
  from space 2560K, 99% used [0x00000000f7980000,0x00000000f7bfae60,0x00000000f7c00000)
  to   space 29184K, 0% used [0x00000000fb600000,0x00000000fb600000,0x00000000fd280000)
 ParOldGen       total 47104K, used 46491K [0x00000000e0c00000, 0x00000000e3a00000, 0x00000000f5980000)
  object space 47104K, 98% used [0x00000000e0c00000,0x00000000e3966c68,0x00000000e3a00000)
 Metaspace       used 18868K, capacity 19042K, committed 19328K, reserved 1067008K
  class space    used 1723K, capacity 1795K, committed 1920K, reserved 1048576K
}
Event: 4.853 GC heap before
{Heap before GC invocations=6 (full 1):
 PSYoungGen      total 35328K, used 2539K [0x00000000f5980000, 0x00000000fd280000, 0x0000000100000000)
  eden space 32768K, 0% used [0x00000000f5980000,0x00000000f5980000,0x00000000f7980000)
  from space 2560K, 99% used [0x00000000f7980000,0x00000000f7bfae60,0x00000000f7c00000)
  to   space 29184K, 0% used [0x00000000fb600000,0x00000000fb600000,0x00000000fd280000)
 ParOldGen       total 47104K, used 46491K [0x00000000e0c00000, 0x00000000e3a00000, 0x00000000f5980000)
  object space 47104K, 98% used [0x00000000e0c00000,0x00000000e3966c68,0x00000000e3a00000)
 Metaspace       used 18868K, capacity 19042K, committed 19328K, reserved 1067008K
  class space    used 1723K, capacity 1795K, committed 1920K, reserved 1048576K
Event: 4.896 GC heap after
Heap after GC invocations=6 (full 1):
 PSYoungGen      total 35328K, used 0K [0x00000000f5980000, 0x00000000fd280000, 0x0000000100000000)
  eden space 32768K, 0% used [0x00000000f5980000,0x00000000f5980000,0x00000000f7980000)
  from space 2560K, 0% used [0x00000000f7980000,0x00000000f7980000,0x00000000f7c00000)
  to   space 29184K, 0% used [0x00000000fb600000,0x00000000fb600000,0x00000000fd280000)
 ParOldGen       total 79872K, used 31435K [0x00000000e0c00000, 0x00000000e5a00000, 0x00000000f5980000)
  object space 79872K, 39% used [0x00000000e0c00000,0x00000000e2ab2c68,0x00000000e5a00000)
 Metaspace       used 18868K, capacity 19042K, committed 19328K, reserved 1067008K
  class space    used 1723K, capacity 1795K, committed 1920K, reserved 1048576K
}
Event: 5.049 GC heap before
{Heap before GC invocations=7 (full 1):
 PSYoungGen      total 35328K, used 31516K [0x00000000f5980000, 0x00000000fd280000, 0x0000000100000000)
  eden space 32768K, 96% used [0x00000000f5980000,0x00000000f7847140,0x00000000f7980000)
  from space 2560K, 0% used [0x00000000f7980000,0x00000000f7980000,0x00000000f7c00000)
  to   space 29184K, 0% used [0x00000000fb600000,0x00000000fb600000,0x00000000fd280000)
 ParOldGen       total 79872K, used 31435K [0x00000000e0c00000, 0x00000000e5a00000, 0x00000000f5980000)
  object space 79872K, 39% used [0x00000000e0c00000,0x00000000e2ab2c68,0x00000000e5a00000)
 Metaspace       used 18938K, capacity 19170K, committed 19584K, reserved 1067008K
  class space    used 1727K, capacity 1795K, committed 1920K, reserved 1048576K
Event: 5.057 GC heap after
Heap after GC invocations=7 (full 1):
 PSYoungGen      total 83456K, used 21323K [0x00000000f5980000, 0x00000000fcf80000, 0x0000000100000000)
  eden space 57344K, 0% used [0x00000000f5980000,0x00000000f5980000,0x00000000f9180000)
  from space 26112K, 81% used [0x00000000fb600000,0x00000000fcad2f20,0x00000000fcf80000)
  to   space 31744K, 0% used [0x00000000f9180000,0x00000000f9180000,0x00000000fb080000)
 ParOldGen       total 79872K, used 31443K [0x00000000e0c00000, 0x00000000e5a00000, 0x00000000f5980000)
  object space 79872K, 39% used [0x00000000e0c00000,0x00000000e2ab4c68,0x00000000e5a00000)
 Metaspace       used 18938K, capacity 19170K, committed 19584K, reserved 1067008K
  class space    used 1727K, capacity 1795K, committed 1920K, reserved 1048576K
}
Event: 8.553 GC heap before
{Heap before GC invocations=8 (full 1):
 PSYoungGen      total 83456K, used 78667K [0x00000000f5980000, 0x00000000fcf80000, 0x0000000100000000)
  eden space 57344K, 100% used [0x00000000f5980000,0x00000000f9180000,0x00000000f9180000)
  from space 26112K, 81% used [0x00000000fb600000,0x00000000fcad2f20,0x00000000fcf80000)
  to   space 31744K, 0% used [0x00000000f9180000,0x00000000f9180000,0x00000000fb080000)
 ParOldGen       total 79872K, used 31443K [0x00000000e0c00000, 0x00000000e5a00000, 0x00000000f5980000)
  object space 79872K, 39% used [0x00000000e0c00000,0x00000000e2ab4c68,0x00000000e5a00000)
 Metaspace       used 20316K, capacity 20502K, committed 20608K, reserved 1069056K
  class space    used 1818K, capacity 1893K, committed 1920K, reserved 1048576K
Event: 8.562 GC heap after
Heap after GC invocations=8 (full 1):
 PSYoungGen      total 89088K, used 27661K [0x00000000f5980000, 0x00000000fff80000, 0x0000000100000000)
  eden space 57344K, 0% used [0x00000000f5980000,0x00000000f5980000,0x00000000f9180000)
  from space 31744K, 87% used [0x00000000f9180000,0x00000000fac836b8,0x00000000fb080000)
  to   space 36352K, 0% used [0x00000000fdc00000,0x00000000fdc00000,0x00000000fff80000)
 ParOldGen       total 79872K, used 31451K [0x00000000e0c00000, 0x00000000e5a00000, 0x00000000f5980000)
  object space 79872K, 39% used [0x00000000e0c00000,0x00000000e2ab6c68,0x00000000e5a00000)
 Metaspace       used 20316K, capacity 20502K, committed 20608K, reserved 1069056K
  class space    used 1818K, capacity 1893K, committed 1920K, reserved 1048576K
}

