# JRE version: Java(TM) SE Runtime Environment (8.0_202-b08) (build 1.8.0_202-b08)
# Java VM: Java HotSpot(TM) 64-Bit Server VM (25.202-b08 mixed mode windows-amd64 compressed oops)
Heap:
 PSYoungGen      total 61440K, used 31082K [0x00000000f5980000, 0x00000000fd400000, 0x0000000100000000)
  eden space 59904K, 49% used [0x00000000f5980000,0x00000000f766b9d8,0x00000000f9400000)
  from space 1536K, 95% used [0x00000000f9580000,0x00000000f96eefd0,0x00000000f9700000)
  to   space 32768K, 0% used [0x00000000fb400000,0x00000000fb400000,0x00000000fd400000)
 ParOldGen       total 122368K, used 64154K [0x00000000e0c00000, 0x00000000e8380000, 0x00000000f5980000)
  object space 122368K, 52% used [0x00000000e0c00000,0x00000000e4aa68a8,0x00000000e8380000)
 Metaspace       used 24161K, capacity 24360K, committed 24704K, reserved 1071104K
  class space    used 2047K, capacity 2108K, committed 2176K, reserved 1048576K
GC Heap History (10 events):
Event: 65.713 GC heap before
{Heap before GC invocations=19 (full 2):
 PSYoungGen      total 107520K, used 70368K [0x00000000f5980000, 0x00000000fed80000, 0x0000000100000000)
  eden space 69632K, 100% used [0x00000000f5980000,0x00000000f9d80000,0x00000000f9d80000)
  from space 37888K, 1% used [0x00000000fc880000,0x00000000fc938000,0x00000000fed80000)
  to   space 40960K, 0% used [0x00000000f9d80000,0x00000000f9d80000,0x00000000fc580000)
 ParOldGen       total 122368K, used 64114K [0x00000000e0c00000, 0x00000000e8380000, 0x00000000f5980000)
  object space 122368K, 52% used [0x00000000e0c00000,0x00000000e4a9c8a8,0x00000000e8380000)
 Metaspace       used 23375K, capacity 23688K, committed 23936K, reserved 1071104K
  class space    used 1983K, capacity 2076K, committed 2176K, reserved 1048576K
Event: 65.717 GC heap after
Heap after GC invocations=19 (full 2):
 PSYoungGen      total 68608K, used 885K [0x00000000f5980000, 0x00000000fe880000, 0x0000000100000000)
  eden space 67584K, 0% used [0x00000000f5980000,0x00000000f5980000,0x00000000f9b80000)
  from space 1024K, 86% used [0x00000000f9d80000,0x00000000f9e5d7d0,0x00000000f9e80000)
  to   space 39424K, 0% used [0x00000000fc200000,0x00000000fc200000,0x00000000fe880000)
 ParOldGen       total 122368K, used 64122K [0x00000000e0c00000, 0x00000000e8380000, 0x00000000f5980000)
  object space 122368K, 52% used [0x00000000e0c00000,0x00000000e4a9e8a8,0x00000000e8380000)
 Metaspace       used 23375K, capacity 23688K, committed 23936K, reserved 1071104K
  class space    used 1983K, capacity 2076K, committed 2176K, reserved 1048576K
}
Event: 70.392 GC heap before
{Heap before GC invocations=20 (full 2):
 PSYoungGen      total 68608K, used 68469K [0x00000000f5980000, 0x00000000fe880000, 0x0000000100000000)
  eden space 67584K, 100% used [0x00000000f5980000,0x00000000f9b80000,0x00000000f9b80000)
  from space 1024K, 86% used [0x00000000f9d80000,0x00000000f9e5d7d0,0x00000000f9e80000)
  to   space 39424K, 0% used [0x00000000fc200000,0x00000000fc200000,0x00000000fe880000)
 ParOldGen       total 122368K, used 64122K [0x00000000e0c00000, 0x00000000e8380000, 0x00000000f5980000)
  object space 122368K, 52% used [0x00000000e0c00000,0x00000000e4a9e8a8,0x00000000e8380000)
 Metaspace       used 24037K, capacity 24232K, committed 24448K, reserved 1071104K
  class space    used 2047K, capacity 2108K, committed 2176K, reserved 1048576K
Event: 70.395 GC heap after
Heap after GC invocations=20 (full 2):
 PSYoungGen      total 99840K, used 1421K [0x00000000f5980000, 0x00000000fe380000, 0x0000000100000000)
  eden space 65536K, 0% used [0x00000000f5980000,0x00000000f5980000,0x00000000f9980000)
  from space 34304K, 4% used [0x00000000fc200000,0x00000000fc363538,0x00000000fe380000)
  to   space 37888K, 0% used [0x00000000f9980000,0x00000000f9980000,0x00000000fbe80000)
 ParOldGen       total 122368K, used 64130K [0x00000000e0c00000, 0x00000000e8380000, 0x00000000f5980000)
  object space 122368K, 52% used [0x00000000e0c00000,0x00000000e4aa08a8,0x00000000e8380000)
 Metaspace       used 24037K, capacity 24232K, committed 24448K, reserved 1071104K
  class space    used 2047K, capacity 2108K, committed 2176K, reserved 1048576K
}
Event: 75.374 GC heap before
{Heap before GC invocations=21 (full 2):
 PSYoungGen      total 99840K, used 66957K [0x00000000f5980000, 0x00000000fe380000, 0x0000000100000000)
  eden space 65536K, 100% used [0x00000000f5980000,0x00000000f9980000,0x00000000f9980000)
  from space 34304K, 4% used [0x00000000fc200000,0x00000000fc363538,0x00000000fe380000)
  to   space 37888K, 0% used [0x00000000f9980000,0x00000000f9980000,0x00000000fbe80000)
 ParOldGen       total 122368K, used 64130K [0x00000000e0c00000, 0x00000000e8380000, 0x00000000f5980000)
  object space 122368K, 52% used [0x00000000e0c00000,0x00000000e4aa08a8,0x00000000e8380000)
 Metaspace       used 24093K, capacity 24296K, committed 24448K, reserved 1071104K
  class space    used 2047K, capacity 2108K, committed 2176K, reserved 1048576K
Event: 75.376 GC heap after
Heap after GC invocations=21 (full 2):
 PSYoungGen      total 65024K, used 1205K [0x00000000f5980000, 0x00000000fde80000, 0x0000000100000000)
  eden space 63488K, 0% used [0x00000000f5980000,0x00000000f5980000,0x00000000f9780000)
  from space 1536K, 78% used [0x00000000f9980000,0x00000000f9aad7d0,0x00000000f9b00000)
  to   space 36352K, 0% used [0x00000000fbb00000,0x00000000fbb00000,0x00000000fde80000)
 ParOldGen       total 122368K, used 64138K [0x00000000e0c00000, 0x00000000e8380000, 0x00000000f5980000)
  object space 122368K, 52% used [0x00000000e0c00000,0x00000000e4aa28a8,0x00000000e8380000)
 Metaspace       used 24093K, capacity 24296K, committed 24448K, reserved 1071104K
  class space    used 2047K, capacity 2108K, committed 2176K, reserved 1048576K
}
Event: 80.389 GC heap before
{Heap before GC invocations=22 (full 2):
 PSYoungGen      total 65024K, used 64693K [0x00000000f5980000, 0x00000000fde80000, 0x0000000100000000)
  eden space 63488K, 100% used [0x00000000f5980000,0x00000000f9780000,0x00000000f9780000)
  from space 1536K, 78% used [0x00000000f9980000,0x00000000f9aad7d0,0x00000000f9b00000)
  to   space 36352K, 0% used [0x00000000fbb00000,0x00000000fbb00000,0x00000000fde80000)
 ParOldGen       total 122368K, used 64138K [0x00000000e0c00000, 0x00000000e8380000, 0x00000000f5980000)
  object space 122368K, 52% used [0x00000000e0c00000,0x00000000e4aa28a8,0x00000000e8380000)
 Metaspace       used 24153K, capacity 24360K, committed 24704K, reserved 1071104K
  class space    used 2047K, capacity 2108K, committed 2176K, reserved 1048576K
Event: 80.392 GC heap after
Heap after GC invocations=22 (full 2):
 PSYoungGen      total 91648K, used 1397K [0x00000000f5980000, 0x00000000fd880000, 0x0000000100000000)
  eden space 61440K, 0% used [0x00000000f5980000,0x00000000f5980000,0x00000000f9580000)
  from space 30208K, 4% used [0x00000000fbb00000,0x00000000fbc5d7d0,0x00000000fd880000)
  to   space 34304K, 0% used [0x00000000f9580000,0x00000000f9580000,0x00000000fb700000)
 ParOldGen       total 122368K, used 64146K [0x00000000e0c00000, 0x00000000e8380000, 0x00000000f5980000)
  object space 122368K, 52% used [0x00000000e0c00000,0x00000000e4aa48a8,0x00000000e8380000)
 Metaspace       used 24153K, capacity 24360K, committed 24704K, reserved 1071104K
  class space    used 2047K, capacity 2108K, committed 2176K, reserved 1048576K
}
Event: 85.354 GC heap before
{Heap before GC invocations=23 (full 2):
 PSYoungGen      total 91648K, used 62837K [0x00000000f5980000, 0x00000000fd880000, 0x0000000100000000)
  eden space 61440K, 100% used [0x00000000f5980000,0x00000000f9580000,0x00000000f9580000)
  from space 30208K, 4% used [0x00000000fbb00000,0x00000000fbc5d7d0,0x00000000fd880000)
  to   space 34304K, 0% used [0x00000000f9580000,0x00000000f9580000,0x00000000fb700000)
 ParOldGen       total 122368K, used 64146K [0x00000000e0c00000, 0x00000000e8380000, 0x00000000f5980000)
  object space 122368K, 52% used [0x00000000e0c00000,0x00000000e4aa48a8,0x00000000e8380000)
 Metaspace       used 24156K, capacity 24360K, committed 24704K, reserved 1071104K
  class space    used 2047K, capacity 2108K, committed 2176K, reserved 1048576K
Event: 85.357 GC heap after
Heap after GC invocations=23 (full 2):
 PSYoungGen      total 61440K, used 1467K [0x00000000f5980000, 0x00000000fd400000, 0x0000000100000000)
  eden space 59904K, 0% used [0x00000000f5980000,0x00000000f5980000,0x00000000f9400000)
  from space 1536K, 95% used [0x00000000f9580000,0x00000000f96eefd0,0x00000000f9700000)
  to   space 32768K, 0% used [0x00000000fb400000,0x00000000fb400000,0x00000000fd400000)
 ParOldGen       total 122368K, used 64154K [0x00000000e0c00000, 0x00000000e8380000, 0x00000000f5980000)
  object space 122368K, 52% used [0x00000000e0c00000,0x00000000e4aa68a8,0x00000000e8380000)
 Metaspace       used 24156K, capacity 24360K, committed 24704K, reserved 1071104K
  class space    used 2047K, capacity 2108K, committed 2176K, reserved 1048576K
}

