# JRE version: Java(TM) SE Runtime Environment (8.0_202-b08) (build 1.8.0_202-b08)
# Java VM: Java HotSpot(TM) 64-Bit Server VM (25.202-b08 mixed mode windows-amd64 compressed oops)
Heap:
 PSYoungGen      total 78336K, used 3685K [0x00000000f5980000, 0x00000000fc180000, 0x0000000100000000)
  eden space 56320K, 3% used [0x00000000f5980000,0x00000000f5b39c70,0x00000000f9080000)
  from space 22016K, 8% used [0x00000000fac00000,0x00000000faddf7e0,0x00000000fc180000)
  to   space 25088K, 0% used [0x00000000f9080000,0x00000000f9080000,0x00000000fa900000)
 ParOldGen       total 121856K, used 63846K [0x00000000e0c00000, 0x00000000e8300000, 0x00000000f5980000)
  object space 121856K, 52% used [0x00000000e0c00000,0x00000000e4a59ae0,0x00000000e8300000)
 Metaspace       used 24116K, capacity 24296K, committed 24448K, reserved 1071104K
  class space    used 2048K, capacity 2108K, committed 2176K, reserved 1048576K
GC Heap History (10 events):
Event: 72.423 GC heap before
{Heap before GC invocations=24 (full 2):
 PSYoungGen      total 66560K, used 66101K [0x00000000f5980000, 0x00000000fd980000, 0x0000000100000000)
  eden space 64512K, 100% used [0x00000000f5980000,0x00000000f9880000,0x00000000f9880000)
  from space 2048K, 77% used [0x00000000f9a80000,0x00000000f9c0d7d0,0x00000000f9c80000)
  to   space 33280K, 0% used [0x00000000fb900000,0x00000000fb900000,0x00000000fd980000)
 ParOldGen       total 121856K, used 63766K [0x00000000e0c00000, 0x00000000e8300000, 0x00000000f5980000)
  object space 121856K, 52% used [0x00000000e0c00000,0x00000000e4a45ae0,0x00000000e8300000)
 Metaspace       used 24111K, capacity 24296K, committed 24448K, reserved 1071104K
  class space    used 2048K, capacity 2108K, committed 2176K, reserved 1048576K
Event: 72.426 GC heap after
Heap after GC invocations=24 (full 2):
 PSYoungGen      total 90624K, used 1621K [0x00000000f5980000, 0x00000000fd480000, 0x0000000100000000)
  eden space 62464K, 0% used [0x00000000f5980000,0x00000000f5980000,0x00000000f9680000)
  from space 28160K, 5% used [0x00000000fb900000,0x00000000fba957d0,0x00000000fd480000)
  to   space 31744K, 0% used [0x00000000f9680000,0x00000000f9680000,0x00000000fb580000)
 ParOldGen       total 121856K, used 63766K [0x00000000e0c00000, 0x00000000e8300000, 0x00000000f5980000)
  object space 121856K, 52% used [0x00000000e0c00000,0x00000000e4a45ae0,0x00000000e8300000)
 Metaspace       used 24111K, capacity 24296K, committed 24448K, reserved 1071104K
  class space    used 2048K, capacity 2108K, committed 2176K, reserved 1048576K
}
Event: 77.331 GC heap before
{Heap before GC invocations=25 (full 2):
 PSYoungGen      total 90624K, used 64085K [0x00000000f5980000, 0x00000000fd480000, 0x0000000100000000)
  eden space 62464K, 100% used [0x00000000f5980000,0x00000000f9680000,0x00000000f9680000)
  from space 28160K, 5% used [0x00000000fb900000,0x00000000fba957d0,0x00000000fd480000)
  to   space 31744K, 0% used [0x00000000f9680000,0x00000000f9680000,0x00000000fb580000)
 ParOldGen       total 121856K, used 63766K [0x00000000e0c00000, 0x00000000e8300000, 0x00000000f5980000)
  object space 121856K, 52% used [0x00000000e0c00000,0x00000000e4a45ae0,0x00000000e8300000)
 Metaspace       used 24113K, capacity 24296K, committed 24448K, reserved 1071104K
  class space    used 2048K, capacity 2108K, committed 2176K, reserved 1048576K
Event: 77.334 GC heap after
Heap after GC invocations=25 (full 2):
 PSYoungGen      total 62976K, used 1685K [0x00000000f5980000, 0x00000000fd000000, 0x0000000100000000)
  eden space 60928K, 0% used [0x00000000f5980000,0x00000000f5980000,0x00000000f9500000)
  from space 2048K, 82% used [0x00000000f9680000,0x00000000f98257d0,0x00000000f9880000)
  to   space 30208K, 0% used [0x00000000fb280000,0x00000000fb280000,0x00000000fd000000)
 ParOldGen       total 121856K, used 63766K [0x00000000e0c00000, 0x00000000e8300000, 0x00000000f5980000)
  object space 121856K, 52% used [0x00000000e0c00000,0x00000000e4a45ae0,0x00000000e8300000)
 Metaspace       used 24113K, capacity 24296K, committed 24448K, reserved 1071104K
  class space    used 2048K, capacity 2108K, committed 2176K, reserved 1048576K
}
Event: 80.862 GC heap before
{Heap before GC invocations=26 (full 2):
 PSYoungGen      total 62976K, used 62613K [0x00000000f5980000, 0x00000000fd000000, 0x0000000100000000)
  eden space 60928K, 100% used [0x00000000f5980000,0x00000000f9500000,0x00000000f9500000)
  from space 2048K, 82% used [0x00000000f9680000,0x00000000f98257d0,0x00000000f9880000)
  to   space 30208K, 0% used [0x00000000fb280000,0x00000000fb280000,0x00000000fd000000)
 ParOldGen       total 121856K, used 63766K [0x00000000e0c00000, 0x00000000e8300000, 0x00000000f5980000)
  object space 121856K, 52% used [0x00000000e0c00000,0x00000000e4a45ae0,0x00000000e8300000)
 Metaspace       used 24116K, capacity 24296K, committed 24448K, reserved 1071104K
  class space    used 2048K, capacity 2108K, committed 2176K, reserved 1048576K
Event: 80.864 GC heap after
Heap after GC invocations=26 (full 2):
 PSYoungGen      total 83968K, used 1789K [0x00000000f5980000, 0x00000000fca80000, 0x0000000100000000)
  eden space 59392K, 0% used [0x00000000f5980000,0x00000000f5980000,0x00000000f9380000)
  from space 24576K, 7% used [0x00000000fb280000,0x00000000fb43f7e0,0x00000000fca80000)
  to   space 28160K, 0% used [0x00000000f9380000,0x00000000f9380000,0x00000000faf00000)
 ParOldGen       total 121856K, used 63766K [0x00000000e0c00000, 0x00000000e8300000, 0x00000000f5980000)
  object space 121856K, 52% used [0x00000000e0c00000,0x00000000e4a45ae0,0x00000000e8300000)
 Metaspace       used 24116K, capacity 24296K, committed 24448K, reserved 1071104K
  class space    used 2048K, capacity 2108K, committed 2176K, reserved 1048576K
}
Event: 84.369 GC heap before
{Heap before GC invocations=27 (full 2):
 PSYoungGen      total 83968K, used 61181K [0x00000000f5980000, 0x00000000fca80000, 0x0000000100000000)
  eden space 59392K, 100% used [0x00000000f5980000,0x00000000f9380000,0x00000000f9380000)
  from space 24576K, 7% used [0x00000000fb280000,0x00000000fb43f7e0,0x00000000fca80000)
  to   space 28160K, 0% used [0x00000000f9380000,0x00000000f9380000,0x00000000faf00000)
 ParOldGen       total 121856K, used 63766K [0x00000000e0c00000, 0x00000000e8300000, 0x00000000f5980000)
  object space 121856K, 52% used [0x00000000e0c00000,0x00000000e4a45ae0,0x00000000e8300000)
 Metaspace       used 24116K, capacity 24296K, committed 24448K, reserved 1071104K
  class space    used 2048K, capacity 2108K, committed 2176K, reserved 1048576K
Event: 84.372 GC heap after
Heap after GC invocations=27 (full 2):
 PSYoungGen      total 59904K, used 1917K [0x00000000f5980000, 0x00000000fc600000, 0x0000000100000000)
  eden space 57856K, 0% used [0x00000000f5980000,0x00000000f5980000,0x00000000f9200000)
  from space 2048K, 93% used [0x00000000f9380000,0x00000000f955f7e0,0x00000000f9580000)
  to   space 26624K, 0% used [0x00000000fac00000,0x00000000fac00000,0x00000000fc600000)
 ParOldGen       total 121856K, used 63766K [0x00000000e0c00000, 0x00000000e8300000, 0x00000000f5980000)
  object space 121856K, 52% used [0x00000000e0c00000,0x00000000e4a45ae0,0x00000000e8300000)
 Metaspace       used 24116K, capacity 24296K, committed 24448K, reserved 1071104K
  class space    used 2048K, capacity 2108K, committed 2176K, reserved 1048576K
}
Event: 88.349 GC heap before
{Heap before GC invocations=28 (full 2):
 PSYoungGen      total 59904K, used 59773K [0x00000000f5980000, 0x00000000fc600000, 0x0000000100000000)
  eden space 57856K, 100% used [0x00000000f5980000,0x00000000f9200000,0x00000000f9200000)
  from space 2048K, 93% used [0x00000000f9380000,0x00000000f955f7e0,0x00000000f9580000)
  to   space 26624K, 0% used [0x00000000fac00000,0x00000000fac00000,0x00000000fc600000)
 ParOldGen       total 121856K, used 63766K [0x00000000e0c00000, 0x00000000e8300000, 0x00000000f5980000)
  object space 121856K, 52% used [0x00000000e0c00000,0x00000000e4a45ae0,0x00000000e8300000)
 Metaspace       used 24116K, capacity 24296K, committed 24448K, reserved 1071104K
  class space    used 2048K, capacity 2108K, committed 2176K, reserved 1048576K
Event: 88.352 GC heap after
Heap after GC invocations=28 (full 2):
 PSYoungGen      total 78336K, used 1917K [0x00000000f5980000, 0x00000000fc180000, 0x0000000100000000)
  eden space 56320K, 0% used [0x00000000f5980000,0x00000000f5980000,0x00000000f9080000)
  from space 22016K, 8% used [0x00000000fac00000,0x00000000faddf7e0,0x00000000fc180000)
  to   space 25088K, 0% used [0x00000000f9080000,0x00000000f9080000,0x00000000fa900000)
 ParOldGen       total 121856K, used 63846K [0x00000000e0c00000, 0x00000000e8300000, 0x00000000f5980000)
  object space 121856K, 52% used [0x00000000e0c00000,0x00000000e4a59ae0,0x00000000e8300000)
 Metaspace       used 24116K, capacity 24296K, committed 24448K, reserved 1071104K
  class space    used 2048K, capacity 2108K, committed 2176K, reserved 1048576K
}

