# JRE version: Java(TM) SE Runtime Environment (8.0_202-b08) (build 1.8.0_202-b08)
# Java VM: Java HotSpot(TM) 64-Bit Server VM (25.202-b08 mixed mode windows-amd64 compressed oops)
Heap:
 PSYoungGen      total 120320K, used 64504K [0x00000000f6a00000, 0x00000000fff00000, 0x0000000100000000)
  eden space 89088K, 71% used [0x00000000f6a00000,0x00000000fa81aad0,0x00000000fc100000)
  from space 31232K, 2% used [0x00000000fe080000,0x00000000fe163538,0x00000000fff00000)
  to   space 31744K, 0% used [0x00000000fc100000,0x00000000fc100000,0x00000000fe000000)
 ParOldGen       total 96768K, used 64574K [0x00000000e3e00000, 0x00000000e9c80000, 0x00000000f6a00000)
  object space 96768K, 66% used [0x00000000e3e00000,0x00000000e7d0f840,0x00000000e9c80000)
 Metaspace       used 23935K, capacity 24104K, committed 24448K, reserved 1071104K
  class space    used 2038K, capacity 2108K, committed 2176K, reserved 1048576K
GC Heap History (10 events):
Event: 18.270 GC heap before
{Heap before GC invocations=12 (full 2):
 PSYoungGen      total 71680K, used 43008K [0x00000000f6a00000, 0x00000000fe280000, 0x0000000100000000)
  eden space 43008K, 100% used [0x00000000f6a00000,0x00000000f9400000,0x00000000f9400000)
  from space 28672K, 0% used [0x00000000f9400000,0x00000000f9400000,0x00000000fb000000)
  to   space 30208K, 0% used [0x00000000fc500000,0x00000000fc500000,0x00000000fe280000)
 ParOldGen       total 96768K, used 47972K [0x00000000e3e00000, 0x00000000e9c80000, 0x00000000f6a00000)
  object space 96768K, 49% used [0x00000000e3e00000,0x00000000e6cd9128,0x00000000e9c80000)
 Metaspace       used 20946K, capacity 21154K, committed 21376K, reserved 1069056K
  class space    used 1827K, capacity 1895K, committed 1920K, reserved 1048576K
Event: 18.271 GC heap after
Heap after GC invocations=12 (full 2):
 PSYoungGen      total 92672K, used 482K [0x00000000f6a00000, 0x00000000fe400000, 0x0000000100000000)
  eden space 62464K, 0% used [0x00000000f6a00000,0x00000000f6a00000,0x00000000fa700000)
  from space 30208K, 1% used [0x00000000fc500000,0x00000000fc5789a0,0x00000000fe280000)
  to   space 30720K, 0% used [0x00000000fa700000,0x00000000fa700000,0x00000000fc500000)
 ParOldGen       total 96768K, used 47980K [0x00000000e3e00000, 0x00000000e9c80000, 0x00000000f6a00000)
  object space 96768K, 49% used [0x00000000e3e00000,0x00000000e6cdb128,0x00000000e9c80000)
 Metaspace       used 20946K, capacity 21154K, committed 21376K, reserved 1069056K
  class space    used 1827K, capacity 1895K, committed 1920K, reserved 1048576K
}
Event: 21.347 GC heap before
{Heap before GC invocations=13 (full 2):
 PSYoungGen      total 92672K, used 62946K [0x00000000f6a00000, 0x00000000fe400000, 0x0000000100000000)
  eden space 62464K, 100% used [0x00000000f6a00000,0x00000000fa700000,0x00000000fa700000)
  from space 30208K, 1% used [0x00000000fc500000,0x00000000fc5789a0,0x00000000fe280000)
  to   space 30720K, 0% used [0x00000000fa700000,0x00000000fa700000,0x00000000fc500000)
 ParOldGen       total 96768K, used 47980K [0x00000000e3e00000, 0x00000000e9c80000, 0x00000000f6a00000)
  object space 96768K, 49% used [0x00000000e3e00000,0x00000000e6cdb128,0x00000000e9c80000)
 Metaspace       used 22509K, capacity 22754K, committed 23040K, reserved 1071104K
  class space    used 1946K, capacity 2043K, committed 2048K, reserved 1048576K
Event: 21.354 GC heap after
Heap after GC invocations=13 (full 2):
 PSYoungGen      total 93184K, used 20518K [0x00000000f6a00000, 0x0000000100000000, 0x0000000100000000)
  eden space 62464K, 0% used [0x00000000f6a00000,0x00000000f6a00000,0x00000000fa700000)
  from space 30720K, 66% used [0x00000000fa700000,0x00000000fbb099a0,0x00000000fc500000)
  to   space 32256K, 0% used [0x00000000fe080000,0x00000000fe080000,0x0000000100000000)
 ParOldGen       total 96768K, used 48369K [0x00000000e3e00000, 0x00000000e9c80000, 0x00000000f6a00000)
  object space 96768K, 49% used [0x00000000e3e00000,0x00000000e6d3c6d0,0x00000000e9c80000)
 Metaspace       used 22509K, capacity 22754K, committed 23040K, reserved 1071104K
  class space    used 1946K, capacity 2043K, committed 2048K, reserved 1048576K
}
Event: 25.983 GC heap before
{Heap before GC invocations=14 (full 2):
 PSYoungGen      total 93184K, used 82982K [0x00000000f6a00000, 0x0000000100000000, 0x0000000100000000)
  eden space 62464K, 100% used [0x00000000f6a00000,0x00000000fa700000,0x00000000fa700000)
  from space 30720K, 66% used [0x00000000fa700000,0x00000000fbb099a0,0x00000000fc500000)
  to   space 32256K, 0% used [0x00000000fe080000,0x00000000fe080000,0x0000000100000000)
 ParOldGen       total 96768K, used 48369K [0x00000000e3e00000, 0x00000000e9c80000, 0x00000000f6a00000)
  object space 96768K, 49% used [0x00000000e3e00000,0x00000000e6d3c6d0,0x00000000e9c80000)
 Metaspace       used 22823K, capacity 23042K, committed 23424K, reserved 1071104K
  class space    used 1968K, capacity 2075K, committed 2176K, reserved 1048576K
Event: 25.989 GC heap after
Heap after GC invocations=14 (full 2):
 PSYoungGen      total 118272K, used 1794K [0x00000000f6a00000, 0x00000000ffe80000, 0x0000000100000000)
  eden space 87552K, 0% used [0x00000000f6a00000,0x00000000f6a00000,0x00000000fbf80000)
  from space 30720K, 5% used [0x00000000fe080000,0x00000000fe240aa0,0x00000000ffe80000)
  to   space 32256K, 0% used [0x00000000fbf80000,0x00000000fbf80000,0x00000000fdf00000)
 ParOldGen       total 96768K, used 63022K [0x00000000e3e00000, 0x00000000e9c80000, 0x00000000f6a00000)
  object space 96768K, 65% used [0x00000000e3e00000,0x00000000e7b8bbe8,0x00000000e9c80000)
 Metaspace       used 22823K, capacity 23042K, committed 23424K, reserved 1071104K
  class space    used 1968K, capacity 2075K, committed 2176K, reserved 1048576K
}
Event: 33.244 GC heap before
{Heap before GC invocations=15 (full 2):
 PSYoungGen      total 118272K, used 89346K [0x00000000f6a00000, 0x00000000ffe80000, 0x0000000100000000)
  eden space 87552K, 100% used [0x00000000f6a00000,0x00000000fbf80000,0x00000000fbf80000)
  from space 30720K, 5% used [0x00000000fe080000,0x00000000fe240aa0,0x00000000ffe80000)
  to   space 32256K, 0% used [0x00000000fbf80000,0x00000000fbf80000,0x00000000fdf00000)
 ParOldGen       total 96768K, used 63022K [0x00000000e3e00000, 0x00000000e9c80000, 0x00000000f6a00000)
  object space 96768K, 65% used [0x00000000e3e00000,0x00000000e7b8bbe8,0x00000000e9c80000)
 Metaspace       used 22880K, capacity 23106K, committed 23424K, reserved 1071104K
  class space    used 1968K, capacity 2075K, committed 2176K, reserved 1048576K
Event: 33.246 GC heap after
Heap after GC invocations=15 (full 2):
 PSYoungGen      total 119808K, used 256K [0x00000000f6a00000, 0x0000000100000000, 0x0000000100000000)
  eden space 87552K, 0% used [0x00000000f6a00000,0x00000000f6a00000,0x00000000fbf80000)
  from space 32256K, 0% used [0x00000000fbf80000,0x00000000fbfc0000,0x00000000fdf00000)
  to   space 32256K, 0% used [0x00000000fe080000,0x00000000fe080000,0x0000000100000000)
 ParOldGen       total 96768K, used 64542K [0x00000000e3e00000, 0x00000000e9c80000, 0x00000000f6a00000)
  object space 96768K, 66% used [0x00000000e3e00000,0x00000000e7d07840,0x00000000e9c80000)
 Metaspace       used 22880K, capacity 23106K, committed 23424K, reserved 1071104K
  class space    used 1968K, capacity 2075K, committed 2176K, reserved 1048576K
}
Event: 39.869 GC heap before
{Heap before GC invocations=16 (full 2):
 PSYoungGen      total 119808K, used 87808K [0x00000000f6a00000, 0x0000000100000000, 0x0000000100000000)
  eden space 87552K, 100% used [0x00000000f6a00000,0x00000000fbf80000,0x00000000fbf80000)
  from space 32256K, 0% used [0x00000000fbf80000,0x00000000fbfc0000,0x00000000fdf00000)
  to   space 32256K, 0% used [0x00000000fe080000,0x00000000fe080000,0x0000000100000000)
 ParOldGen       total 96768K, used 64542K [0x00000000e3e00000, 0x00000000e9c80000, 0x00000000f6a00000)
  object space 96768K, 66% used [0x00000000e3e00000,0x00000000e7d07840,0x00000000e9c80000)
 Metaspace       used 23862K, capacity 24104K, committed 24448K, reserved 1071104K
  class space    used 2038K, capacity 2108K, committed 2176K, reserved 1048576K
Event: 39.871 GC heap after
Heap after GC invocations=16 (full 2):
 PSYoungGen      total 120320K, used 909K [0x00000000f6a00000, 0x00000000fff00000, 0x0000000100000000)
  eden space 89088K, 0% used [0x00000000f6a00000,0x00000000f6a00000,0x00000000fc100000)
  from space 31232K, 2% used [0x00000000fe080000,0x00000000fe163538,0x00000000fff00000)
  to   space 31744K, 0% used [0x00000000fc100000,0x00000000fc100000,0x00000000fe000000)
 ParOldGen       total 96768K, used 64574K [0x00000000e3e00000, 0x00000000e9c80000, 0x00000000f6a00000)
  object space 96768K, 66% used [0x00000000e3e00000,0x00000000e7d0f840,0x00000000e9c80000)
 Metaspace       used 23862K, capacity 24104K, committed 24448K, reserved 1071104K
  class space    used 2038K, capacity 2108K, committed 2176K, reserved 1048576K
}

