# JRE version: Java(TM) SE Runtime Environment (8.0_202-b08) (build 1.8.0_202-b08)
# Java VM: Java HotSpot(TM) 64-Bit Server VM (25.202-b08 mixed mode windows-amd64 compressed oops)
Heap:
 PSYoungGen      total 52736K, used 42696K [0x00000000f6a00000, 0x00000000fa700000, 0x0000000100000000)
  eden space 46080K, 91% used [0x00000000f6a00000,0x00000000f92fc8b0,0x00000000f9700000)
  from space 6656K, 10% used [0x00000000fa080000,0x00000000fa1357d0,0x00000000fa700000)
  to   space 8192K, 0% used [0x00000000f9700000,0x00000000f9700000,0x00000000f9f00000)
 ParOldGen       total 96256K, used 64842K [0x00000000e3e00000, 0x00000000e9c00000, 0x00000000f6a00000)
  object space 96256K, 67% used [0x00000000e3e00000,0x00000000e7d52b50,0x00000000e9c00000)
 Metaspace       used 23991K, capacity 24168K, committed 24448K, reserved 1071104K
  class space    used 2038K, capacity 2108K, committed 2176K, reserved 1048576K
GC Heap History (10 events):
Event: 165.832 GC heap before
{Heap before GC invocations=38 (full 2):
 PSYoungGen      total 52736K, used 52480K [0x00000000f6a00000, 0x00000000fb400000, 0x0000000100000000)
  eden space 52224K, 100% used [0x00000000f6a00000,0x00000000f9d00000,0x00000000f9d00000)
  from space 512K, 50% used [0x00000000f9e80000,0x00000000f9ec0000,0x00000000f9f00000)
  to   space 11776K, 0% used [0x00000000fa880000,0x00000000fa880000,0x00000000fb400000)
 ParOldGen       total 96256K, used 64746K [0x00000000e3e00000, 0x00000000e9c00000, 0x00000000f6a00000)
  object space 96256K, 67% used [0x00000000e3e00000,0x00000000e7d3ab50,0x00000000e9c00000)
 Metaspace       used 23196K, capacity 23432K, committed 23680K, reserved 1071104K
  class space    used 1974K, capacity 2076K, committed 2176K, reserved 1048576K
Event: 165.834 GC heap after
Heap after GC invocations=38 (full 2):
 PSYoungGen      total 58880K, used 405K [0x00000000f6a00000, 0x00000000fb080000, 0x0000000100000000)
  eden space 50688K, 0% used [0x00000000f6a00000,0x00000000f6a00000,0x00000000f9b80000)
  from space 8192K, 4% used [0x00000000fa880000,0x00000000fa8e57d0,0x00000000fb080000)
  to   space 10752K, 0% used [0x00000000f9b80000,0x00000000f9b80000,0x00000000fa600000)
 ParOldGen       total 96256K, used 64762K [0x00000000e3e00000, 0x00000000e9c00000, 0x00000000f6a00000)
  object space 96256K, 67% used [0x00000000e3e00000,0x00000000e7d3eb50,0x00000000e9c00000)
 Metaspace       used 23196K, capacity 23432K, committed 23680K, reserved 1071104K
  class space    used 1974K, capacity 2076K, committed 2176K, reserved 1048576K
}
Event: 169.592 GC heap before
{Heap before GC invocations=39 (full 2):
 PSYoungGen      total 58880K, used 51093K [0x00000000f6a00000, 0x00000000fb080000, 0x0000000100000000)
  eden space 50688K, 100% used [0x00000000f6a00000,0x00000000f9b80000,0x00000000f9b80000)
  from space 8192K, 4% used [0x00000000fa880000,0x00000000fa8e57d0,0x00000000fb080000)
  to   space 10752K, 0% used [0x00000000f9b80000,0x00000000f9b80000,0x00000000fa600000)
 ParOldGen       total 96256K, used 64762K [0x00000000e3e00000, 0x00000000e9c00000, 0x00000000f6a00000)
  object space 96256K, 67% used [0x00000000e3e00000,0x00000000e7d3eb50,0x00000000e9c00000)
 Metaspace       used 23901K, capacity 24104K, committed 24448K, reserved 1071104K
  class space    used 2038K, capacity 2108K, committed 2176K, reserved 1048576K
Event: 169.594 GC heap after
Heap after GC invocations=39 (full 2):
 PSYoungGen      total 50176K, used 855K [0x00000000f6a00000, 0x00000000fae00000, 0x0000000100000000)
  eden space 49152K, 0% used [0x00000000f6a00000,0x00000000f6a00000,0x00000000f9a00000)
  from space 1024K, 83% used [0x00000000f9b80000,0x00000000f9c55ce8,0x00000000f9c80000)
  to   space 10240K, 0% used [0x00000000fa400000,0x00000000fa400000,0x00000000fae00000)
 ParOldGen       total 96256K, used 64794K [0x00000000e3e00000, 0x00000000e9c00000, 0x00000000f6a00000)
  object space 96256K, 67% used [0x00000000e3e00000,0x00000000e7d46b50,0x00000000e9c00000)
 Metaspace       used 23901K, capacity 24104K, committed 24448K, reserved 1071104K
  class space    used 2038K, capacity 2108K, committed 2176K, reserved 1048576K
}
Event: 172.056 GC heap before
{Heap before GC invocations=40 (full 2):
 PSYoungGen      total 50176K, used 50007K [0x00000000f6a00000, 0x00000000fae00000, 0x0000000100000000)
  eden space 49152K, 100% used [0x00000000f6a00000,0x00000000f9a00000,0x00000000f9a00000)
  from space 1024K, 83% used [0x00000000f9b80000,0x00000000f9c55ce8,0x00000000f9c80000)
  to   space 10240K, 0% used [0x00000000fa400000,0x00000000fa400000,0x00000000fae00000)
 ParOldGen       total 96256K, used 64794K [0x00000000e3e00000, 0x00000000e9c00000, 0x00000000f6a00000)
  object space 96256K, 67% used [0x00000000e3e00000,0x00000000e7d46b50,0x00000000e9c00000)
 Metaspace       used 23943K, capacity 24168K, committed 24448K, reserved 1071104K
  class space    used 2038K, capacity 2108K, committed 2176K, reserved 1048576K
Event: 172.058 GC heap after
Heap after GC invocations=40 (full 2):
 PSYoungGen      total 55296K, used 583K [0x00000000f6a00000, 0x00000000fab00000, 0x0000000100000000)
  eden space 48128K, 0% used [0x00000000f6a00000,0x00000000f6a00000,0x00000000f9900000)
  from space 7168K, 8% used [0x00000000fa400000,0x00000000fa491fc0,0x00000000fab00000)
  to   space 9216K, 0% used [0x00000000f9900000,0x00000000f9900000,0x00000000fa200000)
 ParOldGen       total 96256K, used 64826K [0x00000000e3e00000, 0x00000000e9c00000, 0x00000000f6a00000)
  object space 96256K, 67% used [0x00000000e3e00000,0x00000000e7d4eb50,0x00000000e9c00000)
 Metaspace       used 23943K, capacity 24168K, committed 24448K, reserved 1071104K
  class space    used 2038K, capacity 2108K, committed 2176K, reserved 1048576K
}
Event: 174.484 GC heap before
{Heap before GC invocations=41 (full 2):
 PSYoungGen      total 55296K, used 48711K [0x00000000f6a00000, 0x00000000fab00000, 0x0000000100000000)
  eden space 48128K, 100% used [0x00000000f6a00000,0x00000000f9900000,0x00000000f9900000)
  from space 7168K, 8% used [0x00000000fa400000,0x00000000fa491fc0,0x00000000fab00000)
  to   space 9216K, 0% used [0x00000000f9900000,0x00000000f9900000,0x00000000fa200000)
 ParOldGen       total 96256K, used 64826K [0x00000000e3e00000, 0x00000000e9c00000, 0x00000000f6a00000)
  object space 96256K, 67% used [0x00000000e3e00000,0x00000000e7d4eb50,0x00000000e9c00000)
 Metaspace       used 23991K, capacity 24168K, committed 24448K, reserved 1071104K
  class space    used 2038K, capacity 2108K, committed 2176K, reserved 1048576K
Event: 174.487 GC heap after
Heap after GC invocations=41 (full 2):
 PSYoungGen      total 48128K, used 583K [0x00000000f6a00000, 0x00000000fa900000, 0x0000000100000000)
  eden space 47104K, 0% used [0x00000000f6a00000,0x00000000f6a00000,0x00000000f9800000)
  from space 1024K, 57% used [0x00000000f9900000,0x00000000f9991fc0,0x00000000f9a00000)
  to   space 8704K, 0% used [0x00000000fa080000,0x00000000fa080000,0x00000000fa900000)
 ParOldGen       total 96256K, used 64834K [0x00000000e3e00000, 0x00000000e9c00000, 0x00000000f6a00000)
  object space 96256K, 67% used [0x00000000e3e00000,0x00000000e7d50b50,0x00000000e9c00000)
 Metaspace       used 23991K, capacity 24168K, committed 24448K, reserved 1071104K
  class space    used 2038K, capacity 2108K, committed 2176K, reserved 1048576K
}
Event: 177.067 GC heap before
{Heap before GC invocations=42 (full 2):
 PSYoungGen      total 48128K, used 47687K [0x00000000f6a00000, 0x00000000fa900000, 0x0000000100000000)
  eden space 47104K, 100% used [0x00000000f6a00000,0x00000000f9800000,0x00000000f9800000)
  from space 1024K, 57% used [0x00000000f9900000,0x00000000f9991fc0,0x00000000f9a00000)
  to   space 8704K, 0% used [0x00000000fa080000,0x00000000fa080000,0x00000000fa900000)
 ParOldGen       total 96256K, used 64834K [0x00000000e3e00000, 0x00000000e9c00000, 0x00000000f6a00000)
  object space 96256K, 67% used [0x00000000e3e00000,0x00000000e7d50b50,0x00000000e9c00000)
 Metaspace       used 23991K, capacity 24168K, committed 24448K, reserved 1071104K
  class space    used 2038K, capacity 2108K, committed 2176K, reserved 1048576K
Event: 177.070 GC heap after
Heap after GC invocations=42 (full 2):
 PSYoungGen      total 52736K, used 725K [0x00000000f6a00000, 0x00000000fa700000, 0x0000000100000000)
  eden space 46080K, 0% used [0x00000000f6a00000,0x00000000f6a00000,0x00000000f9700000)
  from space 6656K, 10% used [0x00000000fa080000,0x00000000fa1357d0,0x00000000fa700000)
  to   space 8192K, 0% used [0x00000000f9700000,0x00000000f9700000,0x00000000f9f00000)
 ParOldGen       total 96256K, used 64842K [0x00000000e3e00000, 0x00000000e9c00000, 0x00000000f6a00000)
  object space 96256K, 67% used [0x00000000e3e00000,0x00000000e7d52b50,0x00000000e9c00000)
 Metaspace       used 23991K, capacity 24168K, committed 24448K, reserved 1071104K
  class space    used 2038K, capacity 2108K, committed 2176K, reserved 1048576K
}

