# JRE version: Java(TM) SE Runtime Environment (8.0_202-b08) (build 1.8.0_202-b08)
# Java VM: Java HotSpot(TM) 64-Bit Server VM (25.202-b08 mixed mode windows-amd64 compressed oops)
Heap:
 PSYoungGen      total 69632K, used 29461K [0x00000000f5980000, 0x00000000feb00000, 0x0000000100000000)
  eden space 68096K, 41% used [0x00000000f5980000,0x00000000f751b748,0x00000000f9c00000)
  from space 1536K, 77% used [0x00000000f9e00000,0x00000000f9f29fc0,0x00000000f9f80000)
  to   space 40448K, 0% used [0x00000000fc380000,0x00000000fc380000,0x00000000feb00000)
 ParOldGen       total 125440K, used 64215K [0x00000000e0c00000, 0x00000000e8680000, 0x00000000f5980000)
  object space 125440K, 51% used [0x00000000e0c00000,0x00000000e4ab5c30,0x00000000e8680000)
 Metaspace       used 24070K, capacity 24296K, committed 24448K, reserved 1071104K
  class space    used 2037K, capacity 2108K, committed 2176K, reserved 1048576K
GC Heap History (10 events):
Event: 36.094 GC heap before
{Heap before GC invocations=15 (full 2):
 PSYoungGen      total 123904K, used 77952K [0x00000000f5980000, 0x0000000100000000, 0x0000000100000000)
  eden space 77312K, 100% used [0x00000000f5980000,0x00000000fa500000,0x00000000fa500000)
  from space 46592K, 1% used [0x00000000fd280000,0x00000000fd320000,0x0000000100000000)
  to   space 46592K, 0% used [0x00000000fa500000,0x00000000fa500000,0x00000000fd280000)
 ParOldGen       total 125440K, used 63758K [0x00000000e0c00000, 0x00000000e8680000, 0x00000000f5980000)
  object space 125440K, 50% used [0x00000000e0c00000,0x00000000e4a43898,0x00000000e8680000)
 Metaspace       used 23107K, capacity 23368K, committed 23680K, reserved 1071104K
  class space    used 1970K, capacity 2076K, committed 2176K, reserved 1048576K
Event: 36.096 GC heap after
Heap after GC invocations=15 (full 2):
 PSYoungGen      total 77824K, used 512K [0x00000000f5980000, 0x00000000fff00000, 0x0000000100000000)
  eden space 77312K, 0% used [0x00000000f5980000,0x00000000f5980000,0x00000000fa500000)
  from space 512K, 100% used [0x00000000fa500000,0x00000000fa580000,0x00000000fa580000)
  to   space 46080K, 0% used [0x00000000fd200000,0x00000000fd200000,0x00000000fff00000)
 ParOldGen       total 125440K, used 64183K [0x00000000e0c00000, 0x00000000e8680000, 0x00000000f5980000)
  object space 125440K, 51% used [0x00000000e0c00000,0x00000000e4aadc30,0x00000000e8680000)
 Metaspace       used 23107K, capacity 23368K, committed 23680K, reserved 1071104K
  class space    used 1970K, capacity 2076K, committed 2176K, reserved 1048576K
}
Event: 41.998 GC heap before
{Heap before GC invocations=16 (full 2):
 PSYoungGen      total 77824K, used 77824K [0x00000000f5980000, 0x00000000fff00000, 0x0000000100000000)
  eden space 77312K, 100% used [0x00000000f5980000,0x00000000fa500000,0x00000000fa500000)
  from space 512K, 100% used [0x00000000fa500000,0x00000000fa580000,0x00000000fa580000)
  to   space 46080K, 0% used [0x00000000fd200000,0x00000000fd200000,0x00000000fff00000)
 ParOldGen       total 125440K, used 64183K [0x00000000e0c00000, 0x00000000e8680000, 0x00000000f5980000)
  object space 125440K, 51% used [0x00000000e0c00000,0x00000000e4aadc30,0x00000000e8680000)
 Metaspace       used 23226K, capacity 23496K, committed 23680K, reserved 1071104K
  class space    used 1973K, capacity 2076K, committed 2176K, reserved 1048576K
Event: 42.000 GC heap after
Heap after GC invocations=16 (full 2):
 PSYoungGen      total 116224K, used 711K [0x00000000f5980000, 0x00000000ffa80000, 0x0000000100000000)
  eden space 74752K, 0% used [0x00000000f5980000,0x00000000f5980000,0x00000000fa280000)
  from space 41472K, 1% used [0x00000000fd200000,0x00000000fd2b1fc0,0x00000000ffa80000)
  to   space 45056K, 0% used [0x00000000fa280000,0x00000000fa280000,0x00000000fce80000)
 ParOldGen       total 125440K, used 64191K [0x00000000e0c00000, 0x00000000e8680000, 0x00000000f5980000)
  object space 125440K, 51% used [0x00000000e0c00000,0x00000000e4aafc30,0x00000000e8680000)
 Metaspace       used 23226K, capacity 23496K, committed 23680K, reserved 1071104K
  class space    used 1973K, capacity 2076K, committed 2176K, reserved 1048576K
}
Event: 47.640 GC heap before
{Heap before GC invocations=17 (full 2):
 PSYoungGen      total 116224K, used 75463K [0x00000000f5980000, 0x00000000ffa80000, 0x0000000100000000)
  eden space 74752K, 100% used [0x00000000f5980000,0x00000000fa280000,0x00000000fa280000)
  from space 41472K, 1% used [0x00000000fd200000,0x00000000fd2b1fc0,0x00000000ffa80000)
  to   space 45056K, 0% used [0x00000000fa280000,0x00000000fa280000,0x00000000fce80000)
 ParOldGen       total 125440K, used 64191K [0x00000000e0c00000, 0x00000000e8680000, 0x00000000f5980000)
  object space 125440K, 51% used [0x00000000e0c00000,0x00000000e4aafc30,0x00000000e8680000)
 Metaspace       used 23977K, capacity 24232K, committed 24448K, reserved 1071104K
  class space    used 2037K, capacity 2108K, committed 2176K, reserved 1048576K
Event: 47.644 GC heap after
Heap after GC invocations=17 (full 2):
 PSYoungGen      total 73728K, used 1319K [0x00000000f5980000, 0x00000000ff500000, 0x0000000100000000)
  eden space 72192K, 0% used [0x00000000f5980000,0x00000000f5980000,0x00000000fa000000)
  from space 1536K, 85% used [0x00000000fa280000,0x00000000fa3c9e68,0x00000000fa400000)
  to   space 43520K, 0% used [0x00000000fca80000,0x00000000fca80000,0x00000000ff500000)
 ParOldGen       total 125440K, used 64199K [0x00000000e0c00000, 0x00000000e8680000, 0x00000000f5980000)
  object space 125440K, 51% used [0x00000000e0c00000,0x00000000e4ab1c30,0x00000000e8680000)
 Metaspace       used 23977K, capacity 24232K, committed 24448K, reserved 1071104K
  class space    used 2037K, capacity 2108K, committed 2176K, reserved 1048576K
}
Event: 53.114 GC heap before
{Heap before GC invocations=18 (full 2):
 PSYoungGen      total 73728K, used 73511K [0x00000000f5980000, 0x00000000ff500000, 0x0000000100000000)
  eden space 72192K, 100% used [0x00000000f5980000,0x00000000fa000000,0x00000000fa000000)
  from space 1536K, 85% used [0x00000000fa280000,0x00000000fa3c9e68,0x00000000fa400000)
  to   space 43520K, 0% used [0x00000000fca80000,0x00000000fca80000,0x00000000ff500000)
 ParOldGen       total 125440K, used 64199K [0x00000000e0c00000, 0x00000000e8680000, 0x00000000f5980000)
  object space 125440K, 51% used [0x00000000e0c00000,0x00000000e4ab1c30,0x00000000e8680000)
 Metaspace       used 24015K, capacity 24232K, committed 24448K, reserved 1071104K
  class space    used 2037K, capacity 2108K, committed 2176K, reserved 1048576K
Event: 53.118 GC heap after
Heap after GC invocations=18 (full 2):
 PSYoungGen      total 108544K, used 1077K [0x00000000f5980000, 0x00000000ff000000, 0x0000000100000000)
  eden space 70144K, 0% used [0x00000000f5980000,0x00000000f5980000,0x00000000f9e00000)
  from space 38400K, 2% used [0x00000000fca80000,0x00000000fcb8d7d0,0x00000000ff000000)
  to   space 41984K, 0% used [0x00000000f9e00000,0x00000000f9e00000,0x00000000fc700000)
 ParOldGen       total 125440K, used 64207K [0x00000000e0c00000, 0x00000000e8680000, 0x00000000f5980000)
  object space 125440K, 51% used [0x00000000e0c00000,0x00000000e4ab3c30,0x00000000e8680000)
 Metaspace       used 24015K, capacity 24232K, committed 24448K, reserved 1071104K
  class space    used 2037K, capacity 2108K, committed 2176K, reserved 1048576K
}
Event: 58.635 GC heap before
{Heap before GC invocations=19 (full 2):
 PSYoungGen      total 108544K, used 71221K [0x00000000f5980000, 0x00000000ff000000, 0x0000000100000000)
  eden space 70144K, 100% used [0x00000000f5980000,0x00000000f9e00000,0x00000000f9e00000)
  from space 38400K, 2% used [0x00000000fca80000,0x00000000fcb8d7d0,0x00000000ff000000)
  to   space 41984K, 0% used [0x00000000f9e00000,0x00000000f9e00000,0x00000000fc700000)
 ParOldGen       total 125440K, used 64207K [0x00000000e0c00000, 0x00000000e8680000, 0x00000000f5980000)
  object space 125440K, 51% used [0x00000000e0c00000,0x00000000e4ab3c30,0x00000000e8680000)
 Metaspace       used 24070K, capacity 24296K, committed 24448K, reserved 1071104K
  class space    used 2037K, capacity 2108K, committed 2176K, reserved 1048576K
Event: 58.637 GC heap after
Heap after GC invocations=19 (full 2):
 PSYoungGen      total 69632K, used 1191K [0x00000000f5980000, 0x00000000feb00000, 0x0000000100000000)
  eden space 68096K, 0% used [0x00000000f5980000,0x00000000f5980000,0x00000000f9c00000)
  from space 1536K, 77% used [0x00000000f9e00000,0x00000000f9f29fc0,0x00000000f9f80000)
  to   space 40448K, 0% used [0x00000000fc380000,0x00000000fc380000,0x00000000feb00000)
 ParOldGen       total 125440K, used 64215K [0x00000000e0c00000, 0x00000000e8680000, 0x00000000f5980000)
  object space 125440K, 51% used [0x00000000e0c00000,0x00000000e4ab5c30,0x00000000e8680000)
 Metaspace       used 24070K, capacity 24296K, committed 24448K, reserved 1071104K
  class space    used 2037K, capacity 2108K, committed 2176K, reserved 1048576K
}

