# JRE version: Java(TM) SE Runtime Environment (8.0_202-b08) (build 1.8.0_202-b08)
# Java VM: Java HotSpot(TM) 64-Bit Server VM (25.202-b08 mixed mode windows-amd64 compressed oops)
Heap:
 PSYoungGen      total 57856K, used 36012K [0x00000000f5980000, 0x00000000fcc00000, 0x0000000100000000)
  eden space 55808K, 61% used [0x00000000f5980000,0x00000000f7b243b0,0x00000000f9000000)
  from space 2048K, 76% used [0x00000000f9180000,0x00000000f9306fd0,0x00000000f9380000)
  to   space 30720K, 0% used [0x00000000fae00000,0x00000000fae00000,0x00000000fcc00000)
 ParOldGen       total 124416K, used 63783K [0x00000000e0c00000, 0x00000000e8580000, 0x00000000f5980000)
  object space 124416K, 51% used [0x00000000e0c00000,0x00000000e4a49e98,0x00000000e8580000)
 Metaspace       used 24106K, capacity 24296K, committed 24448K, reserved 1071104K
  class space    used 2048K, capacity 2108K, committed 2176K, reserved 1048576K
GC Heap History (10 events):
Event: 58.266 GC heap before
{Heap before GC invocations=21 (full 2):
 PSYoungGen      total 100864K, used 65376K [0x00000000f5980000, 0x00000000fe680000, 0x0000000100000000)
  eden space 64512K, 100% used [0x00000000f5980000,0x00000000f9880000,0x00000000f9880000)
  from space 36352K, 2% used [0x00000000fc300000,0x00000000fc3d8000,0x00000000fe680000)
  to   space 39936K, 0% used [0x00000000f9880000,0x00000000f9880000,0x00000000fbf80000)
 ParOldGen       total 124416K, used 63751K [0x00000000e0c00000, 0x00000000e8580000, 0x00000000f5980000)
  object space 124416K, 51% used [0x00000000e0c00000,0x00000000e4a41e98,0x00000000e8580000)
 Metaspace       used 23974K, capacity 24168K, committed 24448K, reserved 1071104K
  class space    used 2048K, capacity 2108K, committed 2176K, reserved 1048576K
Event: 58.271 GC heap after
Heap after GC invocations=21 (full 2):
 PSYoungGen      total 64000K, used 1503K [0x00000000f5980000, 0x00000000fe080000, 0x0000000100000000)
  eden space 62464K, 0% used [0x00000000f5980000,0x00000000f5980000,0x00000000f9680000)
  from space 1536K, 97% used [0x00000000f9880000,0x00000000f99f7d28,0x00000000f9a00000)
  to   space 37888K, 0% used [0x00000000fbb80000,0x00000000fbb80000,0x00000000fe080000)
 ParOldGen       total 124416K, used 63759K [0x00000000e0c00000, 0x00000000e8580000, 0x00000000f5980000)
  object space 124416K, 51% used [0x00000000e0c00000,0x00000000e4a43e98,0x00000000e8580000)
 Metaspace       used 23974K, capacity 24168K, committed 24448K, reserved 1071104K
  class space    used 2048K, capacity 2108K, committed 2176K, reserved 1048576K
}
Event: 61.493 GC heap before
{Heap before GC invocations=22 (full 2):
 PSYoungGen      total 64000K, used 63967K [0x00000000f5980000, 0x00000000fe080000, 0x0000000100000000)
  eden space 62464K, 100% used [0x00000000f5980000,0x00000000f9680000,0x00000000f9680000)
  from space 1536K, 97% used [0x00000000f9880000,0x00000000f99f7d28,0x00000000f9a00000)
  to   space 37888K, 0% used [0x00000000fbb80000,0x00000000fbb80000,0x00000000fe080000)
 ParOldGen       total 124416K, used 63759K [0x00000000e0c00000, 0x00000000e8580000, 0x00000000f5980000)
  object space 124416K, 51% used [0x00000000e0c00000,0x00000000e4a43e98,0x00000000e8580000)
 Metaspace       used 24044K, capacity 24232K, committed 24448K, reserved 1071104K
  class space    used 2048K, capacity 2108K, committed 2176K, reserved 1048576K
Event: 61.496 GC heap after
Heap after GC invocations=22 (full 2):
 PSYoungGen      total 93184K, used 1255K [0x00000000f5980000, 0x00000000fdb80000, 0x0000000100000000)
  eden space 60416K, 0% used [0x00000000f5980000,0x00000000f5980000,0x00000000f9480000)
  from space 32768K, 3% used [0x00000000fbb80000,0x00000000fbcb9fc0,0x00000000fdb80000)
  to   space 36352K, 0% used [0x00000000f9480000,0x00000000f9480000,0x00000000fb800000)
 ParOldGen       total 124416K, used 63767K [0x00000000e0c00000, 0x00000000e8580000, 0x00000000f5980000)
  object space 124416K, 51% used [0x00000000e0c00000,0x00000000e4a45e98,0x00000000e8580000)
 Metaspace       used 24044K, capacity 24232K, committed 24448K, reserved 1071104K
  class space    used 2048K, capacity 2108K, committed 2176K, reserved 1048576K
}
Event: 64.593 GC heap before
{Heap before GC invocations=23 (full 2):
 PSYoungGen      total 93184K, used 61671K [0x00000000f5980000, 0x00000000fdb80000, 0x0000000100000000)
  eden space 60416K, 100% used [0x00000000f5980000,0x00000000f9480000,0x00000000f9480000)
  from space 32768K, 3% used [0x00000000fbb80000,0x00000000fbcb9fc0,0x00000000fdb80000)
  to   space 36352K, 0% used [0x00000000f9480000,0x00000000f9480000,0x00000000fb800000)
 ParOldGen       total 124416K, used 63767K [0x00000000e0c00000, 0x00000000e8580000, 0x00000000f5980000)
  object space 124416K, 51% used [0x00000000e0c00000,0x00000000e4a45e98,0x00000000e8580000)
 Metaspace       used 24099K, capacity 24296K, committed 24448K, reserved 1071104K
  class space    used 2048K, capacity 2108K, committed 2176K, reserved 1048576K
Event: 64.596 GC heap after
Heap after GC invocations=23 (full 2):
 PSYoungGen      total 60416K, used 1435K [0x00000000f5980000, 0x00000000fd600000, 0x0000000100000000)
  eden space 58880K, 0% used [0x00000000f5980000,0x00000000f5980000,0x00000000f9300000)
  from space 1536K, 93% used [0x00000000f9480000,0x00000000f95e6fd0,0x00000000f9600000)
  to   space 34304K, 0% used [0x00000000fb480000,0x00000000fb480000,0x00000000fd600000)
 ParOldGen       total 124416K, used 63775K [0x00000000e0c00000, 0x00000000e8580000, 0x00000000f5980000)
  object space 124416K, 51% used [0x00000000e0c00000,0x00000000e4a47e98,0x00000000e8580000)
 Metaspace       used 24099K, capacity 24296K, committed 24448K, reserved 1071104K
  class space    used 2048K, capacity 2108K, committed 2176K, reserved 1048576K
}
Event: 67.610 GC heap before
{Heap before GC invocations=24 (full 2):
 PSYoungGen      total 60416K, used 60315K [0x00000000f5980000, 0x00000000fd600000, 0x0000000100000000)
  eden space 58880K, 100% used [0x00000000f5980000,0x00000000f9300000,0x00000000f9300000)
  from space 1536K, 93% used [0x00000000f9480000,0x00000000f95e6fd0,0x00000000f9600000)
  to   space 34304K, 0% used [0x00000000fb480000,0x00000000fb480000,0x00000000fd600000)
 ParOldGen       total 124416K, used 63775K [0x00000000e0c00000, 0x00000000e8580000, 0x00000000f5980000)
  object space 124416K, 51% used [0x00000000e0c00000,0x00000000e4a47e98,0x00000000e8580000)
 Metaspace       used 24103K, capacity 24296K, committed 24448K, reserved 1071104K
  class space    used 2048K, capacity 2108K, committed 2176K, reserved 1048576K
Event: 67.612 GC heap after
Heap after GC invocations=24 (full 2):
 PSYoungGen      total 87040K, used 1479K [0x00000000f5980000, 0x00000000fd180000, 0x0000000100000000)
  eden space 57344K, 0% used [0x00000000f5980000,0x00000000f5980000,0x00000000f9180000)
  from space 29696K, 4% used [0x00000000fb480000,0x00000000fb5f1fc0,0x00000000fd180000)
  to   space 32768K, 0% used [0x00000000f9180000,0x00000000f9180000,0x00000000fb180000)
 ParOldGen       total 124416K, used 63783K [0x00000000e0c00000, 0x00000000e8580000, 0x00000000f5980000)
  object space 124416K, 51% used [0x00000000e0c00000,0x00000000e4a49e98,0x00000000e8580000)
 Metaspace       used 24103K, capacity 24296K, committed 24448K, reserved 1071104K
  class space    used 2048K, capacity 2108K, committed 2176K, reserved 1048576K
}
Event: 70.639 GC heap before
{Heap before GC invocations=25 (full 2):
 PSYoungGen      total 87040K, used 58823K [0x00000000f5980000, 0x00000000fd180000, 0x0000000100000000)
  eden space 57344K, 100% used [0x00000000f5980000,0x00000000f9180000,0x00000000f9180000)
  from space 29696K, 4% used [0x00000000fb480000,0x00000000fb5f1fc0,0x00000000fd180000)
  to   space 32768K, 0% used [0x00000000f9180000,0x00000000f9180000,0x00000000fb180000)
 ParOldGen       total 124416K, used 63783K [0x00000000e0c00000, 0x00000000e8580000, 0x00000000f5980000)
  object space 124416K, 51% used [0x00000000e0c00000,0x00000000e4a49e98,0x00000000e8580000)
 Metaspace       used 24103K, capacity 24296K, committed 24448K, reserved 1071104K
  class space    used 2048K, capacity 2108K, committed 2176K, reserved 1048576K
Event: 70.642 GC heap after
Heap after GC invocations=25 (full 2):
 PSYoungGen      total 57856K, used 1563K [0x00000000f5980000, 0x00000000fcc00000, 0x0000000100000000)
  eden space 55808K, 0% used [0x00000000f5980000,0x00000000f5980000,0x00000000f9000000)
  from space 2048K, 76% used [0x00000000f9180000,0x00000000f9306fd0,0x00000000f9380000)
  to   space 30720K, 0% used [0x00000000fae00000,0x00000000fae00000,0x00000000fcc00000)
 ParOldGen       total 124416K, used 63783K [0x00000000e0c00000, 0x00000000e8580000, 0x00000000f5980000)
  object space 124416K, 51% used [0x00000000e0c00000,0x00000000e4a49e98,0x00000000e8580000)
 Metaspace       used 24103K, capacity 24296K, committed 24448K, reserved 1071104K
  class space    used 2048K, capacity 2108K, committed 2176K, reserved 1048576K
}

