# JRE version: Java(TM) SE Runtime Environment (8.0_202-b08) (build 1.8.0_202-b08)
# Java VM: Java HotSpot(TM) 64-Bit Server VM (25.202-b08 mixed mode windows-amd64 compressed oops)
Heap:
 PSYoungGen      total 83456K, used 72544K [0x00000000f5980000, 0x00000000fcb00000, 0x0000000100000000)
  eden space 80384K, 86% used [0x00000000f5980000,0x00000000f9daa268,0x00000000fa800000)
  from space 3072K, 89% used [0x00000000fab00000,0x00000000fadadfd0,0x00000000fae00000)
  to   space 17920K, 0% used [0x00000000fb980000,0x00000000fb980000,0x00000000fcb00000)
 ParOldGen       total 93696K, used 64520K [0x00000000e0c00000, 0x00000000e6780000, 0x00000000f5980000)
  object space 93696K, 68% used [0x00000000e0c00000,0x00000000e4b020d8,0x00000000e6780000)
 Metaspace       used 24139K, capacity 24360K, committed 24704K, reserved 1071104K
  class space    used 2048K, capacity 2108K, committed 2176K, reserved 1048576K
GC Heap History (10 events):
Event: 80.964 GC heap before
{Heap before GC invocations=23 (full 2):
 PSYoungGen      total 116224K, used 98491K [0x00000000f5980000, 0x00000000fe700000, 0x0000000100000000)
  eden space 96768K, 100% used [0x00000000f5980000,0x00000000fb800000,0x00000000fb800000)
  from space 19456K, 8% used [0x00000000fd400000,0x00000000fd5aefd0,0x00000000fe700000)
  to   space 24064K, 0% used [0x00000000fb800000,0x00000000fb800000,0x00000000fcf80000)
 ParOldGen       total 93696K, used 64512K [0x00000000e0c00000, 0x00000000e6780000, 0x00000000f5980000)
  object space 93696K, 68% used [0x00000000e0c00000,0x00000000e4b000d8,0x00000000e6780000)
 Metaspace       used 24139K, capacity 24360K, committed 24704K, reserved 1071104K
  class space    used 2048K, capacity 2108K, committed 2176K, reserved 1048576K
Event: 80.967 GC heap after
Heap after GC invocations=23 (full 2):
 PSYoungGen      total 95232K, used 1967K [0x00000000f5980000, 0x00000000fe180000, 0x0000000100000000)
  eden space 93184K, 0% used [0x00000000f5980000,0x00000000f5980000,0x00000000fb480000)
  from space 2048K, 96% used [0x00000000fb800000,0x00000000fb9ebfd0,0x00000000fba00000)
  to   space 23040K, 0% used [0x00000000fcb00000,0x00000000fcb00000,0x00000000fe180000)
 ParOldGen       total 93696K, used 64512K [0x00000000e0c00000, 0x00000000e6780000, 0x00000000f5980000)
  object space 93696K, 68% used [0x00000000e0c00000,0x00000000e4b000d8,0x00000000e6780000)
 Metaspace       used 24139K, capacity 24360K, committed 24704K, reserved 1071104K
  class space    used 2048K, capacity 2108K, committed 2176K, reserved 1048576K
}
Event: 85.982 GC heap before
{Heap before GC invocations=24 (full 2):
 PSYoungGen      total 95232K, used 95151K [0x00000000f5980000, 0x00000000fe180000, 0x0000000100000000)
  eden space 93184K, 100% used [0x00000000f5980000,0x00000000fb480000,0x00000000fb480000)
  from space 2048K, 96% used [0x00000000fb800000,0x00000000fb9ebfd0,0x00000000fba00000)
  to   space 23040K, 0% used [0x00000000fcb00000,0x00000000fcb00000,0x00000000fe180000)
 ParOldGen       total 93696K, used 64512K [0x00000000e0c00000, 0x00000000e6780000, 0x00000000f5980000)
  object space 93696K, 68% used [0x00000000e0c00000,0x00000000e4b000d8,0x00000000e6780000)
 Metaspace       used 24139K, capacity 24360K, committed 24704K, reserved 1071104K
  class space    used 2048K, capacity 2108K, committed 2176K, reserved 1048576K
Event: 85.986 GC heap after
Heap after GC invocations=24 (full 2):
 PSYoungGen      total 105984K, used 2191K [0x00000000f5980000, 0x00000000fdb00000, 0x0000000100000000)
  eden space 89600K, 0% used [0x00000000f5980000,0x00000000f5980000,0x00000000fb100000)
  from space 16384K, 13% used [0x00000000fcb00000,0x00000000fcd23fd0,0x00000000fdb00000)
  to   space 21504K, 0% used [0x00000000fb100000,0x00000000fb100000,0x00000000fc600000)
 ParOldGen       total 93696K, used 64512K [0x00000000e0c00000, 0x00000000e6780000, 0x00000000f5980000)
  object space 93696K, 68% used [0x00000000e0c00000,0x00000000e4b000d8,0x00000000e6780000)
 Metaspace       used 24139K, capacity 24360K, committed 24704K, reserved 1071104K
  class space    used 2048K, capacity 2108K, committed 2176K, reserved 1048576K
}
Event: 90.812 GC heap before
{Heap before GC invocations=25 (full 2):
 PSYoungGen      total 105984K, used 91791K [0x00000000f5980000, 0x00000000fdb00000, 0x0000000100000000)
  eden space 89600K, 100% used [0x00000000f5980000,0x00000000fb100000,0x00000000fb100000)
  from space 16384K, 13% used [0x00000000fcb00000,0x00000000fcd23fd0,0x00000000fdb00000)
  to   space 21504K, 0% used [0x00000000fb100000,0x00000000fb100000,0x00000000fc600000)
 ParOldGen       total 93696K, used 64512K [0x00000000e0c00000, 0x00000000e6780000, 0x00000000f5980000)
  object space 93696K, 68% used [0x00000000e0c00000,0x00000000e4b000d8,0x00000000e6780000)
 Metaspace       used 24139K, capacity 24360K, committed 24704K, reserved 1071104K
  class space    used 2048K, capacity 2108K, committed 2176K, reserved 1048576K
Event: 90.815 GC heap after
Heap after GC invocations=25 (full 2):
 PSYoungGen      total 89088K, used 2351K [0x00000000f5980000, 0x00000000fd600000, 0x0000000100000000)
  eden space 86528K, 0% used [0x00000000f5980000,0x00000000f5980000,0x00000000fae00000)
  from space 2560K, 91% used [0x00000000fb100000,0x00000000fb34bfd0,0x00000000fb380000)
  to   space 20480K, 0% used [0x00000000fc200000,0x00000000fc200000,0x00000000fd600000)
 ParOldGen       total 93696K, used 64520K [0x00000000e0c00000, 0x00000000e6780000, 0x00000000f5980000)
  object space 93696K, 68% used [0x00000000e0c00000,0x00000000e4b020d8,0x00000000e6780000)
 Metaspace       used 24139K, capacity 24360K, committed 24704K, reserved 1071104K
  class space    used 2048K, capacity 2108K, committed 2176K, reserved 1048576K
}
Event: 95.476 GC heap before
{Heap before GC invocations=26 (full 2):
 PSYoungGen      total 89088K, used 88879K [0x00000000f5980000, 0x00000000fd600000, 0x0000000100000000)
  eden space 86528K, 100% used [0x00000000f5980000,0x00000000fae00000,0x00000000fae00000)
  from space 2560K, 91% used [0x00000000fb100000,0x00000000fb34bfd0,0x00000000fb380000)
  to   space 20480K, 0% used [0x00000000fc200000,0x00000000fc200000,0x00000000fd600000)
 ParOldGen       total 93696K, used 64520K [0x00000000e0c00000, 0x00000000e6780000, 0x00000000f5980000)
  object space 93696K, 68% used [0x00000000e0c00000,0x00000000e4b020d8,0x00000000e6780000)
 Metaspace       used 24139K, capacity 24360K, committed 24704K, reserved 1071104K
  class space    used 2048K, capacity 2108K, committed 2176K, reserved 1048576K
Event: 95.478 GC heap after
Heap after GC invocations=26 (full 2):
 PSYoungGen      total 98816K, used 2479K [0x00000000f5980000, 0x00000000fd100000, 0x0000000100000000)
  eden space 83456K, 0% used [0x00000000f5980000,0x00000000f5980000,0x00000000fab00000)
  from space 15360K, 16% used [0x00000000fc200000,0x00000000fc46bfd0,0x00000000fd100000)
  to   space 19456K, 0% used [0x00000000fab00000,0x00000000fab00000,0x00000000fbe00000)
 ParOldGen       total 93696K, used 64520K [0x00000000e0c00000, 0x00000000e6780000, 0x00000000f5980000)
  object space 93696K, 68% used [0x00000000e0c00000,0x00000000e4b020d8,0x00000000e6780000)
 Metaspace       used 24139K, capacity 24360K, committed 24704K, reserved 1071104K
  class space    used 2048K, capacity 2108K, committed 2176K, reserved 1048576K
}
Event: 99.963 GC heap before
{Heap before GC invocations=27 (full 2):
 PSYoungGen      total 98816K, used 85935K [0x00000000f5980000, 0x00000000fd100000, 0x0000000100000000)
  eden space 83456K, 100% used [0x00000000f5980000,0x00000000fab00000,0x00000000fab00000)
  from space 15360K, 16% used [0x00000000fc200000,0x00000000fc46bfd0,0x00000000fd100000)
  to   space 19456K, 0% used [0x00000000fab00000,0x00000000fab00000,0x00000000fbe00000)
 ParOldGen       total 93696K, used 64520K [0x00000000e0c00000, 0x00000000e6780000, 0x00000000f5980000)
  object space 93696K, 68% used [0x00000000e0c00000,0x00000000e4b020d8,0x00000000e6780000)
 Metaspace       used 24139K, capacity 24360K, committed 24704K, reserved 1071104K
  class space    used 2048K, capacity 2108K, committed 2176K, reserved 1048576K
Event: 99.967 GC heap after
Heap after GC invocations=27 (full 2):
 PSYoungGen      total 83456K, used 2743K [0x00000000f5980000, 0x00000000fcb00000, 0x0000000100000000)
  eden space 80384K, 0% used [0x00000000f5980000,0x00000000f5980000,0x00000000fa800000)
  from space 3072K, 89% used [0x00000000fab00000,0x00000000fadadfd0,0x00000000fae00000)
  to   space 17920K, 0% used [0x00000000fb980000,0x00000000fb980000,0x00000000fcb00000)
 ParOldGen       total 93696K, used 64520K [0x00000000e0c00000, 0x00000000e6780000, 0x00000000f5980000)
  object space 93696K, 68% used [0x00000000e0c00000,0x00000000e4b020d8,0x00000000e6780000)
 Metaspace       used 24139K, capacity 24360K, committed 24704K, reserved 1071104K
  class space    used 2048K, capacity 2108K, committed 2176K, reserved 1048576K
}

