# JRE version: Java(TM) SE Runtime Environment (8.0_202-b08) (build 1.8.0_202-b08)
# Java VM: Java HotSpot(TM) 64-Bit Server VM (25.202-b08 mixed mode windows-amd64 compressed oops)
Heap:
 PSYoungGen      total 41984K, used 34536K [0x00000000f5980000, 0x00000000f9480000, 0x0000000100000000)
  eden space 39936K, 81% used [0x00000000f5980000,0x00000000f79742d0,0x00000000f8080000)
  from space 2048K, 88% used [0x00000000f8180000,0x00000000f8345fd0,0x00000000f8380000)
  to   space 10240K, 0% used [0x00000000f8a80000,0x00000000f8a80000,0x00000000f9480000)
 ParOldGen       total 121856K, used 65485K [0x00000000e0c00000, 0x00000000e8300000, 0x00000000f5980000)
  object space 121856K, 53% used [0x00000000e0c00000,0x00000000e4bf3438,0x00000000e8300000)
 Metaspace       used 24168K, capacity 24430K, committed 24704K, reserved 1071104K
  class space    used 2050K, capacity 2109K, committed 2176K, reserved 1048576K
GC Heap History (10 events):
Event: 126.773 GC heap before
{Heap before GC invocations=37 (full 2):
 PSYoungGen      total 57344K, used 46941K [0x00000000f5980000, 0x00000000fa180000, 0x0000000100000000)
  eden space 45056K, 100% used [0x00000000f5980000,0x00000000f8580000,0x00000000f8580000)
  from space 12288K, 15% used [0x00000000f9580000,0x00000000f97577e0,0x00000000fa180000)
  to   space 14336K, 0% used [0x00000000f8580000,0x00000000f8580000,0x00000000f9380000)
 ParOldGen       total 121856K, used 64748K [0x00000000e0c00000, 0x00000000e8300000, 0x00000000f5980000)
  object space 121856K, 53% used [0x00000000e0c00000,0x00000000e4b3b3f8,0x00000000e8300000)
 Metaspace       used 24168K, capacity 24430K, committed 24704K, reserved 1071104K
  class space    used 2050K, capacity 2109K, committed 2176K, reserved 1048576K
Event: 126.775 GC heap after
Heap after GC invocations=37 (full 2):
 PSYoungGen      total 46080K, used 2021K [0x00000000f5980000, 0x00000000f9e80000, 0x0000000100000000)
  eden space 44032K, 0% used [0x00000000f5980000,0x00000000f5980000,0x00000000f8480000)
  from space 2048K, 98% used [0x00000000f8580000,0x00000000f87797e0,0x00000000f8780000)
  to   space 13312K, 0% used [0x00000000f9180000,0x00000000f9180000,0x00000000f9e80000)
 ParOldGen       total 121856K, used 64820K [0x00000000e0c00000, 0x00000000e8300000, 0x00000000f5980000)
  object space 121856K, 53% used [0x00000000e0c00000,0x00000000e4b4d3f8,0x00000000e8300000)
 Metaspace       used 24168K, capacity 24430K, committed 24704K, reserved 1071104K
  class space    used 2050K, capacity 2109K, committed 2176K, reserved 1048576K
}
Event: 129.224 GC heap before
{Heap before GC invocations=38 (full 2):
 PSYoungGen      total 46080K, used 46053K [0x00000000f5980000, 0x00000000f9e80000, 0x0000000100000000)
  eden space 44032K, 100% used [0x00000000f5980000,0x00000000f8480000,0x00000000f8480000)
  from space 2048K, 98% used [0x00000000f8580000,0x00000000f87797e0,0x00000000f8780000)
  to   space 13312K, 0% used [0x00000000f9180000,0x00000000f9180000,0x00000000f9e80000)
 ParOldGen       total 121856K, used 64820K [0x00000000e0c00000, 0x00000000e8300000, 0x00000000f5980000)
  object space 121856K, 53% used [0x00000000e0c00000,0x00000000e4b4d3f8,0x00000000e8300000)
 Metaspace       used 24168K, capacity 24430K, committed 24704K, reserved 1071104K
  class space    used 2050K, capacity 2109K, committed 2176K, reserved 1048576K
Event: 129.226 GC heap after
Heap after GC invocations=38 (full 2):
 PSYoungGen      total 53248K, used 1925K [0x00000000f5980000, 0x00000000f9b80000, 0x0000000100000000)
  eden space 43008K, 0% used [0x00000000f5980000,0x00000000f5980000,0x00000000f8380000)
  from space 10240K, 18% used [0x00000000f9180000,0x00000000f93617e0,0x00000000f9b80000)
  to   space 12288K, 0% used [0x00000000f8380000,0x00000000f8380000,0x00000000f8f80000)
 ParOldGen       total 121856K, used 65045K [0x00000000e0c00000, 0x00000000e8300000, 0x00000000f5980000)
  object space 121856K, 53% used [0x00000000e0c00000,0x00000000e4b85438,0x00000000e8300000)
 Metaspace       used 24168K, capacity 24430K, committed 24704K, reserved 1071104K
  class space    used 2050K, capacity 2109K, committed 2176K, reserved 1048576K
}
Event: 131.633 GC heap before
{Heap before GC invocations=39 (full 2):
 PSYoungGen      total 53248K, used 44933K [0x00000000f5980000, 0x00000000f9b80000, 0x0000000100000000)
  eden space 43008K, 100% used [0x00000000f5980000,0x00000000f8380000,0x00000000f8380000)
  from space 10240K, 18% used [0x00000000f9180000,0x00000000f93617e0,0x00000000f9b80000)
  to   space 12288K, 0% used [0x00000000f8380000,0x00000000f8380000,0x00000000f8f80000)
 ParOldGen       total 121856K, used 65045K [0x00000000e0c00000, 0x00000000e8300000, 0x00000000f5980000)
  object space 121856K, 53% used [0x00000000e0c00000,0x00000000e4b85438,0x00000000e8300000)
 Metaspace       used 24168K, capacity 24430K, committed 24704K, reserved 1071104K
  class space    used 2050K, capacity 2109K, committed 2176K, reserved 1048576K
Event: 131.635 GC heap after
Heap after GC invocations=39 (full 2):
 PSYoungGen      total 44032K, used 1943K [0x00000000f5980000, 0x00000000f9980000, 0x0000000100000000)
  eden space 41984K, 0% used [0x00000000f5980000,0x00000000f5980000,0x00000000f8280000)
  from space 2048K, 94% used [0x00000000f8380000,0x00000000f8565fd0,0x00000000f8580000)
  to   space 11776K, 0% used [0x00000000f8e00000,0x00000000f8e00000,0x00000000f9980000)
 ParOldGen       total 121856K, used 65165K [0x00000000e0c00000, 0x00000000e8300000, 0x00000000f5980000)
  object space 121856K, 53% used [0x00000000e0c00000,0x00000000e4ba3438,0x00000000e8300000)
 Metaspace       used 24168K, capacity 24430K, committed 24704K, reserved 1071104K
  class space    used 2050K, capacity 2109K, committed 2176K, reserved 1048576K
}
Event: 133.986 GC heap before
{Heap before GC invocations=40 (full 2):
 PSYoungGen      total 44032K, used 43927K [0x00000000f5980000, 0x00000000f9980000, 0x0000000100000000)
  eden space 41984K, 100% used [0x00000000f5980000,0x00000000f8280000,0x00000000f8280000)
  from space 2048K, 94% used [0x00000000f8380000,0x00000000f8565fd0,0x00000000f8580000)
  to   space 11776K, 0% used [0x00000000f8e00000,0x00000000f8e00000,0x00000000f9980000)
 ParOldGen       total 121856K, used 65165K [0x00000000e0c00000, 0x00000000e8300000, 0x00000000f5980000)
  object space 121856K, 53% used [0x00000000e0c00000,0x00000000e4ba3438,0x00000000e8300000)
 Metaspace       used 24168K, capacity 24430K, committed 24704K, reserved 1071104K
  class space    used 2050K, capacity 2109K, committed 2176K, reserved 1048576K
Event: 133.989 GC heap after
Heap after GC invocations=40 (full 2):
 PSYoungGen      total 49664K, used 1861K [0x00000000f5980000, 0x00000000f9680000, 0x0000000100000000)
  eden space 40960K, 0% used [0x00000000f5980000,0x00000000f5980000,0x00000000f8180000)
  from space 8704K, 21% used [0x00000000f8e00000,0x00000000f8fd17e0,0x00000000f9680000)
  to   space 10752K, 0% used [0x00000000f8180000,0x00000000f8180000,0x00000000f8c00000)
 ParOldGen       total 121856K, used 65333K [0x00000000e0c00000, 0x00000000e8300000, 0x00000000f5980000)
  object space 121856K, 53% used [0x00000000e0c00000,0x00000000e4bcd438,0x00000000e8300000)
 Metaspace       used 24168K, capacity 24430K, committed 24704K, reserved 1071104K
  class space    used 2050K, capacity 2109K, committed 2176K, reserved 1048576K
}
Event: 136.260 GC heap before
{Heap before GC invocations=41 (full 2):
 PSYoungGen      total 49664K, used 42821K [0x00000000f5980000, 0x00000000f9680000, 0x0000000100000000)
  eden space 40960K, 100% used [0x00000000f5980000,0x00000000f8180000,0x00000000f8180000)
  from space 8704K, 21% used [0x00000000f8e00000,0x00000000f8fd17e0,0x00000000f9680000)
  to   space 10752K, 0% used [0x00000000f8180000,0x00000000f8180000,0x00000000f8c00000)
 ParOldGen       total 121856K, used 65333K [0x00000000e0c00000, 0x00000000e8300000, 0x00000000f5980000)
  object space 121856K, 53% used [0x00000000e0c00000,0x00000000e4bcd438,0x00000000e8300000)
 Metaspace       used 24168K, capacity 24430K, committed 24704K, reserved 1071104K
  class space    used 2050K, capacity 2109K, committed 2176K, reserved 1048576K
Event: 136.265 GC heap after
Heap after GC invocations=41 (full 2):
 PSYoungGen      total 41984K, used 1815K [0x00000000f5980000, 0x00000000f9480000, 0x0000000100000000)
  eden space 39936K, 0% used [0x00000000f5980000,0x00000000f5980000,0x00000000f8080000)
  from space 2048K, 88% used [0x00000000f8180000,0x00000000f8345fd0,0x00000000f8380000)
  to   space 10240K, 0% used [0x00000000f8a80000,0x00000000f8a80000,0x00000000f9480000)
 ParOldGen       total 121856K, used 65485K [0x00000000e0c00000, 0x00000000e8300000, 0x00000000f5980000)
  object space 121856K, 53% used [0x00000000e0c00000,0x00000000e4bf3438,0x00000000e8300000)
 Metaspace       used 24168K, capacity 24430K, committed 24704K, reserved 1071104K
  class space    used 2050K, capacity 2109K, committed 2176K, reserved 1048576K
}

