# JRE version: Java(TM) SE Runtime Environment (8.0_202-b08) (build 1.8.0_202-b08)
# Java VM: Java HotSpot(TM) 64-Bit Server VM (25.202-b08 mixed mode windows-amd64 compressed oops)
Heap:
 PSYoungGen      total 124928K, used 58633K [0x00000000f5980000, 0x00000000ff500000, 0x0000000100000000)
  eden space 111104K, 51% used [0x00000000f5980000,0x00000000f914af70,0x00000000fc600000)
  from space 13824K, 10% used [0x00000000fe780000,0x00000000fe8f77e0,0x00000000ff500000)
  to   space 24064K, 0% used [0x00000000fc600000,0x00000000fc600000,0x00000000fdd80000)
 ParOldGen       total 99328K, used 64917K [0x00000000e0c00000, 0x00000000e6d00000, 0x00000000f5980000)
  object space 99328K, 65% used [0x00000000e0c00000,0x00000000e4b657c0,0x00000000e6d00000)
 Metaspace       used 23975K, capacity 24168K, committed 24448K, reserved 1071104K
  class space    used 2048K, capacity 2108K, committed 2176K, reserved 1048576K
GC Heap History (10 events):
Event: 35.716 GC heap before
{Heap before GC invocations=18 (full 2):
 PSYoungGen      total 120832K, used 92295K [0x00000000f5980000, 0x00000000ffe00000, 0x0000000100000000)
  eden space 91648K, 100% used [0x00000000f5980000,0x00000000fb300000,0x00000000fb300000)
  from space 29184K, 2% used [0x00000000fb300000,0x00000000fb3a1fc0,0x00000000fcf80000)
  to   space 28672K, 0% used [0x00000000fe200000,0x00000000fe200000,0x00000000ffe00000)
 ParOldGen       total 99328K, used 64901K [0x00000000e0c00000, 0x00000000e6d00000, 0x00000000f5980000)
  object space 99328K, 65% used [0x00000000e0c00000,0x00000000e4b617c0,0x00000000e6d00000)
 Metaspace       used 23949K, capacity 24168K, committed 24448K, reserved 1071104K
  class space    used 2048K, capacity 2108K, committed 2176K, reserved 1048576K
Event: 35.719 GC heap after
Heap after GC invocations=18 (full 2):
 PSYoungGen      total 132608K, used 789K [0x00000000f5980000, 0x00000000ffa00000, 0x0000000100000000)
  eden space 108032K, 0% used [0x00000000f5980000,0x00000000f5980000,0x00000000fc300000)
  from space 24576K, 3% used [0x00000000fe200000,0x00000000fe2c57d0,0x00000000ffa00000)
  to   space 28160K, 0% used [0x00000000fc300000,0x00000000fc300000,0x00000000fde80000)
 ParOldGen       total 99328K, used 64909K [0x00000000e0c00000, 0x00000000e6d00000, 0x00000000f5980000)
  object space 99328K, 65% used [0x00000000e0c00000,0x00000000e4b637c0,0x00000000e6d00000)
 Metaspace       used 23949K, capacity 24168K, committed 24448K, reserved 1071104K
  class space    used 2048K, capacity 2108K, committed 2176K, reserved 1048576K
}
Event: 41.419 GC heap before
{Heap before GC invocations=19 (full 2):
 PSYoungGen      total 132608K, used 108821K [0x00000000f5980000, 0x00000000ffa00000, 0x0000000100000000)
  eden space 108032K, 100% used [0x00000000f5980000,0x00000000fc300000,0x00000000fc300000)
  from space 24576K, 3% used [0x00000000fe200000,0x00000000fe2c57d0,0x00000000ffa00000)
  to   space 28160K, 0% used [0x00000000fc300000,0x00000000fc300000,0x00000000fde80000)
 ParOldGen       total 99328K, used 64909K [0x00000000e0c00000, 0x00000000e6d00000, 0x00000000f5980000)
  object space 99328K, 65% used [0x00000000e0c00000,0x00000000e4b637c0,0x00000000e6d00000)
 Metaspace       used 23949K, capacity 24168K, committed 24448K, reserved 1071104K
  class space    used 2048K, capacity 2108K, committed 2176K, reserved 1048576K
Event: 41.421 GC heap after
Heap after GC invocations=19 (full 2):
 PSYoungGen      total 136192K, used 949K [0x00000000f5980000, 0x0000000100000000, 0x0000000100000000)
  eden space 108032K, 0% used [0x00000000f5980000,0x00000000f5980000,0x00000000fc300000)
  from space 28160K, 3% used [0x00000000fc300000,0x00000000fc3ed7d0,0x00000000fde80000)
  to   space 27136K, 0% used [0x00000000fe580000,0x00000000fe580000,0x0000000100000000)
 ParOldGen       total 99328K, used 64917K [0x00000000e0c00000, 0x00000000e6d00000, 0x00000000f5980000)
  object space 99328K, 65% used [0x00000000e0c00000,0x00000000e4b657c0,0x00000000e6d00000)
 Metaspace       used 23949K, capacity 24168K, committed 24448K, reserved 1071104K
  class space    used 2048K, capacity 2108K, committed 2176K, reserved 1048576K
}
Event: 47.073 GC heap before
{Heap before GC invocations=20 (full 2):
 PSYoungGen      total 136192K, used 108981K [0x00000000f5980000, 0x0000000100000000, 0x0000000100000000)
  eden space 108032K, 100% used [0x00000000f5980000,0x00000000fc300000,0x00000000fc300000)
  from space 28160K, 3% used [0x00000000fc300000,0x00000000fc3ed7d0,0x00000000fde80000)
  to   space 27136K, 0% used [0x00000000fe580000,0x00000000fe580000,0x0000000100000000)
 ParOldGen       total 99328K, used 64917K [0x00000000e0c00000, 0x00000000e6d00000, 0x00000000f5980000)
  object space 99328K, 65% used [0x00000000e0c00000,0x00000000e4b657c0,0x00000000e6d00000)
 Metaspace       used 23949K, capacity 24168K, committed 24448K, reserved 1071104K
  class space    used 2048K, capacity 2108K, committed 2176K, reserved 1048576K
Event: 47.076 GC heap after
Heap after GC invocations=20 (full 2):
 PSYoungGen      total 139264K, used 1117K [0x00000000f5980000, 0x00000000ffd00000, 0x0000000100000000)
  eden space 115200K, 0% used [0x00000000f5980000,0x00000000f5980000,0x00000000fca00000)
  from space 24064K, 4% used [0x00000000fe580000,0x00000000fe6977e0,0x00000000ffd00000)
  to   space 26112K, 0% used [0x00000000fca00000,0x00000000fca00000,0x00000000fe380000)
 ParOldGen       total 99328K, used 64917K [0x00000000e0c00000, 0x00000000e6d00000, 0x00000000f5980000)
  object space 99328K, 65% used [0x00000000e0c00000,0x00000000e4b657c0,0x00000000e6d00000)
 Metaspace       used 23949K, capacity 24168K, committed 24448K, reserved 1071104K
  class space    used 2048K, capacity 2108K, committed 2176K, reserved 1048576K
}
Event: 53.175 GC heap before
{Heap before GC invocations=21 (full 2):
 PSYoungGen      total 139264K, used 116317K [0x00000000f5980000, 0x00000000ffd00000, 0x0000000100000000)
  eden space 115200K, 100% used [0x00000000f5980000,0x00000000fca00000,0x00000000fca00000)
  from space 24064K, 4% used [0x00000000fe580000,0x00000000fe6977e0,0x00000000ffd00000)
  to   space 26112K, 0% used [0x00000000fca00000,0x00000000fca00000,0x00000000fe380000)
 ParOldGen       total 99328K, used 64917K [0x00000000e0c00000, 0x00000000e6d00000, 0x00000000f5980000)
  object space 99328K, 65% used [0x00000000e0c00000,0x00000000e4b657c0,0x00000000e6d00000)
 Metaspace       used 23949K, capacity 24168K, committed 24448K, reserved 1071104K
  class space    used 2048K, capacity 2108K, committed 2176K, reserved 1048576K
Event: 53.177 GC heap after
Heap after GC invocations=21 (full 2):
 PSYoungGen      total 141312K, used 1259K [0x00000000f5980000, 0x0000000100000000, 0x0000000100000000)
  eden space 115200K, 0% used [0x00000000f5980000,0x00000000f5980000,0x00000000fca00000)
  from space 26112K, 4% used [0x00000000fca00000,0x00000000fcb3aff0,0x00000000fe380000)
  to   space 25088K, 0% used [0x00000000fe780000,0x00000000fe780000,0x0000000100000000)
 ParOldGen       total 99328K, used 64917K [0x00000000e0c00000, 0x00000000e6d00000, 0x00000000f5980000)
  object space 99328K, 65% used [0x00000000e0c00000,0x00000000e4b657c0,0x00000000e6d00000)
 Metaspace       used 23949K, capacity 24168K, committed 24448K, reserved 1071104K
  class space    used 2048K, capacity 2108K, committed 2176K, reserved 1048576K
}
Event: 59.274 GC heap before
{Heap before GC invocations=22 (full 2):
 PSYoungGen      total 141312K, used 116459K [0x00000000f5980000, 0x0000000100000000, 0x0000000100000000)
  eden space 115200K, 100% used [0x00000000f5980000,0x00000000fca00000,0x00000000fca00000)
  from space 26112K, 4% used [0x00000000fca00000,0x00000000fcb3aff0,0x00000000fe380000)
  to   space 25088K, 0% used [0x00000000fe780000,0x00000000fe780000,0x0000000100000000)
 ParOldGen       total 99328K, used 64917K [0x00000000e0c00000, 0x00000000e6d00000, 0x00000000f5980000)
  object space 99328K, 65% used [0x00000000e0c00000,0x00000000e4b657c0,0x00000000e6d00000)
 Metaspace       used 23949K, capacity 24168K, committed 24448K, reserved 1071104K
  class space    used 2048K, capacity 2108K, committed 2176K, reserved 1048576K
Event: 59.276 GC heap after
Heap after GC invocations=22 (full 2):
 PSYoungGen      total 124928K, used 1501K [0x00000000f5980000, 0x00000000ff500000, 0x0000000100000000)
  eden space 111104K, 0% used [0x00000000f5980000,0x00000000f5980000,0x00000000fc600000)
  from space 13824K, 10% used [0x00000000fe780000,0x00000000fe8f77e0,0x00000000ff500000)
  to   space 24064K, 0% used [0x00000000fc600000,0x00000000fc600000,0x00000000fdd80000)
 ParOldGen       total 99328K, used 64917K [0x00000000e0c00000, 0x00000000e6d00000, 0x00000000f5980000)
  object space 99328K, 65% used [0x00000000e0c00000,0x00000000e4b657c0,0x00000000e6d00000)
 Metaspace       used 23949K, capacity 24168K, committed 24448K, reserved 1071104K
  class space    used 2048K, capacity 2108K, committed 2176K, reserved 1048576K
}

