# JRE version: Java(TM) SE Runtime Environment (8.0_202-b08) (build 1.8.0_202-b08)
# Java VM: Java HotSpot(TM) 64-Bit Server VM (25.202-b08 mixed mode windows-amd64 compressed oops)
Heap:
 PSYoungGen      total 117248K, used 74534K [0x00000000f5980000, 0x00000000ff500000, 0x0000000100000000)
  eden space 77824K, 63% used [0x00000000f5980000,0x00000000f89c4830,0x00000000fa580000)
  from space 39424K, 63% used [0x00000000fa580000,0x00000000fbe05170,0x00000000fcc00000)
  to   space 39424K, 0% used [0x00000000fce80000,0x00000000fce80000,0x00000000ff500000)
 ParOldGen       total 95744K, used 44029K [0x00000000e0c00000, 0x00000000e6980000, 0x00000000f5980000)
  object space 95744K, 45% used [0x00000000e0c00000,0x00000000e36ff4b0,0x00000000e6980000)
 Metaspace       used 24009K, capacity 24232K, committed 24448K, reserved 1071104K
  class space    used 2038K, capacity 2108K, committed 2176K, reserved 1048576K
GC Heap History (10 events):
Event: 42.292 GC heap before
{Heap before GC invocations=17 (full 2):
 PSYoungGen      total 105472K, used 93549K [0x00000000f5980000, 0x00000000fe600000, 0x0000000100000000)
  eden space 69120K, 100% used [0x00000000f5980000,0x00000000f9d00000,0x00000000f9d00000)
  from space 36352K, 67% used [0x00000000fc280000,0x00000000fda5b620,0x00000000fe600000)
  to   space 37376K, 0% used [0x00000000f9d00000,0x00000000f9d00000,0x00000000fc180000)
 ParOldGen       total 95744K, used 43989K [0x00000000e0c00000, 0x00000000e6980000, 0x00000000f5980000)
  object space 95744K, 45% used [0x00000000e0c00000,0x00000000e36f54b0,0x00000000e6980000)
 Metaspace       used 23910K, capacity 24104K, committed 24448K, reserved 1071104K
  class space    used 2037K, capacity 2108K, committed 2176K, reserved 1048576K
Event: 42.302 GC heap after
Heap after GC invocations=17 (full 2):
 PSYoungGen      total 106496K, used 25028K [0x00000000f5980000, 0x00000000fee80000, 0x0000000100000000)
  eden space 69120K, 0% used [0x00000000f5980000,0x00000000f5980000,0x00000000f9d00000)
  from space 37376K, 66% used [0x00000000f9d00000,0x00000000fb5711d0,0x00000000fc180000)
  to   space 38400K, 0% used [0x00000000fc900000,0x00000000fc900000,0x00000000fee80000)
 ParOldGen       total 95744K, used 43997K [0x00000000e0c00000, 0x00000000e6980000, 0x00000000f5980000)
  object space 95744K, 45% used [0x00000000e0c00000,0x00000000e36f74b0,0x00000000e6980000)
 Metaspace       used 23910K, capacity 24104K, committed 24448K, reserved 1071104K
  class space    used 2037K, capacity 2108K, committed 2176K, reserved 1048576K
}
Event: 46.114 GC heap before
{Heap before GC invocations=18 (full 2):
 PSYoungGen      total 106496K, used 94148K [0x00000000f5980000, 0x00000000fee80000, 0x0000000100000000)
  eden space 69120K, 100% used [0x00000000f5980000,0x00000000f9d00000,0x00000000f9d00000)
  from space 37376K, 66% used [0x00000000f9d00000,0x00000000fb5711d0,0x00000000fc180000)
  to   space 38400K, 0% used [0x00000000fc900000,0x00000000fc900000,0x00000000fee80000)
 ParOldGen       total 95744K, used 43997K [0x00000000e0c00000, 0x00000000e6980000, 0x00000000f5980000)
  object space 95744K, 45% used [0x00000000e0c00000,0x00000000e36f74b0,0x00000000e6980000)
 Metaspace       used 23972K, capacity 24168K, committed 24448K, reserved 1071104K
  class space    used 2037K, capacity 2108K, committed 2176K, reserved 1048576K
Event: 46.122 GC heap after
Heap after GC invocations=18 (full 2):
 PSYoungGen      total 113152K, used 24787K [0x00000000f5980000, 0x00000000fee80000, 0x0000000100000000)
  eden space 74752K, 0% used [0x00000000f5980000,0x00000000f5980000,0x00000000fa280000)
  from space 38400K, 64% used [0x00000000fc900000,0x00000000fe134da8,0x00000000fee80000)
  to   space 38912K, 0% used [0x00000000fa280000,0x00000000fa280000,0x00000000fc880000)
 ParOldGen       total 95744K, used 44005K [0x00000000e0c00000, 0x00000000e6980000, 0x00000000f5980000)
  object space 95744K, 45% used [0x00000000e0c00000,0x00000000e36f94b0,0x00000000e6980000)
 Metaspace       used 23972K, capacity 24168K, committed 24448K, reserved 1071104K
  class space    used 2037K, capacity 2108K, committed 2176K, reserved 1048576K
}
Event: 51.076 GC heap before
{Heap before GC invocations=19 (full 2):
 PSYoungGen      total 113152K, used 99539K [0x00000000f5980000, 0x00000000fee80000, 0x0000000100000000)
  eden space 74752K, 100% used [0x00000000f5980000,0x00000000fa280000,0x00000000fa280000)
  from space 38400K, 64% used [0x00000000fc900000,0x00000000fe134da8,0x00000000fee80000)
  to   space 38912K, 0% used [0x00000000fa280000,0x00000000fa280000,0x00000000fc880000)
 ParOldGen       total 95744K, used 44005K [0x00000000e0c00000, 0x00000000e6980000, 0x00000000f5980000)
  object space 95744K, 45% used [0x00000000e0c00000,0x00000000e36f94b0,0x00000000e6980000)
 Metaspace       used 23982K, capacity 24168K, committed 24448K, reserved 1071104K
  class space    used 2037K, capacity 2108K, committed 2176K, reserved 1048576K
Event: 51.085 GC heap after
Heap after GC invocations=19 (full 2):
 PSYoungGen      total 113664K, used 24875K [0x00000000f5980000, 0x00000000ff200000, 0x0000000100000000)
  eden space 74752K, 0% used [0x00000000f5980000,0x00000000f5980000,0x00000000fa280000)
  from space 38912K, 63% used [0x00000000fa280000,0x00000000fbacac68,0x00000000fc880000)
  to   space 38912K, 0% used [0x00000000fcc00000,0x00000000fcc00000,0x00000000ff200000)
 ParOldGen       total 95744K, used 44013K [0x00000000e0c00000, 0x00000000e6980000, 0x00000000f5980000)
  object space 95744K, 45% used [0x00000000e0c00000,0x00000000e36fb4b0,0x00000000e6980000)
 Metaspace       used 23982K, capacity 24168K, committed 24448K, reserved 1071104K
  class space    used 2037K, capacity 2108K, committed 2176K, reserved 1048576K
}
Event: 56.030 GC heap before
{Heap before GC invocations=20 (full 2):
 PSYoungGen      total 113664K, used 99627K [0x00000000f5980000, 0x00000000ff200000, 0x0000000100000000)
  eden space 74752K, 100% used [0x00000000f5980000,0x00000000fa280000,0x00000000fa280000)
  from space 38912K, 63% used [0x00000000fa280000,0x00000000fbacac68,0x00000000fc880000)
  to   space 38912K, 0% used [0x00000000fcc00000,0x00000000fcc00000,0x00000000ff200000)
 ParOldGen       total 95744K, used 44013K [0x00000000e0c00000, 0x00000000e6980000, 0x00000000f5980000)
  object space 95744K, 45% used [0x00000000e0c00000,0x00000000e36fb4b0,0x00000000e6980000)
 Metaspace       used 23984K, capacity 24168K, committed 24448K, reserved 1071104K
  class space    used 2038K, capacity 2108K, committed 2176K, reserved 1048576K
Event: 56.039 GC heap after
Heap after GC invocations=20 (full 2):
 PSYoungGen      total 116736K, used 25039K [0x00000000f5980000, 0x00000000ff280000, 0x0000000100000000)
  eden space 77824K, 0% used [0x00000000f5980000,0x00000000f5980000,0x00000000fa580000)
  from space 38912K, 64% used [0x00000000fcc00000,0x00000000fe473db8,0x00000000ff200000)
  to   space 39424K, 0% used [0x00000000fa580000,0x00000000fa580000,0x00000000fcc00000)
 ParOldGen       total 95744K, used 44021K [0x00000000e0c00000, 0x00000000e6980000, 0x00000000f5980000)
  object space 95744K, 45% used [0x00000000e0c00000,0x00000000e36fd4b0,0x00000000e6980000)
 Metaspace       used 23984K, capacity 24168K, committed 24448K, reserved 1071104K
  class space    used 2038K, capacity 2108K, committed 2176K, reserved 1048576K
}
Event: 61.216 GC heap before
{Heap before GC invocations=21 (full 2):
 PSYoungGen      total 116736K, used 102863K [0x00000000f5980000, 0x00000000ff280000, 0x0000000100000000)
  eden space 77824K, 100% used [0x00000000f5980000,0x00000000fa580000,0x00000000fa580000)
  from space 38912K, 64% used [0x00000000fcc00000,0x00000000fe473db8,0x00000000ff200000)
  to   space 39424K, 0% used [0x00000000fa580000,0x00000000fa580000,0x00000000fcc00000)
 ParOldGen       total 95744K, used 44021K [0x00000000e0c00000, 0x00000000e6980000, 0x00000000f5980000)
  object space 95744K, 45% used [0x00000000e0c00000,0x00000000e36fd4b0,0x00000000e6980000)
 Metaspace       used 23984K, capacity 24168K, committed 24448K, reserved 1071104K
  class space    used 2038K, capacity 2108K, committed 2176K, reserved 1048576K
Event: 61.224 GC heap after
Heap after GC invocations=21 (full 2):
 PSYoungGen      total 117248K, used 25108K [0x00000000f5980000, 0x00000000ff500000, 0x0000000100000000)
  eden space 77824K, 0% used [0x00000000f5980000,0x00000000f5980000,0x00000000fa580000)
  from space 39424K, 63% used [0x00000000fa580000,0x00000000fbe05170,0x00000000fcc00000)
  to   space 39424K, 0% used [0x00000000fce80000,0x00000000fce80000,0x00000000ff500000)
 ParOldGen       total 95744K, used 44029K [0x00000000e0c00000, 0x00000000e6980000, 0x00000000f5980000)
  object space 95744K, 45% used [0x00000000e0c00000,0x00000000e36ff4b0,0x00000000e6980000)
 Metaspace       used 23984K, capacity 24168K, committed 24448K, reserved 1071104K
  class space    used 2038K, capacity 2108K, committed 2176K, reserved 1048576K
}

