# JRE version: Java(TM) SE Runtime Environment (8.0_202-b08) (build 1.8.0_202-b08)
# Java VM: Java HotSpot(TM) 64-Bit Server VM (25.202-b08 mixed mode windows-amd64 compressed oops)
Heap:
 PSYoungGen      total 59392K, used 1899K [0x00000000f5980000, 0x00000000fae00000, 0x0000000100000000)
  eden space 37376K, 1% used [0x00000000f5980000,0x00000000f5a0b7a0,0x00000000f7e00000)
  from space 22016K, 6% used [0x00000000f9880000,0x00000000f99cf7e0,0x00000000fae00000)
  to   space 24576K, 0% used [0x00000000f7e00000,0x00000000f7e00000,0x00000000f9600000)
 ParOldGen       total 128000K, used 64490K [0x00000000e0c00000, 0x00000000e8900000, 0x00000000f5980000)
  object space 128000K, 50% used [0x00000000e0c00000,0x00000000e4afaba0,0x00000000e8900000)
 Metaspace       used 24098K, capacity 24296K, committed 24448K, reserved 1071104K
  class space    used 2039K, capacity 2108K, committed 2176K, reserved 1048576K
GC Heap History (10 events):
Event: 78.339 GC heap before
{Heap before GC invocations=30 (full 2):
 PSYoungGen      total 42496K, used 42471K [0x00000000f5980000, 0x00000000fc500000, 0x0000000100000000)
  eden space 41472K, 100% used [0x00000000f5980000,0x00000000f8200000,0x00000000f8200000)
  from space 1024K, 97% used [0x00000000f8300000,0x00000000f83f9fc0,0x00000000f8400000)
  to   space 34304K, 0% used [0x00000000fa380000,0x00000000fa380000,0x00000000fc500000)
 ParOldGen       total 128000K, used 64442K [0x00000000e0c00000, 0x00000000e8900000, 0x00000000f5980000)
  object space 128000K, 50% used [0x00000000e0c00000,0x00000000e4aeeba0,0x00000000e8900000)
 Metaspace       used 24098K, capacity 24296K, committed 24448K, reserved 1071104K
  class space    used 2039K, capacity 2108K, committed 2176K, reserved 1048576K
Event: 78.341 GC heap after
Heap after GC invocations=30 (full 2):
 PSYoungGen      total 69632K, used 1097K [0x00000000f5980000, 0x00000000fc000000, 0x0000000100000000)
  eden space 40448K, 0% used [0x00000000f5980000,0x00000000f5980000,0x00000000f8100000)
  from space 29184K, 3% used [0x00000000fa380000,0x00000000fa4927e0,0x00000000fc000000)
  to   space 32256K, 0% used [0x00000000f8100000,0x00000000f8100000,0x00000000fa080000)
 ParOldGen       total 128000K, used 64450K [0x00000000e0c00000, 0x00000000e8900000, 0x00000000f5980000)
  object space 128000K, 50% used [0x00000000e0c00000,0x00000000e4af0ba0,0x00000000e8900000)
 Metaspace       used 24098K, capacity 24296K, committed 24448K, reserved 1071104K
  class space    used 2039K, capacity 2108K, committed 2176K, reserved 1048576K
}
Event: 80.540 GC heap before
{Heap before GC invocations=31 (full 2):
 PSYoungGen      total 69632K, used 41545K [0x00000000f5980000, 0x00000000fc000000, 0x0000000100000000)
  eden space 40448K, 100% used [0x00000000f5980000,0x00000000f8100000,0x00000000f8100000)
  from space 29184K, 3% used [0x00000000fa380000,0x00000000fa4927e0,0x00000000fc000000)
  to   space 32256K, 0% used [0x00000000f8100000,0x00000000f8100000,0x00000000fa080000)
 ParOldGen       total 128000K, used 64450K [0x00000000e0c00000, 0x00000000e8900000, 0x00000000f5980000)
  object space 128000K, 50% used [0x00000000e0c00000,0x00000000e4af0ba0,0x00000000e8900000)
 Metaspace       used 24098K, capacity 24296K, committed 24448K, reserved 1071104K
  class space    used 2039K, capacity 2108K, committed 2176K, reserved 1048576K
Event: 80.543 GC heap after
Heap after GC invocations=31 (full 2):
 PSYoungGen      total 40960K, used 1181K [0x00000000f5980000, 0x00000000fbb00000, 0x0000000100000000)
  eden space 39424K, 0% used [0x00000000f5980000,0x00000000f5980000,0x00000000f8000000)
  from space 1536K, 76% used [0x00000000f8100000,0x00000000f82277e0,0x00000000f8280000)
  to   space 30208K, 0% used [0x00000000f9d80000,0x00000000f9d80000,0x00000000fbb00000)
 ParOldGen       total 128000K, used 64450K [0x00000000e0c00000, 0x00000000e8900000, 0x00000000f5980000)
  object space 128000K, 50% used [0x00000000e0c00000,0x00000000e4af0ba0,0x00000000e8900000)
 Metaspace       used 24098K, capacity 24296K, committed 24448K, reserved 1071104K
  class space    used 2039K, capacity 2108K, committed 2176K, reserved 1048576K
}
Event: 82.705 GC heap before
{Heap before GC invocations=32 (full 2):
 PSYoungGen      total 40960K, used 40605K [0x00000000f5980000, 0x00000000fbb00000, 0x0000000100000000)
  eden space 39424K, 100% used [0x00000000f5980000,0x00000000f8000000,0x00000000f8000000)
  from space 1536K, 76% used [0x00000000f8100000,0x00000000f82277e0,0x00000000f8280000)
  to   space 30208K, 0% used [0x00000000f9d80000,0x00000000f9d80000,0x00000000fbb00000)
 ParOldGen       total 128000K, used 64450K [0x00000000e0c00000, 0x00000000e8900000, 0x00000000f5980000)
  object space 128000K, 50% used [0x00000000e0c00000,0x00000000e4af0ba0,0x00000000e8900000)
 Metaspace       used 24098K, capacity 24296K, committed 24448K, reserved 1071104K
  class space    used 2039K, capacity 2108K, committed 2176K, reserved 1048576K
Event: 82.708 GC heap after
Heap after GC invocations=32 (full 2):
 PSYoungGen      total 64512K, used 1181K [0x00000000f5980000, 0x00000000fb700000, 0x0000000100000000)
  eden space 38400K, 0% used [0x00000000f5980000,0x00000000f5980000,0x00000000f7f00000)
  from space 26112K, 4% used [0x00000000f9d80000,0x00000000f9ea77e0,0x00000000fb700000)
  to   space 28672K, 0% used [0x00000000f7f00000,0x00000000f7f00000,0x00000000f9b00000)
 ParOldGen       total 128000K, used 64450K [0x00000000e0c00000, 0x00000000e8900000, 0x00000000f5980000)
  object space 128000K, 50% used [0x00000000e0c00000,0x00000000e4af0ba0,0x00000000e8900000)
 Metaspace       used 24098K, capacity 24296K, committed 24448K, reserved 1071104K
  class space    used 2039K, capacity 2108K, committed 2176K, reserved 1048576K
}
Event: 84.791 GC heap before
{Heap before GC invocations=33 (full 2):
 PSYoungGen      total 64512K, used 39581K [0x00000000f5980000, 0x00000000fb700000, 0x0000000100000000)
  eden space 38400K, 100% used [0x00000000f5980000,0x00000000f7f00000,0x00000000f7f00000)
  from space 26112K, 4% used [0x00000000f9d80000,0x00000000f9ea77e0,0x00000000fb700000)
  to   space 28672K, 0% used [0x00000000f7f00000,0x00000000f7f00000,0x00000000f9b00000)
 ParOldGen       total 128000K, used 64450K [0x00000000e0c00000, 0x00000000e8900000, 0x00000000f5980000)
  object space 128000K, 50% used [0x00000000e0c00000,0x00000000e4af0ba0,0x00000000e8900000)
 Metaspace       used 24098K, capacity 24296K, committed 24448K, reserved 1071104K
  class space    used 2039K, capacity 2108K, committed 2176K, reserved 1048576K
Event: 84.794 GC heap after
Heap after GC invocations=33 (full 2):
 PSYoungGen      total 39424K, used 1277K [0x00000000f5980000, 0x00000000fb280000, 0x0000000100000000)
  eden space 37888K, 0% used [0x00000000f5980000,0x00000000f5980000,0x00000000f7e80000)
  from space 1536K, 83% used [0x00000000f7f00000,0x00000000f803f7e0,0x00000000f8080000)
  to   space 26624K, 0% used [0x00000000f9880000,0x00000000f9880000,0x00000000fb280000)
 ParOldGen       total 128000K, used 64450K [0x00000000e0c00000, 0x00000000e8900000, 0x00000000f5980000)
  object space 128000K, 50% used [0x00000000e0c00000,0x00000000e4af0ba0,0x00000000e8900000)
 Metaspace       used 24098K, capacity 24296K, committed 24448K, reserved 1071104K
  class space    used 2039K, capacity 2108K, committed 2176K, reserved 1048576K
}
Event: 86.867 GC heap before
{Heap before GC invocations=34 (full 2):
 PSYoungGen      total 39424K, used 39165K [0x00000000f5980000, 0x00000000fb280000, 0x0000000100000000)
  eden space 37888K, 100% used [0x00000000f5980000,0x00000000f7e80000,0x00000000f7e80000)
  from space 1536K, 83% used [0x00000000f7f00000,0x00000000f803f7e0,0x00000000f8080000)
  to   space 26624K, 0% used [0x00000000f9880000,0x00000000f9880000,0x00000000fb280000)
 ParOldGen       total 128000K, used 64450K [0x00000000e0c00000, 0x00000000e8900000, 0x00000000f5980000)
  object space 128000K, 50% used [0x00000000e0c00000,0x00000000e4af0ba0,0x00000000e8900000)
 Metaspace       used 24098K, capacity 24296K, committed 24448K, reserved 1071104K
  class space    used 2039K, capacity 2108K, committed 2176K, reserved 1048576K
Event: 86.870 GC heap after
Heap after GC invocations=34 (full 2):
 PSYoungGen      total 59392K, used 1341K [0x00000000f5980000, 0x00000000fae00000, 0x0000000100000000)
  eden space 37376K, 0% used [0x00000000f5980000,0x00000000f5980000,0x00000000f7e00000)
  from space 22016K, 6% used [0x00000000f9880000,0x00000000f99cf7e0,0x00000000fae00000)
  to   space 24576K, 0% used [0x00000000f7e00000,0x00000000f7e00000,0x00000000f9600000)
 ParOldGen       total 128000K, used 64490K [0x00000000e0c00000, 0x00000000e8900000, 0x00000000f5980000)
  object space 128000K, 50% used [0x00000000e0c00000,0x00000000e4afaba0,0x00000000e8900000)
 Metaspace       used 24098K, capacity 24296K, committed 24448K, reserved 1071104K
  class space    used 2039K, capacity 2108K, committed 2176K, reserved 1048576K
}

