# JRE version: Java(TM) SE Runtime Environment (8.0_202-b08) (build 1.8.0_202-b08)
# Java VM: Java HotSpot(TM) 64-Bit Server VM (25.202-b08 mixed mode windows-amd64 compressed oops)
Heap:
 PSYoungGen      total 25088K, used 4942K [0x00000000f5980000, 0x00000000f7380000, 0x0000000100000000)
  eden space 23552K, 16% used [0x00000000f5980000,0x00000000f5d59888,0x00000000f7080000)
  from space 1536K, 65% used [0x00000000f7080000,0x00000000f7179fc0,0x00000000f7200000)
  to   space 1536K, 0% used [0x00000000f7200000,0x00000000f7200000,0x00000000f7380000)
 ParOldGen       total 121344K, used 71877K [0x00000000e0c00000, 0x00000000e8280000, 0x00000000f5980000)
  object space 121344K, 59% used [0x00000000e0c00000,0x00000000e52315d0,0x00000000e8280000)
 Metaspace       used 24106K, capacity 24296K, committed 24448K, reserved 1071104K
  class space    used 2048K, capacity 2108K, committed 2176K, reserved 1048576K
GC Heap History (10 events):
Event: 405.262 GC heap before
{Heap before GC invocations=165 (full 2):
 PSYoungGen      total 25088K, used 24675K [0x00000000f5980000, 0x00000000f7380000, 0x0000000100000000)
  eden space 23552K, 100% used [0x00000000f5980000,0x00000000f7080000,0x00000000f7080000)
  from space 1536K, 73% used [0x00000000f7200000,0x00000000f7318ff0,0x00000000f7380000)
  to   space 1536K, 0% used [0x00000000f7080000,0x00000000f7080000,0x00000000f7200000)
 ParOldGen       total 121344K, used 71389K [0x00000000e0c00000, 0x00000000e8280000, 0x00000000f5980000)
  object space 121344K, 58% used [0x00000000e0c00000,0x00000000e51b75c0,0x00000000e8280000)
 Metaspace       used 24106K, capacity 24296K, committed 24448K, reserved 1071104K
  class space    used 2048K, capacity 2108K, committed 2176K, reserved 1048576K
Event: 405.266 GC heap after
Heap after GC invocations=165 (full 2):
 PSYoungGen      total 25088K, used 1013K [0x00000000f5980000, 0x00000000f7380000, 0x0000000100000000)
  eden space 23552K, 0% used [0x00000000f5980000,0x00000000f5980000,0x00000000f7080000)
  from space 1536K, 66% used [0x00000000f7080000,0x00000000f717d7d0,0x00000000f7200000)
  to   space 1536K, 0% used [0x00000000f7200000,0x00000000f7200000,0x00000000f7380000)
 ParOldGen       total 121344K, used 71613K [0x00000000e0c00000, 0x00000000e8280000, 0x00000000f5980000)
  object space 121344K, 59% used [0x00000000e0c00000,0x00000000e51ef5d0,0x00000000e8280000)
 Metaspace       used 24106K, capacity 24296K, committed 24448K, reserved 1071104K
  class space    used 2048K, capacity 2108K, committed 2176K, reserved 1048576K
}
Event: 406.582 GC heap before
{Heap before GC invocations=166 (full 2):
 PSYoungGen      total 25088K, used 24565K [0x00000000f5980000, 0x00000000f7380000, 0x0000000100000000)
  eden space 23552K, 100% used [0x00000000f5980000,0x00000000f7080000,0x00000000f7080000)
  from space 1536K, 66% used [0x00000000f7080000,0x00000000f717d7d0,0x00000000f7200000)
  to   space 1536K, 0% used [0x00000000f7200000,0x00000000f7200000,0x00000000f7380000)
 ParOldGen       total 121344K, used 71613K [0x00000000e0c00000, 0x00000000e8280000, 0x00000000f5980000)
  object space 121344K, 59% used [0x00000000e0c00000,0x00000000e51ef5d0,0x00000000e8280000)
 Metaspace       used 24106K, capacity 24296K, committed 24448K, reserved 1071104K
  class space    used 2048K, capacity 2108K, committed 2176K, reserved 1048576K
Event: 406.584 GC heap after
Heap after GC invocations=166 (full 2):
 PSYoungGen      total 25088K, used 981K [0x00000000f5980000, 0x00000000f7380000, 0x0000000100000000)
  eden space 23552K, 0% used [0x00000000f5980000,0x00000000f5980000,0x00000000f7080000)
  from space 1536K, 63% used [0x00000000f7200000,0x00000000f72f57d0,0x00000000f7380000)
  to   space 1536K, 0% used [0x00000000f7080000,0x00000000f7080000,0x00000000f7200000)
 ParOldGen       total 121344K, used 71685K [0x00000000e0c00000, 0x00000000e8280000, 0x00000000f5980000)
  object space 121344K, 59% used [0x00000000e0c00000,0x00000000e52015d0,0x00000000e8280000)
 Metaspace       used 24106K, capacity 24296K, committed 24448K, reserved 1071104K
  class space    used 2048K, capacity 2108K, committed 2176K, reserved 1048576K
}
Event: 407.892 GC heap before
{Heap before GC invocations=167 (full 2):
 PSYoungGen      total 25088K, used 24533K [0x00000000f5980000, 0x00000000f7380000, 0x0000000100000000)
  eden space 23552K, 100% used [0x00000000f5980000,0x00000000f7080000,0x00000000f7080000)
  from space 1536K, 63% used [0x00000000f7200000,0x00000000f72f57d0,0x00000000f7380000)
  to   space 1536K, 0% used [0x00000000f7080000,0x00000000f7080000,0x00000000f7200000)
 ParOldGen       total 121344K, used 71685K [0x00000000e0c00000, 0x00000000e8280000, 0x00000000f5980000)
  object space 121344K, 59% used [0x00000000e0c00000,0x00000000e52015d0,0x00000000e8280000)
 Metaspace       used 24106K, capacity 24296K, committed 24448K, reserved 1071104K
  class space    used 2048K, capacity 2108K, committed 2176K, reserved 1048576K
Event: 407.895 GC heap after
Heap after GC invocations=167 (full 2):
 PSYoungGen      total 25088K, used 1013K [0x00000000f5980000, 0x00000000f7380000, 0x0000000100000000)
  eden space 23552K, 0% used [0x00000000f5980000,0x00000000f5980000,0x00000000f7080000)
  from space 1536K, 66% used [0x00000000f7080000,0x00000000f717d7d0,0x00000000f7200000)
  to   space 1536K, 0% used [0x00000000f7200000,0x00000000f7200000,0x00000000f7380000)
 ParOldGen       total 121344K, used 71757K [0x00000000e0c00000, 0x00000000e8280000, 0x00000000f5980000)
  object space 121344K, 59% used [0x00000000e0c00000,0x00000000e52135d0,0x00000000e8280000)
 Metaspace       used 24106K, capacity 24296K, committed 24448K, reserved 1071104K
  class space    used 2048K, capacity 2108K, committed 2176K, reserved 1048576K
}
Event: 409.229 GC heap before
{Heap before GC invocations=168 (full 2):
 PSYoungGen      total 25088K, used 24565K [0x00000000f5980000, 0x00000000f7380000, 0x0000000100000000)
  eden space 23552K, 100% used [0x00000000f5980000,0x00000000f7080000,0x00000000f7080000)
  from space 1536K, 66% used [0x00000000f7080000,0x00000000f717d7d0,0x00000000f7200000)
  to   space 1536K, 0% used [0x00000000f7200000,0x00000000f7200000,0x00000000f7380000)
 ParOldGen       total 121344K, used 71757K [0x00000000e0c00000, 0x00000000e8280000, 0x00000000f5980000)
  object space 121344K, 59% used [0x00000000e0c00000,0x00000000e52135d0,0x00000000e8280000)
 Metaspace       used 24106K, capacity 24296K, committed 24448K, reserved 1071104K
  class space    used 2048K, capacity 2108K, committed 2176K, reserved 1048576K
Event: 409.232 GC heap after
Heap after GC invocations=168 (full 2):
 PSYoungGen      total 25088K, used 999K [0x00000000f5980000, 0x00000000f7380000, 0x0000000100000000)
  eden space 23552K, 0% used [0x00000000f5980000,0x00000000f5980000,0x00000000f7080000)
  from space 1536K, 65% used [0x00000000f7200000,0x00000000f72f9fc0,0x00000000f7380000)
  to   space 1536K, 0% used [0x00000000f7080000,0x00000000f7080000,0x00000000f7200000)
 ParOldGen       total 121344K, used 71821K [0x00000000e0c00000, 0x00000000e8280000, 0x00000000f5980000)
  object space 121344K, 59% used [0x00000000e0c00000,0x00000000e52235d0,0x00000000e8280000)
 Metaspace       used 24106K, capacity 24296K, committed 24448K, reserved 1071104K
  class space    used 2048K, capacity 2108K, committed 2176K, reserved 1048576K
}
Event: 410.544 GC heap before
{Heap before GC invocations=169 (full 2):
 PSYoungGen      total 25088K, used 24551K [0x00000000f5980000, 0x00000000f7380000, 0x0000000100000000)
  eden space 23552K, 100% used [0x00000000f5980000,0x00000000f7080000,0x00000000f7080000)
  from space 1536K, 65% used [0x00000000f7200000,0x00000000f72f9fc0,0x00000000f7380000)
  to   space 1536K, 0% used [0x00000000f7080000,0x00000000f7080000,0x00000000f7200000)
 ParOldGen       total 121344K, used 71821K [0x00000000e0c00000, 0x00000000e8280000, 0x00000000f5980000)
  object space 121344K, 59% used [0x00000000e0c00000,0x00000000e52235d0,0x00000000e8280000)
 Metaspace       used 24106K, capacity 24296K, committed 24448K, reserved 1071104K
  class space    used 2048K, capacity 2108K, committed 2176K, reserved 1048576K
Event: 410.548 GC heap after
Heap after GC invocations=169 (full 2):
 PSYoungGen      total 25088K, used 999K [0x00000000f5980000, 0x00000000f7380000, 0x0000000100000000)
  eden space 23552K, 0% used [0x00000000f5980000,0x00000000f5980000,0x00000000f7080000)
  from space 1536K, 65% used [0x00000000f7080000,0x00000000f7179fc0,0x00000000f7200000)
  to   space 1536K, 0% used [0x00000000f7200000,0x00000000f7200000,0x00000000f7380000)
 ParOldGen       total 121344K, used 71877K [0x00000000e0c00000, 0x00000000e8280000, 0x00000000f5980000)
  object space 121344K, 59% used [0x00000000e0c00000,0x00000000e52315d0,0x00000000e8280000)
 Metaspace       used 24106K, capacity 24296K, committed 24448K, reserved 1071104K
  class space    used 2048K, capacity 2108K, committed 2176K, reserved 1048576K
}

