# JRE version: Java(TM) SE Runtime Environment (8.0_202-b08) (build 1.8.0_202-b08)
# Java VM: Java HotSpot(TM) 64-Bit Server VM (25.202-b08 mixed mode windows-amd64 compressed oops)
Heap:
 PSYoungGen      total 98816K, used 62457K [0x00000000f6a00000, 0x00000000fff80000, 0x0000000100000000)
  eden space 76800K, 81% used [0x00000000f6a00000,0x00000000fa6c67c8,0x00000000fb500000)
  from space 22016K, 1% used [0x00000000fb500000,0x00000000fb538000,0x00000000fca80000)
  to   space 22016K, 0% used [0x00000000fea00000,0x00000000fea00000,0x00000000fff80000)
 ParOldGen       total 66560K, used 45637K [0x00000000e3e00000, 0x00000000e7f00000, 0x00000000f6a00000)
  object space 66560K, 68% used [0x00000000e3e00000,0x00000000e6a91598,0x00000000e7f00000)
 Metaspace       used 24841K, capacity 25190K, committed 25728K, reserved 1073152K
  class space    used 2224K, capacity 2333K, committed 2432K, reserved 1048576K
GC Heap History (10 events):
Event: 5.152 GC heap before
{Heap before GC invocations=9 (full 1):
 PSYoungGen      total 37888K, used 36516K [0x00000000f6a00000, 0x00000000fc280000, 0x0000000100000000)
  eden space 30720K, 95% used [0x00000000f6a00000,0x00000000f86abc78,0x00000000f8800000)
  from space 7168K, 99% used [0x00000000f8800000,0x00000000f8efd6e0,0x00000000f8f00000)
  to   space 17408K, 0% used [0x00000000fb180000,0x00000000fb180000,0x00000000fc280000)
 ParOldGen       total 44032K, used 24992K [0x00000000e3e00000, 0x00000000e6900000, 0x00000000f6a00000)
  object space 44032K, 56% used [0x00000000e3e00000,0x00000000e56680f0,0x00000000e6900000)
 Metaspace       used 23156K, capacity 23430K, committed 23808K, reserved 1071104K
  class space    used 2176K, capacity 2265K, committed 2304K, reserved 1048576K
Event: 5.160 GC heap after
Heap after GC invocations=9 (full 1):
 PSYoungGen      total 70144K, used 16784K [0x00000000f6a00000, 0x00000000fca00000, 0x0000000100000000)
  eden space 52736K, 0% used [0x00000000f6a00000,0x00000000f6a00000,0x00000000f9d80000)
  from space 17408K, 96% used [0x00000000fb180000,0x00000000fc1e4118,0x00000000fc280000)
  to   space 20480K, 0% used [0x00000000f9d80000,0x00000000f9d80000,0x00000000fb180000)
 ParOldGen       total 44032K, used 34208K [0x00000000e3e00000, 0x00000000e6900000, 0x00000000f6a00000)
  object space 44032K, 77% used [0x00000000e3e00000,0x00000000e5f68140,0x00000000e6900000)
 Metaspace       used 23156K, capacity 23430K, committed 23808K, reserved 1071104K
  class space    used 2176K, capacity 2265K, committed 2304K, reserved 1048576K
}
Event: 5.160 GC heap before
{Heap before GC invocations=10 (full 2):
 PSYoungGen      total 70144K, used 16784K [0x00000000f6a00000, 0x00000000fca00000, 0x0000000100000000)
  eden space 52736K, 0% used [0x00000000f6a00000,0x00000000f6a00000,0x00000000f9d80000)
  from space 17408K, 96% used [0x00000000fb180000,0x00000000fc1e4118,0x00000000fc280000)
  to   space 20480K, 0% used [0x00000000f9d80000,0x00000000f9d80000,0x00000000fb180000)
 ParOldGen       total 44032K, used 34208K [0x00000000e3e00000, 0x00000000e6900000, 0x00000000f6a00000)
  object space 44032K, 77% used [0x00000000e3e00000,0x00000000e5f68140,0x00000000e6900000)
 Metaspace       used 23156K, capacity 23430K, committed 23808K, reserved 1071104K
  class space    used 2176K, capacity 2265K, committed 2304K, reserved 1048576K
Event: 5.182 GC heap after
Heap after GC invocations=10 (full 2):
 PSYoungGen      total 70144K, used 0K [0x00000000f6a00000, 0x00000000fca00000, 0x0000000100000000)
  eden space 52736K, 0% used [0x00000000f6a00000,0x00000000f6a00000,0x00000000f9d80000)
  from space 17408K, 0% used [0x00000000fb180000,0x00000000fb180000,0x00000000fc280000)
  to   space 20480K, 0% used [0x00000000f9d80000,0x00000000f9d80000,0x00000000fb180000)
 ParOldGen       total 66560K, used 31223K [0x00000000e3e00000, 0x00000000e7f00000, 0x00000000f6a00000)
  object space 66560K, 46% used [0x00000000e3e00000,0x00000000e5c7dfb0,0x00000000e7f00000)
 Metaspace       used 23156K, capacity 23430K, committed 23808K, reserved 1071104K
  class space    used 2176K, capacity 2265K, committed 2304K, reserved 1048576K
}
Event: 9.020 GC heap before
{Heap before GC invocations=11 (full 2):
 PSYoungGen      total 70144K, used 52736K [0x00000000f6a00000, 0x00000000fca00000, 0x0000000100000000)
  eden space 52736K, 100% used [0x00000000f6a00000,0x00000000f9d80000,0x00000000f9d80000)
  from space 17408K, 0% used [0x00000000fb180000,0x00000000fb180000,0x00000000fc280000)
  to   space 20480K, 0% used [0x00000000f9d80000,0x00000000f9d80000,0x00000000fb180000)
 ParOldGen       total 66560K, used 31223K [0x00000000e3e00000, 0x00000000e7f00000, 0x00000000f6a00000)
  object space 66560K, 46% used [0x00000000e3e00000,0x00000000e5c7dfb0,0x00000000e7f00000)
 Metaspace       used 23826K, capacity 24128K, committed 24576K, reserved 1071104K
  class space    used 2213K, capacity 2300K, committed 2304K, reserved 1048576K
Event: 9.026 GC heap after
Heap after GC invocations=11 (full 2):
 PSYoungGen      total 73216K, used 13549K [0x00000000f6a00000, 0x00000000fdf80000, 0x0000000100000000)
  eden space 52736K, 0% used [0x00000000f6a00000,0x00000000f6a00000,0x00000000f9d80000)
  from space 20480K, 66% used [0x00000000f9d80000,0x00000000faabb5a8,0x00000000fb180000)
  to   space 20992K, 0% used [0x00000000fcb00000,0x00000000fcb00000,0x00000000fdf80000)
 ParOldGen       total 66560K, used 31231K [0x00000000e3e00000, 0x00000000e7f00000, 0x00000000f6a00000)
  object space 66560K, 46% used [0x00000000e3e00000,0x00000000e5c7ffb0,0x00000000e7f00000)
 Metaspace       used 23826K, capacity 24128K, committed 24576K, reserved 1071104K
  class space    used 2213K, capacity 2300K, committed 2304K, reserved 1048576K
}
Event: 28.714 GC heap before
{Heap before GC invocations=12 (full 2):
 PSYoungGen      total 73216K, used 66285K [0x00000000f6a00000, 0x00000000fdf80000, 0x0000000100000000)
  eden space 52736K, 100% used [0x00000000f6a00000,0x00000000f9d80000,0x00000000f9d80000)
  from space 20480K, 66% used [0x00000000f9d80000,0x00000000faabb5a8,0x00000000fb180000)
  to   space 20992K, 0% used [0x00000000fcb00000,0x00000000fcb00000,0x00000000fdf80000)
 ParOldGen       total 66560K, used 31231K [0x00000000e3e00000, 0x00000000e7f00000, 0x00000000f6a00000)
  object space 66560K, 46% used [0x00000000e3e00000,0x00000000e5c7ffb0,0x00000000e7f00000)
 Metaspace       used 24809K, capacity 25190K, committed 25728K, reserved 1073152K
  class space    used 2224K, capacity 2333K, committed 2432K, reserved 1048576K
Event: 28.722 GC heap after
Heap after GC invocations=12 (full 2):
 PSYoungGen      total 97792K, used 14520K [0x00000000f6a00000, 0x00000000fe000000, 0x0000000100000000)
  eden space 76800K, 0% used [0x00000000f6a00000,0x00000000f6a00000,0x00000000fb500000)
  from space 20992K, 69% used [0x00000000fcb00000,0x00000000fd92e258,0x00000000fdf80000)
  to   space 22016K, 0% used [0x00000000fb500000,0x00000000fb500000,0x00000000fca80000)
 ParOldGen       total 66560K, used 31239K [0x00000000e3e00000, 0x00000000e7f00000, 0x00000000f6a00000)
  object space 66560K, 46% used [0x00000000e3e00000,0x00000000e5c81fb0,0x00000000e7f00000)
 Metaspace       used 24809K, capacity 25190K, committed 25728K, reserved 1073152K
  class space    used 2224K, capacity 2333K, committed 2432K, reserved 1048576K
}
Event: 64.866 GC heap before
{Heap before GC invocations=13 (full 2):
 PSYoungGen      total 97792K, used 91320K [0x00000000f6a00000, 0x00000000fe000000, 0x0000000100000000)
  eden space 76800K, 100% used [0x00000000f6a00000,0x00000000fb500000,0x00000000fb500000)
  from space 20992K, 69% used [0x00000000fcb00000,0x00000000fd92e258,0x00000000fdf80000)
  to   space 22016K, 0% used [0x00000000fb500000,0x00000000fb500000,0x00000000fca80000)
 ParOldGen       total 66560K, used 31239K [0x00000000e3e00000, 0x00000000e7f00000, 0x00000000f6a00000)
  object space 66560K, 46% used [0x00000000e3e00000,0x00000000e5c81fb0,0x00000000e7f00000)
 Metaspace       used 24811K, capacity 25190K, committed 25728K, reserved 1073152K
  class space    used 2224K, capacity 2333K, committed 2432K, reserved 1048576K
Event: 64.874 GC heap after
Heap after GC invocations=13 (full 2):
 PSYoungGen      total 98816K, used 224K [0x00000000f6a00000, 0x00000000fff80000, 0x0000000100000000)
  eden space 76800K, 0% used [0x00000000f6a00000,0x00000000f6a00000,0x00000000fb500000)
  from space 22016K, 1% used [0x00000000fb500000,0x00000000fb538000,0x00000000fca80000)
  to   space 22016K, 0% used [0x00000000fea00000,0x00000000fea00000,0x00000000fff80000)
 ParOldGen       total 66560K, used 45637K [0x00000000e3e00000, 0x00000000e7f00000, 0x00000000f6a00000)
  object space 66560K, 68% used [0x00000000e3e00000,0x00000000e6a91598,0x00000000e7f00000)
 Metaspace       used 24811K, capacity 25190K, committed 25728K, reserved 1073152K
  class space    used 2224K, capacity 2333K, committed 2432K, reserved 1048576K
}

