# JRE version: Java(TM) SE Runtime Environment (8.0_202-b08) (build 1.8.0_202-b08)
# Java VM: Java HotSpot(TM) 64-Bit Server VM (25.202-b08 mixed mode windows-amd64 compressed oops)
Heap:
 PSYoungGen      total 72704K, used 58880K [0x00000000f5980000, 0x00000000ffc80000, 0x0000000100000000)
  eden space 71680K, 80% used [0x00000000f5980000,0x00000000f9215850,0x00000000f9f80000)
  from space 1024K, 91% used [0x00000000f9f80000,0x00000000fa06a7e0,0x00000000fa080000)
  to   space 47104K, 0% used [0x00000000fce80000,0x00000000fce80000,0x00000000ffc80000)
 ParOldGen       total 131584K, used 62791K [0x00000000e0c00000, 0x00000000e8c80000, 0x00000000f5980000)
  object space 131584K, 47% used [0x00000000e0c00000,0x00000000e4951c58,0x00000000e8c80000)
 Metaspace       used 23955K, capacity 24168K, committed 24448K, reserved 1071104K
  class space    used 2038K, capacity 2108K, committed 2176K, reserved 1048576K
GC Heap History (10 events):
Event: 26.482 GC heap before
{Heap before GC invocations=13 (full 2):
 PSYoungGen      total 120320K, used 72192K [0x00000000f5980000, 0x0000000100000000, 0x0000000100000000)
  eden space 72192K, 100% used [0x00000000f5980000,0x00000000fa000000,0x00000000fa000000)
  from space 48128K, 0% used [0x00000000fd100000,0x00000000fd100000,0x0000000100000000)
  to   space 49152K, 0% used [0x00000000fa000000,0x00000000fa000000,0x00000000fd000000)
 ParOldGen       total 131584K, used 62751K [0x00000000e0c00000, 0x00000000e8c80000, 0x00000000f5980000)
  object space 131584K, 47% used [0x00000000e0c00000,0x00000000e4947c58,0x00000000e8c80000)
 Metaspace       used 23902K, capacity 24104K, committed 24448K, reserved 1071104K
  class space    used 2037K, capacity 2108K, committed 2176K, reserved 1048576K
Event: 26.484 GC heap after
Heap after GC invocations=13 (full 2):
 PSYoungGen      total 72704K, used 437K [0x00000000f5980000, 0x0000000100000000, 0x0000000100000000)
  eden space 72192K, 0% used [0x00000000f5980000,0x00000000f5980000,0x00000000fa000000)
  from space 512K, 85% used [0x00000000fa000000,0x00000000fa06d7d0,0x00000000fa080000)
  to   space 49664K, 0% used [0x00000000fcf80000,0x00000000fcf80000,0x0000000100000000)
 ParOldGen       total 131584K, used 62759K [0x00000000e0c00000, 0x00000000e8c80000, 0x00000000f5980000)
  object space 131584K, 47% used [0x00000000e0c00000,0x00000000e4949c58,0x00000000e8c80000)
 Metaspace       used 23902K, capacity 24104K, committed 24448K, reserved 1071104K
  class space    used 2037K, capacity 2108K, committed 2176K, reserved 1048576K
}
Event: 30.230 GC heap before
{Heap before GC invocations=14 (full 2):
 PSYoungGen      total 72704K, used 72629K [0x00000000f5980000, 0x0000000100000000, 0x0000000100000000)
  eden space 72192K, 100% used [0x00000000f5980000,0x00000000fa000000,0x00000000fa000000)
  from space 512K, 85% used [0x00000000fa000000,0x00000000fa06d7d0,0x00000000fa080000)
  to   space 49664K, 0% used [0x00000000fcf80000,0x00000000fcf80000,0x0000000100000000)
 ParOldGen       total 131584K, used 62759K [0x00000000e0c00000, 0x00000000e8c80000, 0x00000000f5980000)
  object space 131584K, 47% used [0x00000000e0c00000,0x00000000e4949c58,0x00000000e8c80000)
 Metaspace       used 23944K, capacity 24168K, committed 24448K, reserved 1071104K
  class space    used 2037K, capacity 2108K, committed 2176K, reserved 1048576K
Event: 30.232 GC heap after
Heap after GC invocations=14 (full 2):
 PSYoungGen      total 120832K, used 533K [0x00000000f5980000, 0x0000000100000000, 0x0000000100000000)
  eden space 71168K, 0% used [0x00000000f5980000,0x00000000f5980000,0x00000000f9f00000)
  from space 49664K, 1% used [0x00000000fcf80000,0x00000000fd0057d0,0x0000000100000000)
  to   space 49664K, 0% used [0x00000000f9f00000,0x00000000f9f00000,0x00000000fcf80000)
 ParOldGen       total 131584K, used 62767K [0x00000000e0c00000, 0x00000000e8c80000, 0x00000000f5980000)
  object space 131584K, 47% used [0x00000000e0c00000,0x00000000e494bc58,0x00000000e8c80000)
 Metaspace       used 23944K, capacity 24168K, committed 24448K, reserved 1071104K
  class space    used 2037K, capacity 2108K, committed 2176K, reserved 1048576K
}
Event: 33.977 GC heap before
{Heap before GC invocations=15 (full 2):
 PSYoungGen      total 120832K, used 71701K [0x00000000f5980000, 0x0000000100000000, 0x0000000100000000)
  eden space 71168K, 100% used [0x00000000f5980000,0x00000000f9f00000,0x00000000f9f00000)
  from space 49664K, 1% used [0x00000000fcf80000,0x00000000fd0057d0,0x0000000100000000)
  to   space 49664K, 0% used [0x00000000f9f00000,0x00000000f9f00000,0x00000000fcf80000)
 ParOldGen       total 131584K, used 62767K [0x00000000e0c00000, 0x00000000e8c80000, 0x00000000f5980000)
  object space 131584K, 47% used [0x00000000e0c00000,0x00000000e494bc58,0x00000000e8c80000)
 Metaspace       used 23948K, capacity 24168K, committed 24448K, reserved 1071104K
  class space    used 2037K, capacity 2108K, committed 2176K, reserved 1048576K
Event: 33.980 GC heap after
Heap after GC invocations=15 (full 2):
 PSYoungGen      total 72192K, used 713K [0x00000000f5980000, 0x00000000fff00000, 0x0000000100000000)
  eden space 71168K, 0% used [0x00000000f5980000,0x00000000f5980000,0x00000000f9f00000)
  from space 1024K, 69% used [0x00000000f9f00000,0x00000000f9fb27e0,0x00000000fa000000)
  to   space 49152K, 0% used [0x00000000fcf00000,0x00000000fcf00000,0x00000000fff00000)
 ParOldGen       total 131584K, used 62775K [0x00000000e0c00000, 0x00000000e8c80000, 0x00000000f5980000)
  object space 131584K, 47% used [0x00000000e0c00000,0x00000000e494dc58,0x00000000e8c80000)
 Metaspace       used 23948K, capacity 24168K, committed 24448K, reserved 1071104K
  class space    used 2037K, capacity 2108K, committed 2176K, reserved 1048576K
}
Event: 37.760 GC heap before
{Heap before GC invocations=16 (full 2):
 PSYoungGen      total 72192K, used 71881K [0x00000000f5980000, 0x00000000fff00000, 0x0000000100000000)
  eden space 71168K, 100% used [0x00000000f5980000,0x00000000f9f00000,0x00000000f9f00000)
  from space 1024K, 69% used [0x00000000f9f00000,0x00000000f9fb27e0,0x00000000fa000000)
  to   space 49152K, 0% used [0x00000000fcf00000,0x00000000fcf00000,0x00000000fff00000)
 ParOldGen       total 131584K, used 62775K [0x00000000e0c00000, 0x00000000e8c80000, 0x00000000f5980000)
  object space 131584K, 47% used [0x00000000e0c00000,0x00000000e494dc58,0x00000000e8c80000)
 Metaspace       used 23955K, capacity 24168K, committed 24448K, reserved 1071104K
  class space    used 2038K, capacity 2108K, committed 2176K, reserved 1048576K
Event: 37.762 GC heap after
Heap after GC invocations=16 (full 2):
 PSYoungGen      total 120832K, used 841K [0x00000000f5980000, 0x0000000100000000, 0x0000000100000000)
  eden space 71680K, 0% used [0x00000000f5980000,0x00000000f5980000,0x00000000f9f80000)
  from space 49152K, 1% used [0x00000000fcf00000,0x00000000fcfd27e0,0x00000000fff00000)
  to   space 48640K, 0% used [0x00000000f9f80000,0x00000000f9f80000,0x00000000fcf00000)
 ParOldGen       total 131584K, used 62783K [0x00000000e0c00000, 0x00000000e8c80000, 0x00000000f5980000)
  object space 131584K, 47% used [0x00000000e0c00000,0x00000000e494fc58,0x00000000e8c80000)
 Metaspace       used 23955K, capacity 24168K, committed 24448K, reserved 1071104K
  class space    used 2038K, capacity 2108K, committed 2176K, reserved 1048576K
}
Event: 41.715 GC heap before
{Heap before GC invocations=17 (full 2):
 PSYoungGen      total 120832K, used 72521K [0x00000000f5980000, 0x0000000100000000, 0x0000000100000000)
  eden space 71680K, 100% used [0x00000000f5980000,0x00000000f9f80000,0x00000000f9f80000)
  from space 49152K, 1% used [0x00000000fcf00000,0x00000000fcfd27e0,0x00000000fff00000)
  to   space 48640K, 0% used [0x00000000f9f80000,0x00000000f9f80000,0x00000000fcf00000)
 ParOldGen       total 131584K, used 62783K [0x00000000e0c00000, 0x00000000e8c80000, 0x00000000f5980000)
  object space 131584K, 47% used [0x00000000e0c00000,0x00000000e494fc58,0x00000000e8c80000)
 Metaspace       used 23955K, capacity 24168K, committed 24448K, reserved 1071104K
  class space    used 2038K, capacity 2108K, committed 2176K, reserved 1048576K
Event: 41.717 GC heap after
Heap after GC invocations=17 (full 2):
 PSYoungGen      total 72704K, used 937K [0x00000000f5980000, 0x00000000ffc80000, 0x0000000100000000)
  eden space 71680K, 0% used [0x00000000f5980000,0x00000000f5980000,0x00000000f9f80000)
  from space 1024K, 91% used [0x00000000f9f80000,0x00000000fa06a7e0,0x00000000fa080000)
  to   space 47104K, 0% used [0x00000000fce80000,0x00000000fce80000,0x00000000ffc80000)
 ParOldGen       total 131584K, used 62791K [0x00000000e0c00000, 0x00000000e8c80000, 0x00000000f5980000)
  object space 131584K, 47% used [0x00000000e0c00000,0x00000000e4951c58,0x00000000e8c80000)
 Metaspace       used 23955K, capacity 24168K, committed 24448K, reserved 1071104K
  class space    used 2038K, capacity 2108K, committed 2176K, reserved 1048576K
}

