# JRE version: Java(TM) SE Runtime Environment (8.0_202-b08) (build 1.8.0_202-b08)
# Java VM: Java HotSpot(TM) 64-Bit Server VM (25.202-b08 mixed mode windows-amd64 compressed oops)
Heap:
 PSYoungGen      total 75264K, used 13428K [0x00000000f5980000, 0x00000000fc000000, 0x0000000100000000)
  eden space 47616K, 25% used [0x00000000f5980000,0x00000000f658d338,0x00000000f8800000)
  from space 27648K, 3% used [0x00000000f8900000,0x00000000f8a10000,0x00000000fa400000)
  to   space 28672K, 0% used [0x00000000fa400000,0x00000000fa400000,0x00000000fc000000)
 ParOldGen       total 120832K, used 83944K [0x00000000e0c00000, 0x00000000e8200000, 0x00000000f5980000)
  object space 120832K, 69% used [0x00000000e0c00000,0x00000000e5dfa018,0x00000000e8200000)
 Metaspace       used 24060K, capacity 24296K, committed 24704K, reserved 1071104K
  class space    used 2045K, capacity 2108K, committed 2176K, reserved 1048576K
GC Heap History (10 events):
Event: 134.375 GC heap before
{Heap before GC invocations=27 (full 2):
 PSYoungGen      total 79360K, used 71541K [0x00000000f5980000, 0x00000000fc400000, 0x0000000100000000)
  eden space 54784K, 100% used [0x00000000f5980000,0x00000000f8f00000,0x00000000f8f00000)
  from space 24576K, 68% used [0x00000000fac00000,0x00000000fbc5d480,0x00000000fc400000)
  to   space 27136K, 0% used [0x00000000f8f00000,0x00000000f8f00000,0x00000000fa980000)
 ParOldGen       total 120832K, used 68050K [0x00000000e0c00000, 0x00000000e8200000, 0x00000000f5980000)
  object space 120832K, 56% used [0x00000000e0c00000,0x00000000e4e74810,0x00000000e8200000)
 Metaspace       used 24020K, capacity 24232K, committed 24448K, reserved 1071104K
  class space    used 2045K, capacity 2108K, committed 2176K, reserved 1048576K
Event: 134.382 GC heap after
Heap after GC invocations=27 (full 2):
 PSYoungGen      total 70656K, used 17292K [0x00000000f5980000, 0x00000000fc080000, 0x0000000100000000)
  eden space 53248K, 0% used [0x00000000f5980000,0x00000000f5980000,0x00000000f8d80000)
  from space 17408K, 99% used [0x00000000f8f00000,0x00000000f9fe30b8,0x00000000fa000000)
  to   space 26112K, 0% used [0x00000000fa700000,0x00000000fa700000,0x00000000fc080000)
 ParOldGen       total 120832K, used 68058K [0x00000000e0c00000, 0x00000000e8200000, 0x00000000f5980000)
  object space 120832K, 56% used [0x00000000e0c00000,0x00000000e4e76810,0x00000000e8200000)
 Metaspace       used 24020K, capacity 24232K, committed 24448K, reserved 1071104K
  class space    used 2045K, capacity 2108K, committed 2176K, reserved 1048576K
}
Event: 139.014 GC heap before
{Heap before GC invocations=28 (full 2):
 PSYoungGen      total 70656K, used 70540K [0x00000000f5980000, 0x00000000fc080000, 0x0000000100000000)
  eden space 53248K, 100% used [0x00000000f5980000,0x00000000f8d80000,0x00000000f8d80000)
  from space 17408K, 99% used [0x00000000f8f00000,0x00000000f9fe30b8,0x00000000fa000000)
  to   space 26112K, 0% used [0x00000000fa700000,0x00000000fa700000,0x00000000fc080000)
 ParOldGen       total 120832K, used 68058K [0x00000000e0c00000, 0x00000000e8200000, 0x00000000f5980000)
  object space 120832K, 56% used [0x00000000e0c00000,0x00000000e4e76810,0x00000000e8200000)
 Metaspace       used 24060K, capacity 24296K, committed 24704K, reserved 1071104K
  class space    used 2045K, capacity 2108K, committed 2176K, reserved 1048576K
Event: 139.022 GC heap after
Heap after GC invocations=28 (full 2):
 PSYoungGen      total 75264K, used 16950K [0x00000000f5980000, 0x00000000fbe00000, 0x0000000100000000)
  eden space 51712K, 0% used [0x00000000f5980000,0x00000000f5980000,0x00000000f8c00000)
  from space 23552K, 71% used [0x00000000fa700000,0x00000000fb78db10,0x00000000fbe00000)
  to   space 25600K, 0% used [0x00000000f8c00000,0x00000000f8c00000,0x00000000fa500000)
 ParOldGen       total 120832K, used 68066K [0x00000000e0c00000, 0x00000000e8200000, 0x00000000f5980000)
  object space 120832K, 56% used [0x00000000e0c00000,0x00000000e4e78810,0x00000000e8200000)
 Metaspace       used 24060K, capacity 24296K, committed 24704K, reserved 1071104K
  class space    used 2045K, capacity 2108K, committed 2176K, reserved 1048576K
}
Event: 143.661 GC heap before
{Heap before GC invocations=29 (full 2):
 PSYoungGen      total 75264K, used 68662K [0x00000000f5980000, 0x00000000fbe00000, 0x0000000100000000)
  eden space 51712K, 100% used [0x00000000f5980000,0x00000000f8c00000,0x00000000f8c00000)
  from space 23552K, 71% used [0x00000000fa700000,0x00000000fb78db10,0x00000000fbe00000)
  to   space 25600K, 0% used [0x00000000f8c00000,0x00000000f8c00000,0x00000000fa500000)
 ParOldGen       total 120832K, used 68066K [0x00000000e0c00000, 0x00000000e8200000, 0x00000000f5980000)
  object space 120832K, 56% used [0x00000000e0c00000,0x00000000e4e78810,0x00000000e8200000)
 Metaspace       used 24060K, capacity 24296K, committed 24704K, reserved 1071104K
  class space    used 2045K, capacity 2108K, committed 2176K, reserved 1048576K
Event: 143.668 GC heap after
Heap after GC invocations=29 (full 2):
 PSYoungGen      total 60416K, used 10034K [0x00000000f5980000, 0x00000000fbd80000, 0x0000000100000000)
  eden space 50176K, 0% used [0x00000000f5980000,0x00000000f5980000,0x00000000f8a80000)
  from space 10240K, 97% used [0x00000000f8c00000,0x00000000f95ccbb0,0x00000000f9600000)
  to   space 26112K, 0% used [0x00000000fa400000,0x00000000fa400000,0x00000000fbd80000)
 ParOldGen       total 120832K, used 74971K [0x00000000e0c00000, 0x00000000e8200000, 0x00000000f5980000)
  object space 120832K, 62% used [0x00000000e0c00000,0x00000000e5536c38,0x00000000e8200000)
 Metaspace       used 24060K, capacity 24296K, committed 24704K, reserved 1071104K
  class space    used 2045K, capacity 2108K, committed 2176K, reserved 1048576K
}
Event: 148.179 GC heap before
{Heap before GC invocations=30 (full 2):
 PSYoungGen      total 60416K, used 60210K [0x00000000f5980000, 0x00000000fbd80000, 0x0000000100000000)
  eden space 50176K, 100% used [0x00000000f5980000,0x00000000f8a80000,0x00000000f8a80000)
  from space 10240K, 97% used [0x00000000f8c00000,0x00000000f95ccbb0,0x00000000f9600000)
  to   space 26112K, 0% used [0x00000000fa400000,0x00000000fa400000,0x00000000fbd80000)
 ParOldGen       total 120832K, used 74971K [0x00000000e0c00000, 0x00000000e8200000, 0x00000000f5980000)
  object space 120832K, 62% used [0x00000000e0c00000,0x00000000e5536c38,0x00000000e8200000)
 Metaspace       used 24060K, capacity 24296K, committed 24704K, reserved 1071104K
  class space    used 2045K, capacity 2108K, committed 2176K, reserved 1048576K
Event: 148.185 GC heap after
Heap after GC invocations=30 (full 2):
 PSYoungGen      total 74752K, used 1120K [0x00000000f5980000, 0x00000000fbf00000, 0x0000000100000000)
  eden space 48640K, 0% used [0x00000000f5980000,0x00000000f5980000,0x00000000f8900000)
  from space 26112K, 4% used [0x00000000fa400000,0x00000000fa518000,0x00000000fbd80000)
  to   space 27648K, 0% used [0x00000000f8900000,0x00000000f8900000,0x00000000fa400000)
 ParOldGen       total 120832K, used 83880K [0x00000000e0c00000, 0x00000000e8200000, 0x00000000f5980000)
  object space 120832K, 69% used [0x00000000e0c00000,0x00000000e5dea018,0x00000000e8200000)
 Metaspace       used 24060K, capacity 24296K, committed 24704K, reserved 1071104K
  class space    used 2045K, capacity 2108K, committed 2176K, reserved 1048576K
}
Event: 152.552 GC heap before
{Heap before GC invocations=31 (full 2):
 PSYoungGen      total 74752K, used 49760K [0x00000000f5980000, 0x00000000fbf00000, 0x0000000100000000)
  eden space 48640K, 100% used [0x00000000f5980000,0x00000000f8900000,0x00000000f8900000)
  from space 26112K, 4% used [0x00000000fa400000,0x00000000fa518000,0x00000000fbd80000)
  to   space 27648K, 0% used [0x00000000f8900000,0x00000000f8900000,0x00000000fa400000)
 ParOldGen       total 120832K, used 83880K [0x00000000e0c00000, 0x00000000e8200000, 0x00000000f5980000)
  object space 120832K, 69% used [0x00000000e0c00000,0x00000000e5dea018,0x00000000e8200000)
 Metaspace       used 24060K, capacity 24296K, committed 24704K, reserved 1071104K
  class space    used 2045K, capacity 2108K, committed 2176K, reserved 1048576K
Event: 152.554 GC heap after
Heap after GC invocations=31 (full 2):
 PSYoungGen      total 75264K, used 1088K [0x00000000f5980000, 0x00000000fc000000, 0x0000000100000000)
  eden space 47616K, 0% used [0x00000000f5980000,0x00000000f5980000,0x00000000f8800000)
  from space 27648K, 3% used [0x00000000f8900000,0x00000000f8a10000,0x00000000fa400000)
  to   space 28672K, 0% used [0x00000000fa400000,0x00000000fa400000,0x00000000fc000000)
 ParOldGen       total 120832K, used 83944K [0x00000000e0c00000, 0x00000000e8200000, 0x00000000f5980000)
  object space 120832K, 69% used [0x00000000e0c00000,0x00000000e5dfa018,0x00000000e8200000)
 Metaspace       used 24060K, capacity 24296K, committed 24704K, reserved 1071104K
  class space    used 2045K, capacity 2108K, committed 2176K, reserved 1048576K
}

