# JRE version: Java(TM) SE Runtime Environment (8.0_202-b08) (build 1.8.0_202-b08)
# Java VM: Java HotSpot(TM) 64-Bit Server VM (25.202-b08 mixed mode windows-amd64 compressed oops)
Heap:
 PSYoungGen      total 84992K, used 58059K [0x00000000f5980000, 0x00000000fcb00000, 0x0000000100000000)
  eden space 59904K, 93% used [0x00000000f5980000,0x00000000f905ee08,0x00000000f9400000)
  from space 25088K, 7% used [0x00000000fb280000,0x00000000fb453fd0,0x00000000fcb00000)
  to   space 28160K, 0% used [0x00000000f9400000,0x00000000f9400000,0x00000000faf80000)
 ParOldGen       total 123904K, used 63800K [0x00000000e0c00000, 0x00000000e8500000, 0x00000000f5980000)
  object space 123904K, 51% used [0x00000000e0c00000,0x00000000e4a4e098,0x00000000e8500000)
 Metaspace       used 24086K, capacity 24296K, committed 24448K, reserved 1071104K
  class space    used 2048K, capacity 2108K, committed 2176K, reserved 1048576K
GC Heap History (10 events):
Event: 64.856 GC heap before
{Heap before GC invocations=22 (full 2):
 PSYoungGen      total 71168K, used 70951K [0x00000000f5980000, 0x00000000fe580000, 0x0000000100000000)
  eden space 69632K, 100% used [0x00000000f5980000,0x00000000f9d80000,0x00000000f9d80000)
  from space 1536K, 85% used [0x00000000f9f80000,0x00000000fa0c9fc0,0x00000000fa100000)
  to   space 36864K, 0% used [0x00000000fc180000,0x00000000fc180000,0x00000000fe580000)
 ParOldGen       total 123904K, used 63784K [0x00000000e0c00000, 0x00000000e8500000, 0x00000000f5980000)
  object space 123904K, 51% used [0x00000000e0c00000,0x00000000e4a4a098,0x00000000e8500000)
 Metaspace       used 24083K, capacity 24296K, committed 24448K, reserved 1071104K
  class space    used 2048K, capacity 2108K, committed 2176K, reserved 1048576K
Event: 64.859 GC heap after
Heap after GC invocations=22 (full 2):
 PSYoungGen      total 98304K, used 1467K [0x00000000f5980000, 0x00000000fdf80000, 0x0000000100000000)
  eden space 67584K, 0% used [0x00000000f5980000,0x00000000f5980000,0x00000000f9b80000)
  from space 30720K, 4% used [0x00000000fc180000,0x00000000fc2eefd0,0x00000000fdf80000)
  to   space 34816K, 0% used [0x00000000f9b80000,0x00000000f9b80000,0x00000000fbd80000)
 ParOldGen       total 123904K, used 63792K [0x00000000e0c00000, 0x00000000e8500000, 0x00000000f5980000)
  object space 123904K, 51% used [0x00000000e0c00000,0x00000000e4a4c098,0x00000000e8500000)
 Metaspace       used 24083K, capacity 24296K, committed 24448K, reserved 1071104K
  class space    used 2048K, capacity 2108K, committed 2176K, reserved 1048576K
}
Event: 68.411 GC heap before
{Heap before GC invocations=23 (full 2):
 PSYoungGen      total 98304K, used 69051K [0x00000000f5980000, 0x00000000fdf80000, 0x0000000100000000)
  eden space 67584K, 100% used [0x00000000f5980000,0x00000000f9b80000,0x00000000f9b80000)
  from space 30720K, 4% used [0x00000000fc180000,0x00000000fc2eefd0,0x00000000fdf80000)
  to   space 34816K, 0% used [0x00000000f9b80000,0x00000000f9b80000,0x00000000fbd80000)
 ParOldGen       total 123904K, used 63792K [0x00000000e0c00000, 0x00000000e8500000, 0x00000000f5980000)
  object space 123904K, 51% used [0x00000000e0c00000,0x00000000e4a4c098,0x00000000e8500000)
 Metaspace       used 24086K, capacity 24296K, committed 24448K, reserved 1071104K
  class space    used 2048K, capacity 2108K, committed 2176K, reserved 1048576K
Event: 68.413 GC heap after
Heap after GC invocations=23 (full 2):
 PSYoungGen      total 67584K, used 1563K [0x00000000f5980000, 0x00000000fda80000, 0x0000000100000000)
  eden space 65536K, 0% used [0x00000000f5980000,0x00000000f5980000,0x00000000f9980000)
  from space 2048K, 76% used [0x00000000f9b80000,0x00000000f9d06fd0,0x00000000f9d80000)
  to   space 33280K, 0% used [0x00000000fba00000,0x00000000fba00000,0x00000000fda80000)
 ParOldGen       total 123904K, used 63792K [0x00000000e0c00000, 0x00000000e8500000, 0x00000000f5980000)
  object space 123904K, 51% used [0x00000000e0c00000,0x00000000e4a4c098,0x00000000e8500000)
 Metaspace       used 24086K, capacity 24296K, committed 24448K, reserved 1071104K
  class space    used 2048K, capacity 2108K, committed 2176K, reserved 1048576K
}
Event: 71.832 GC heap before
{Heap before GC invocations=24 (full 2):
 PSYoungGen      total 67584K, used 67099K [0x00000000f5980000, 0x00000000fda80000, 0x0000000100000000)
  eden space 65536K, 100% used [0x00000000f5980000,0x00000000f9980000,0x00000000f9980000)
  from space 2048K, 76% used [0x00000000f9b80000,0x00000000f9d06fd0,0x00000000f9d80000)
  to   space 33280K, 0% used [0x00000000fba00000,0x00000000fba00000,0x00000000fda80000)
 ParOldGen       total 123904K, used 63792K [0x00000000e0c00000, 0x00000000e8500000, 0x00000000f5980000)
  object space 123904K, 51% used [0x00000000e0c00000,0x00000000e4a4c098,0x00000000e8500000)
 Metaspace       used 24086K, capacity 24296K, committed 24448K, reserved 1071104K
  class space    used 2048K, capacity 2108K, committed 2176K, reserved 1048576K
Event: 71.835 GC heap after
Heap after GC invocations=24 (full 2):
 PSYoungGen      total 91648K, used 1691K [0x00000000f5980000, 0x00000000fd580000, 0x0000000100000000)
  eden space 63488K, 0% used [0x00000000f5980000,0x00000000f5980000,0x00000000f9780000)
  from space 28160K, 6% used [0x00000000fba00000,0x00000000fbba6fd0,0x00000000fd580000)
  to   space 31744K, 0% used [0x00000000f9780000,0x00000000f9780000,0x00000000fb680000)
 ParOldGen       total 123904K, used 63792K [0x00000000e0c00000, 0x00000000e8500000, 0x00000000f5980000)
  object space 123904K, 51% used [0x00000000e0c00000,0x00000000e4a4c098,0x00000000e8500000)
 Metaspace       used 24086K, capacity 24296K, committed 24448K, reserved 1071104K
  class space    used 2048K, capacity 2108K, committed 2176K, reserved 1048576K
}
Event: 75.175 GC heap before
{Heap before GC invocations=25 (full 2):
 PSYoungGen      total 91648K, used 65179K [0x00000000f5980000, 0x00000000fd580000, 0x0000000100000000)
  eden space 63488K, 100% used [0x00000000f5980000,0x00000000f9780000,0x00000000f9780000)
  from space 28160K, 6% used [0x00000000fba00000,0x00000000fbba6fd0,0x00000000fd580000)
  to   space 31744K, 0% used [0x00000000f9780000,0x00000000f9780000,0x00000000fb680000)
 ParOldGen       total 123904K, used 63792K [0x00000000e0c00000, 0x00000000e8500000, 0x00000000f5980000)
  object space 123904K, 51% used [0x00000000e0c00000,0x00000000e4a4c098,0x00000000e8500000)
 Metaspace       used 24086K, capacity 24296K, committed 24448K, reserved 1071104K
  class space    used 2048K, capacity 2108K, committed 2176K, reserved 1048576K
Event: 75.179 GC heap after
Heap after GC invocations=25 (full 2):
 PSYoungGen      total 63488K, used 1789K [0x00000000f5980000, 0x00000000fcf80000, 0x0000000100000000)
  eden space 61440K, 0% used [0x00000000f5980000,0x00000000f5980000,0x00000000f9580000)
  from space 2048K, 87% used [0x00000000f9780000,0x00000000f993f7e0,0x00000000f9980000)
  to   space 29696K, 0% used [0x00000000fb280000,0x00000000fb280000,0x00000000fcf80000)
 ParOldGen       total 123904K, used 63792K [0x00000000e0c00000, 0x00000000e8500000, 0x00000000f5980000)
  object space 123904K, 51% used [0x00000000e0c00000,0x00000000e4a4c098,0x00000000e8500000)
 Metaspace       used 24086K, capacity 24296K, committed 24448K, reserved 1071104K
  class space    used 2048K, capacity 2108K, committed 2176K, reserved 1048576K
}
Event: 78.422 GC heap before
{Heap before GC invocations=26 (full 2):
 PSYoungGen      total 63488K, used 63229K [0x00000000f5980000, 0x00000000fcf80000, 0x0000000100000000)
  eden space 61440K, 100% used [0x00000000f5980000,0x00000000f9580000,0x00000000f9580000)
  from space 2048K, 87% used [0x00000000f9780000,0x00000000f993f7e0,0x00000000f9980000)
  to   space 29696K, 0% used [0x00000000fb280000,0x00000000fb280000,0x00000000fcf80000)
 ParOldGen       total 123904K, used 63792K [0x00000000e0c00000, 0x00000000e8500000, 0x00000000f5980000)
  object space 123904K, 51% used [0x00000000e0c00000,0x00000000e4a4c098,0x00000000e8500000)
 Metaspace       used 24086K, capacity 24296K, committed 24448K, reserved 1071104K
  class space    used 2048K, capacity 2108K, committed 2176K, reserved 1048576K
Event: 78.424 GC heap after
Heap after GC invocations=26 (full 2):
 PSYoungGen      total 84992K, used 1871K [0x00000000f5980000, 0x00000000fcb00000, 0x0000000100000000)
  eden space 59904K, 0% used [0x00000000f5980000,0x00000000f5980000,0x00000000f9400000)
  from space 25088K, 7% used [0x00000000fb280000,0x00000000fb453fd0,0x00000000fcb00000)
  to   space 28160K, 0% used [0x00000000f9400000,0x00000000f9400000,0x00000000faf80000)
 ParOldGen       total 123904K, used 63800K [0x00000000e0c00000, 0x00000000e8500000, 0x00000000f5980000)
  object space 123904K, 51% used [0x00000000e0c00000,0x00000000e4a4e098,0x00000000e8500000)
 Metaspace       used 24086K, capacity 24296K, committed 24448K, reserved 1071104K
  class space    used 2048K, capacity 2108K, committed 2176K, reserved 1048576K
}

