# JRE version: Java(TM) SE Runtime Environment (8.0_202-b08) (build 1.8.0_202-b08)
# Java VM: Java HotSpot(TM) 64-Bit Server VM (25.202-b08 mixed mode windows-amd64 compressed oops)
Heap:
 PSYoungGen      total 119808K, used 110678K [0x00000000f6a00000, 0x00000000ffa00000, 0x0000000100000000)
  eden space 94208K, 99% used [0x00000000f6a00000,0x00000000fc5c4838,0x00000000fc600000)
  from space 25600K, 65% used [0x00000000fe100000,0x00000000ff1511d0,0x00000000ffa00000)
  to   space 26624K, 0% used [0x00000000fc600000,0x00000000fc600000,0x00000000fe000000)
 ParOldGen       total 74752K, used 54985K [0x00000000e3e00000, 0x00000000e8700000, 0x00000000f6a00000)
  object space 74752K, 73% used [0x00000000e3e00000,0x00000000e73b2518,0x00000000e8700000)
 Metaspace       used 26203K, capacity 26510K, committed 26752K, reserved 1073152K
  class space    used 2310K, capacity 2431K, committed 2432K, reserved 1048576K
GC Heap History (10 events):
Event: 29.712 GC heap before
{Heap before GC invocations=16 (full 2):
 PSYoungGen      total 95232K, used 83764K [0x00000000f6a00000, 0x00000000fef00000, 0x0000000100000000)
  eden space 68096K, 100% used [0x00000000f6a00000,0x00000000fac80000,0x00000000fac80000)
  from space 27136K, 57% used [0x00000000fac80000,0x00000000fbbcd260,0x00000000fc700000)
  to   space 27136K, 0% used [0x00000000fd480000,0x00000000fd480000,0x00000000fef00000)
 ParOldGen       total 74752K, used 54945K [0x00000000e3e00000, 0x00000000e8700000, 0x00000000f6a00000)
  object space 74752K, 73% used [0x00000000e3e00000,0x00000000e73a8518,0x00000000e8700000)
 Metaspace       used 25302K, capacity 25678K, committed 25984K, reserved 1073152K
  class space    used 2247K, capacity 2367K, committed 2432K, reserved 1048576K
Event: 29.719 GC heap after
Heap after GC invocations=16 (full 2):
 PSYoungGen      total 103936K, used 15764K [0x00000000f6a00000, 0x00000000fec00000, 0x0000000100000000)
  eden space 79872K, 0% used [0x00000000f6a00000,0x00000000f6a00000,0x00000000fb800000)
  from space 24064K, 65% used [0x00000000fd480000,0x00000000fe3e52a0,0x00000000fec00000)
  to   space 26624K, 0% used [0x00000000fb800000,0x00000000fb800000,0x00000000fd200000)
 ParOldGen       total 74752K, used 54953K [0x00000000e3e00000, 0x00000000e8700000, 0x00000000f6a00000)
  object space 74752K, 73% used [0x00000000e3e00000,0x00000000e73aa518,0x00000000e8700000)
 Metaspace       used 25302K, capacity 25678K, committed 25984K, reserved 1073152K
  class space    used 2247K, capacity 2367K, committed 2432K, reserved 1048576K
}
Event: 32.714 GC heap before
{Heap before GC invocations=17 (full 2):
 PSYoungGen      total 103936K, used 95636K [0x00000000f6a00000, 0x00000000fec00000, 0x0000000100000000)
  eden space 79872K, 100% used [0x00000000f6a00000,0x00000000fb800000,0x00000000fb800000)
  from space 24064K, 65% used [0x00000000fd480000,0x00000000fe3e52a0,0x00000000fec00000)
  to   space 26624K, 0% used [0x00000000fb800000,0x00000000fb800000,0x00000000fd200000)
 ParOldGen       total 74752K, used 54953K [0x00000000e3e00000, 0x00000000e8700000, 0x00000000f6a00000)
  object space 74752K, 73% used [0x00000000e3e00000,0x00000000e73aa518,0x00000000e8700000)
 Metaspace       used 25309K, capacity 25678K, committed 25984K, reserved 1073152K
  class space    used 2247K, capacity 2367K, committed 2432K, reserved 1048576K
Event: 32.719 GC heap after
Heap after GC invocations=17 (full 2):
 PSYoungGen      total 106496K, used 15668K [0x00000000f6a00000, 0x00000000ff780000, 0x0000000100000000)
  eden space 79872K, 0% used [0x00000000f6a00000,0x00000000f6a00000,0x00000000fb800000)
  from space 26624K, 58% used [0x00000000fb800000,0x00000000fc74d2a0,0x00000000fd200000)
  to   space 26624K, 0% used [0x00000000fdd80000,0x00000000fdd80000,0x00000000ff780000)
 ParOldGen       total 74752K, used 54961K [0x00000000e3e00000, 0x00000000e8700000, 0x00000000f6a00000)
  object space 74752K, 73% used [0x00000000e3e00000,0x00000000e73ac518,0x00000000e8700000)
 Metaspace       used 25309K, capacity 25678K, committed 25984K, reserved 1073152K
  class space    used 2247K, capacity 2367K, committed 2432K, reserved 1048576K
}
Event: 39.814 GC heap before
{Heap before GC invocations=18 (full 2):
 PSYoungGen      total 106496K, used 95540K [0x00000000f6a00000, 0x00000000ff780000, 0x0000000100000000)
  eden space 79872K, 100% used [0x00000000f6a00000,0x00000000fb800000,0x00000000fb800000)
  from space 26624K, 58% used [0x00000000fb800000,0x00000000fc74d2a0,0x00000000fd200000)
  to   space 26624K, 0% used [0x00000000fdd80000,0x00000000fdd80000,0x00000000ff780000)
 ParOldGen       total 74752K, used 54961K [0x00000000e3e00000, 0x00000000e8700000, 0x00000000f6a00000)
  object space 74752K, 73% used [0x00000000e3e00000,0x00000000e73ac518,0x00000000e8700000)
 Metaspace       used 25331K, capacity 25678K, committed 25984K, reserved 1073152K
  class space    used 2247K, capacity 2367K, committed 2432K, reserved 1048576K
Event: 39.821 GC heap after
Heap after GC invocations=18 (full 2):
 PSYoungGen      total 114176K, used 16576K [0x00000000f6a00000, 0x00000000ff580000, 0x0000000100000000)
  eden space 89600K, 0% used [0x00000000f6a00000,0x00000000f6a00000,0x00000000fc180000)
  from space 24576K, 67% used [0x00000000fdd80000,0x00000000fedb0130,0x00000000ff580000)
  to   space 26624K, 0% used [0x00000000fc180000,0x00000000fc180000,0x00000000fdb80000)
 ParOldGen       total 74752K, used 54969K [0x00000000e3e00000, 0x00000000e8700000, 0x00000000f6a00000)
  object space 74752K, 73% used [0x00000000e3e00000,0x00000000e73ae518,0x00000000e8700000)
 Metaspace       used 25331K, capacity 25678K, committed 25984K, reserved 1073152K
  class space    used 2247K, capacity 2367K, committed 2432K, reserved 1048576K
}
Event: 48.234 GC heap before
{Heap before GC invocations=19 (full 2):
 PSYoungGen      total 114176K, used 106176K [0x00000000f6a00000, 0x00000000ff580000, 0x0000000100000000)
  eden space 89600K, 100% used [0x00000000f6a00000,0x00000000fc180000,0x00000000fc180000)
  from space 24576K, 67% used [0x00000000fdd80000,0x00000000fedb0130,0x00000000ff580000)
  to   space 26624K, 0% used [0x00000000fc180000,0x00000000fc180000,0x00000000fdb80000)
 ParOldGen       total 74752K, used 54969K [0x00000000e3e00000, 0x00000000e8700000, 0x00000000f6a00000)
  object space 74752K, 73% used [0x00000000e3e00000,0x00000000e73ae518,0x00000000e8700000)
 Metaspace       used 26142K, capacity 26510K, committed 26752K, reserved 1073152K
  class space    used 2310K, capacity 2431K, committed 2432K, reserved 1048576K
Event: 48.243 GC heap after
Heap after GC invocations=19 (full 2):
 PSYoungGen      total 116224K, used 17093K [0x00000000f6a00000, 0x00000000ffb00000, 0x0000000100000000)
  eden space 89600K, 0% used [0x00000000f6a00000,0x00000000f6a00000,0x00000000fc180000)
  from space 26624K, 64% used [0x00000000fc180000,0x00000000fd2316e8,0x00000000fdb80000)
  to   space 26624K, 0% used [0x00000000fe100000,0x00000000fe100000,0x00000000ffb00000)
 ParOldGen       total 74752K, used 54977K [0x00000000e3e00000, 0x00000000e8700000, 0x00000000f6a00000)
  object space 74752K, 73% used [0x00000000e3e00000,0x00000000e73b0518,0x00000000e8700000)
 Metaspace       used 26142K, capacity 26510K, committed 26752K, reserved 1073152K
  class space    used 2310K, capacity 2431K, committed 2432K, reserved 1048576K
}
Event: 54.534 GC heap before
{Heap before GC invocations=20 (full 2):
 PSYoungGen      total 116224K, used 106693K [0x00000000f6a00000, 0x00000000ffb00000, 0x0000000100000000)
  eden space 89600K, 100% used [0x00000000f6a00000,0x00000000fc180000,0x00000000fc180000)
  from space 26624K, 64% used [0x00000000fc180000,0x00000000fd2316e8,0x00000000fdb80000)
  to   space 26624K, 0% used [0x00000000fe100000,0x00000000fe100000,0x00000000ffb00000)
 ParOldGen       total 74752K, used 54977K [0x00000000e3e00000, 0x00000000e8700000, 0x00000000f6a00000)
  object space 74752K, 73% used [0x00000000e3e00000,0x00000000e73b0518,0x00000000e8700000)
 Metaspace       used 26192K, capacity 26510K, committed 26752K, reserved 1073152K
  class space    used 2310K, capacity 2431K, committed 2432K, reserved 1048576K
Event: 54.541 GC heap after
Heap after GC invocations=20 (full 2):
 PSYoungGen      total 119808K, used 16708K [0x00000000f6a00000, 0x00000000ffa00000, 0x0000000100000000)
  eden space 94208K, 0% used [0x00000000f6a00000,0x00000000f6a00000,0x00000000fc600000)
  from space 25600K, 65% used [0x00000000fe100000,0x00000000ff1511d0,0x00000000ffa00000)
  to   space 26624K, 0% used [0x00000000fc600000,0x00000000fc600000,0x00000000fe000000)
 ParOldGen       total 74752K, used 54985K [0x00000000e3e00000, 0x00000000e8700000, 0x00000000f6a00000)
  object space 74752K, 73% used [0x00000000e3e00000,0x00000000e73b2518,0x00000000e8700000)
 Metaspace       used 26192K, capacity 26510K, committed 26752K, reserved 1073152K
  class space    used 2310K, capacity 2431K, committed 2432K, reserved 1048576K
}

