# JRE version: Java(TM) SE Runtime Environment (8.0_202-b08) (build 1.8.0_202-b08)
# Java VM: Java HotSpot(TM) 64-Bit Server VM (25.202-b08 mixed mode windows-amd64 compressed oops)
Heap:
 PSYoungGen      total 24064K, used 11024K [0x00000000f6a00000, 0x00000000f8280000, 0x0000000100000000)
  eden space 23552K, 45% used [0x00000000f6a00000,0x00000000f74842a0,0x00000000f8100000)
  from space 512K, 50% used [0x00000000f8200000,0x00000000f8240000,0x00000000f8280000)
  to   space 512K, 0% used [0x00000000f8180000,0x00000000f8180000,0x00000000f8200000)
 ParOldGen       total 89088K, used 67437K [0x00000000e3e00000, 0x00000000e9500000, 0x00000000f6a00000)
  object space 89088K, 75% used [0x00000000e3e00000,0x00000000e7fdb540,0x00000000e9500000)
 Metaspace       used 23855K, capacity 24104K, committed 24448K, reserved 1071104K
  class space    used 2046K, capacity 2108K, committed 2176K, reserved 1048576K
GC Heap History (10 events):
Event: 590.151 GC heap before
{Heap before GC invocations=170 (full 2):
 PSYoungGen      total 24576K, used 23808K [0x00000000f6a00000, 0x00000000f8280000, 0x0000000100000000)
  eden space 23552K, 100% used [0x00000000f6a00000,0x00000000f8100000,0x00000000f8100000)
  from space 1024K, 25% used [0x00000000f8100000,0x00000000f8140000,0x00000000f8200000)
  to   space 512K, 0% used [0x00000000f8200000,0x00000000f8200000,0x00000000f8280000)
 ParOldGen       total 89088K, used 67437K [0x00000000e3e00000, 0x00000000e9500000, 0x00000000f6a00000)
  object space 89088K, 75% used [0x00000000e3e00000,0x00000000e7fdb540,0x00000000e9500000)
 Metaspace       used 23839K, capacity 24040K, committed 24192K, reserved 1071104K
  class space    used 2046K, capacity 2108K, committed 2176K, reserved 1048576K
Event: 590.153 GC heap after
Heap after GC invocations=170 (full 2):
 PSYoungGen      total 24064K, used 256K [0x00000000f6a00000, 0x00000000f8280000, 0x0000000100000000)
  eden space 23552K, 0% used [0x00000000f6a00000,0x00000000f6a00000,0x00000000f8100000)
  from space 512K, 50% used [0x00000000f8200000,0x00000000f8240000,0x00000000f8280000)
  to   space 512K, 0% used [0x00000000f8180000,0x00000000f8180000,0x00000000f8200000)
 ParOldGen       total 89088K, used 67437K [0x00000000e3e00000, 0x00000000e9500000, 0x00000000f6a00000)
  object space 89088K, 75% used [0x00000000e3e00000,0x00000000e7fdb540,0x00000000e9500000)
 Metaspace       used 23839K, capacity 24040K, committed 24192K, reserved 1071104K
  class space    used 2046K, capacity 2108K, committed 2176K, reserved 1048576K
}
Event: 595.386 GC heap before
{Heap before GC invocations=171 (full 2):
 PSYoungGen      total 24064K, used 23808K [0x00000000f6a00000, 0x00000000f8280000, 0x0000000100000000)
  eden space 23552K, 100% used [0x00000000f6a00000,0x00000000f8100000,0x00000000f8100000)
  from space 512K, 50% used [0x00000000f8200000,0x00000000f8240000,0x00000000f8280000)
  to   space 512K, 0% used [0x00000000f8180000,0x00000000f8180000,0x00000000f8200000)
 ParOldGen       total 89088K, used 67437K [0x00000000e3e00000, 0x00000000e9500000, 0x00000000f6a00000)
  object space 89088K, 75% used [0x00000000e3e00000,0x00000000e7fdb540,0x00000000e9500000)
 Metaspace       used 23839K, capacity 24040K, committed 24192K, reserved 1071104K
  class space    used 2046K, capacity 2108K, committed 2176K, reserved 1048576K
Event: 595.388 GC heap after
Heap after GC invocations=171 (full 2):
 PSYoungGen      total 24064K, used 256K [0x00000000f6a00000, 0x00000000f8280000, 0x0000000100000000)
  eden space 23552K, 0% used [0x00000000f6a00000,0x00000000f6a00000,0x00000000f8100000)
  from space 512K, 50% used [0x00000000f8180000,0x00000000f81c0000,0x00000000f8200000)
  to   space 512K, 0% used [0x00000000f8200000,0x00000000f8200000,0x00000000f8280000)
 ParOldGen       total 89088K, used 67437K [0x00000000e3e00000, 0x00000000e9500000, 0x00000000f6a00000)
  object space 89088K, 75% used [0x00000000e3e00000,0x00000000e7fdb540,0x00000000e9500000)
 Metaspace       used 23839K, capacity 24040K, committed 24192K, reserved 1071104K
  class space    used 2046K, capacity 2108K, committed 2176K, reserved 1048576K
}
Event: 600.605 GC heap before
{Heap before GC invocations=172 (full 2):
 PSYoungGen      total 24064K, used 23808K [0x00000000f6a00000, 0x00000000f8280000, 0x0000000100000000)
  eden space 23552K, 100% used [0x00000000f6a00000,0x00000000f8100000,0x00000000f8100000)
  from space 512K, 50% used [0x00000000f8180000,0x00000000f81c0000,0x00000000f8200000)
  to   space 512K, 0% used [0x00000000f8200000,0x00000000f8200000,0x00000000f8280000)
 ParOldGen       total 89088K, used 67437K [0x00000000e3e00000, 0x00000000e9500000, 0x00000000f6a00000)
  object space 89088K, 75% used [0x00000000e3e00000,0x00000000e7fdb540,0x00000000e9500000)
 Metaspace       used 23839K, capacity 24040K, committed 24192K, reserved 1071104K
  class space    used 2046K, capacity 2108K, committed 2176K, reserved 1048576K
Event: 600.607 GC heap after
Heap after GC invocations=172 (full 2):
 PSYoungGen      total 24064K, used 256K [0x00000000f6a00000, 0x00000000f8280000, 0x0000000100000000)
  eden space 23552K, 0% used [0x00000000f6a00000,0x00000000f6a00000,0x00000000f8100000)
  from space 512K, 50% used [0x00000000f8200000,0x00000000f8240000,0x00000000f8280000)
  to   space 512K, 0% used [0x00000000f8180000,0x00000000f8180000,0x00000000f8200000)
 ParOldGen       total 89088K, used 67437K [0x00000000e3e00000, 0x00000000e9500000, 0x00000000f6a00000)
  object space 89088K, 75% used [0x00000000e3e00000,0x00000000e7fdb540,0x00000000e9500000)
 Metaspace       used 23839K, capacity 24040K, committed 24192K, reserved 1071104K
  class space    used 2046K, capacity 2108K, committed 2176K, reserved 1048576K
}
Event: 605.841 GC heap before
{Heap before GC invocations=173 (full 2):
 PSYoungGen      total 24064K, used 23808K [0x00000000f6a00000, 0x00000000f8280000, 0x0000000100000000)
  eden space 23552K, 100% used [0x00000000f6a00000,0x00000000f8100000,0x00000000f8100000)
  from space 512K, 50% used [0x00000000f8200000,0x00000000f8240000,0x00000000f8280000)
  to   space 512K, 0% used [0x00000000f8180000,0x00000000f8180000,0x00000000f8200000)
 ParOldGen       total 89088K, used 67437K [0x00000000e3e00000, 0x00000000e9500000, 0x00000000f6a00000)
  object space 89088K, 75% used [0x00000000e3e00000,0x00000000e7fdb540,0x00000000e9500000)
 Metaspace       used 23839K, capacity 24040K, committed 24192K, reserved 1071104K
  class space    used 2046K, capacity 2108K, committed 2176K, reserved 1048576K
Event: 605.843 GC heap after
Heap after GC invocations=173 (full 2):
 PSYoungGen      total 24064K, used 224K [0x00000000f6a00000, 0x00000000f8280000, 0x0000000100000000)
  eden space 23552K, 0% used [0x00000000f6a00000,0x00000000f6a00000,0x00000000f8100000)
  from space 512K, 43% used [0x00000000f8180000,0x00000000f81b8000,0x00000000f8200000)
  to   space 512K, 0% used [0x00000000f8200000,0x00000000f8200000,0x00000000f8280000)
 ParOldGen       total 89088K, used 67437K [0x00000000e3e00000, 0x00000000e9500000, 0x00000000f6a00000)
  object space 89088K, 75% used [0x00000000e3e00000,0x00000000e7fdb540,0x00000000e9500000)
 Metaspace       used 23839K, capacity 24040K, committed 24192K, reserved 1071104K
  class space    used 2046K, capacity 2108K, committed 2176K, reserved 1048576K
}
Event: 610.964 GC heap before
{Heap before GC invocations=174 (full 2):
 PSYoungGen      total 24064K, used 23776K [0x00000000f6a00000, 0x00000000f8280000, 0x0000000100000000)
  eden space 23552K, 100% used [0x00000000f6a00000,0x00000000f8100000,0x00000000f8100000)
  from space 512K, 43% used [0x00000000f8180000,0x00000000f81b8000,0x00000000f8200000)
  to   space 512K, 0% used [0x00000000f8200000,0x00000000f8200000,0x00000000f8280000)
 ParOldGen       total 89088K, used 67437K [0x00000000e3e00000, 0x00000000e9500000, 0x00000000f6a00000)
  object space 89088K, 75% used [0x00000000e3e00000,0x00000000e7fdb540,0x00000000e9500000)
 Metaspace       used 23853K, capacity 24104K, committed 24448K, reserved 1071104K
  class space    used 2046K, capacity 2108K, committed 2176K, reserved 1048576K
Event: 610.966 GC heap after
Heap after GC invocations=174 (full 2):
 PSYoungGen      total 24064K, used 256K [0x00000000f6a00000, 0x00000000f8280000, 0x0000000100000000)
  eden space 23552K, 0% used [0x00000000f6a00000,0x00000000f6a00000,0x00000000f8100000)
  from space 512K, 50% used [0x00000000f8200000,0x00000000f8240000,0x00000000f8280000)
  to   space 512K, 0% used [0x00000000f8180000,0x00000000f8180000,0x00000000f8200000)
 ParOldGen       total 89088K, used 67437K [0x00000000e3e00000, 0x00000000e9500000, 0x00000000f6a00000)
  object space 89088K, 75% used [0x00000000e3e00000,0x00000000e7fdb540,0x00000000e9500000)
 Metaspace       used 23853K, capacity 24104K, committed 24448K, reserved 1071104K
  class space    used 2046K, capacity 2108K, committed 2176K, reserved 1048576K
}

