# JRE version: Java(TM) SE Runtime Environment (8.0_202-b08) (build 1.8.0_202-b08)
# Java VM: Java HotSpot(TM) 64-Bit Server VM (25.202-b08 mixed mode windows-amd64 compressed oops)
Heap:
 PSYoungGen      total 73728K, used 32881K [0x00000000f5980000, 0x00000000fbd80000, 0x0000000100000000)
  eden space 52224K, 59% used [0x00000000f5980000,0x00000000f77bcdd0,0x00000000f8c80000)
  from space 21504K, 8% used [0x00000000fa880000,0x00000000faa5f7e0,0x00000000fbd80000)
  to   space 25088K, 0% used [0x00000000f8c80000,0x00000000f8c80000,0x00000000fa500000)
 ParOldGen       total 123904K, used 63841K [0x00000000e0c00000, 0x00000000e8500000, 0x00000000f5980000)
  object space 123904K, 51% used [0x00000000e0c00000,0x00000000e4a584c0,0x00000000e8500000)
 Metaspace       used 24055K, capacity 24296K, committed 24448K, reserved 1071104K
  class space    used 2038K, capacity 2108K, committed 2176K, reserved 1048576K
GC Heap History (10 events):
Event: 77.317 GC heap before
{Heap before GC invocations=24 (full 2):
 PSYoungGen      total 61440K, used 61397K [0x00000000f5980000, 0x00000000fd600000, 0x0000000100000000)
  eden space 59904K, 100% used [0x00000000f5980000,0x00000000f9400000,0x00000000f9400000)
  from space 1536K, 97% used [0x00000000f9580000,0x00000000f96f57d0,0x00000000f9700000)
  to   space 33792K, 0% used [0x00000000fb500000,0x00000000fb500000,0x00000000fd600000)
 ParOldGen       total 123904K, used 63785K [0x00000000e0c00000, 0x00000000e8500000, 0x00000000f5980000)
  object space 123904K, 51% used [0x00000000e0c00000,0x00000000e4a4a4c0,0x00000000e8500000)
 Metaspace       used 24052K, capacity 24296K, committed 24448K, reserved 1071104K
  class space    used 2038K, capacity 2108K, committed 2176K, reserved 1048576K
Event: 77.320 GC heap after
Heap after GC invocations=24 (full 2):
 PSYoungGen      total 87552K, used 1545K [0x00000000f5980000, 0x00000000fd180000, 0x0000000100000000)
  eden space 58368K, 0% used [0x00000000f5980000,0x00000000f5980000,0x00000000f9280000)
  from space 29184K, 5% used [0x00000000fb500000,0x00000000fb6827e0,0x00000000fd180000)
  to   space 32256K, 0% used [0x00000000f9280000,0x00000000f9280000,0x00000000fb200000)
 ParOldGen       total 123904K, used 63785K [0x00000000e0c00000, 0x00000000e8500000, 0x00000000f5980000)
  object space 123904K, 51% used [0x00000000e0c00000,0x00000000e4a4a4c0,0x00000000e8500000)
 Metaspace       used 24052K, capacity 24296K, committed 24448K, reserved 1071104K
  class space    used 2038K, capacity 2108K, committed 2176K, reserved 1048576K
}
Event: 80.362 GC heap before
{Heap before GC invocations=25 (full 2):
 PSYoungGen      total 87552K, used 59913K [0x00000000f5980000, 0x00000000fd180000, 0x0000000100000000)
  eden space 58368K, 100% used [0x00000000f5980000,0x00000000f9280000,0x00000000f9280000)
  from space 29184K, 5% used [0x00000000fb500000,0x00000000fb6827e0,0x00000000fd180000)
  to   space 32256K, 0% used [0x00000000f9280000,0x00000000f9280000,0x00000000fb200000)
 ParOldGen       total 123904K, used 63785K [0x00000000e0c00000, 0x00000000e8500000, 0x00000000f5980000)
  object space 123904K, 51% used [0x00000000e0c00000,0x00000000e4a4a4c0,0x00000000e8500000)
 Metaspace       used 24055K, capacity 24296K, committed 24448K, reserved 1071104K
  class space    used 2038K, capacity 2108K, committed 2176K, reserved 1048576K
Event: 80.364 GC heap after
Heap after GC invocations=25 (full 2):
 PSYoungGen      total 58880K, used 1661K [0x00000000f5980000, 0x00000000fcc00000, 0x0000000100000000)
  eden space 56832K, 0% used [0x00000000f5980000,0x00000000f5980000,0x00000000f9100000)
  from space 2048K, 81% used [0x00000000f9280000,0x00000000f941f7e0,0x00000000f9480000)
  to   space 30208K, 0% used [0x00000000fae80000,0x00000000fae80000,0x00000000fcc00000)
 ParOldGen       total 123904K, used 63785K [0x00000000e0c00000, 0x00000000e8500000, 0x00000000f5980000)
  object space 123904K, 51% used [0x00000000e0c00000,0x00000000e4a4a4c0,0x00000000e8500000)
 Metaspace       used 24055K, capacity 24296K, committed 24448K, reserved 1071104K
  class space    used 2038K, capacity 2108K, committed 2176K, reserved 1048576K
}
Event: 83.350 GC heap before
{Heap before GC invocations=26 (full 2):
 PSYoungGen      total 58880K, used 58493K [0x00000000f5980000, 0x00000000fcc00000, 0x0000000100000000)
  eden space 56832K, 100% used [0x00000000f5980000,0x00000000f9100000,0x00000000f9100000)
  from space 2048K, 81% used [0x00000000f9280000,0x00000000f941f7e0,0x00000000f9480000)
  to   space 30208K, 0% used [0x00000000fae80000,0x00000000fae80000,0x00000000fcc00000)
 ParOldGen       total 123904K, used 63785K [0x00000000e0c00000, 0x00000000e8500000, 0x00000000f5980000)
  object space 123904K, 51% used [0x00000000e0c00000,0x00000000e4a4a4c0,0x00000000e8500000)
 Metaspace       used 24055K, capacity 24296K, committed 24448K, reserved 1071104K
  class space    used 2038K, capacity 2108K, committed 2176K, reserved 1048576K
Event: 83.354 GC heap after
Heap after GC invocations=26 (full 2):
 PSYoungGen      total 80896K, used 1725K [0x00000000f5980000, 0x00000000fc780000, 0x0000000100000000)
  eden space 55296K, 0% used [0x00000000f5980000,0x00000000f5980000,0x00000000f8f80000)
  from space 25600K, 6% used [0x00000000fae80000,0x00000000fb02f7e0,0x00000000fc780000)
  to   space 28672K, 0% used [0x00000000f8f80000,0x00000000f8f80000,0x00000000fab80000)
 ParOldGen       total 123904K, used 63785K [0x00000000e0c00000, 0x00000000e8500000, 0x00000000f5980000)
  object space 123904K, 51% used [0x00000000e0c00000,0x00000000e4a4a4c0,0x00000000e8500000)
 Metaspace       used 24055K, capacity 24296K, committed 24448K, reserved 1071104K
  class space    used 2038K, capacity 2108K, committed 2176K, reserved 1048576K
}
Event: 86.259 GC heap before
{Heap before GC invocations=27 (full 2):
 PSYoungGen      total 80896K, used 57021K [0x00000000f5980000, 0x00000000fc780000, 0x0000000100000000)
  eden space 55296K, 100% used [0x00000000f5980000,0x00000000f8f80000,0x00000000f8f80000)
  from space 25600K, 6% used [0x00000000fae80000,0x00000000fb02f7e0,0x00000000fc780000)
  to   space 28672K, 0% used [0x00000000f8f80000,0x00000000f8f80000,0x00000000fab80000)
 ParOldGen       total 123904K, used 63785K [0x00000000e0c00000, 0x00000000e8500000, 0x00000000f5980000)
  object space 123904K, 51% used [0x00000000e0c00000,0x00000000e4a4a4c0,0x00000000e8500000)
 Metaspace       used 24055K, capacity 24296K, committed 24448K, reserved 1071104K
  class space    used 2038K, capacity 2108K, committed 2176K, reserved 1048576K
Event: 86.261 GC heap after
Heap after GC invocations=27 (full 2):
 PSYoungGen      total 55808K, used 1821K [0x00000000f5980000, 0x00000000fc300000, 0x0000000100000000)
  eden space 53760K, 0% used [0x00000000f5980000,0x00000000f5980000,0x00000000f8e00000)
  from space 2048K, 88% used [0x00000000f8f80000,0x00000000f91477e0,0x00000000f9180000)
  to   space 27136K, 0% used [0x00000000fa880000,0x00000000fa880000,0x00000000fc300000)
 ParOldGen       total 123904K, used 63785K [0x00000000e0c00000, 0x00000000e8500000, 0x00000000f5980000)
  object space 123904K, 51% used [0x00000000e0c00000,0x00000000e4a4a4c0,0x00000000e8500000)
 Metaspace       used 24055K, capacity 24296K, committed 24448K, reserved 1071104K
  class space    used 2038K, capacity 2108K, committed 2176K, reserved 1048576K
}
Event: 89.075 GC heap before
{Heap before GC invocations=28 (full 2):
 PSYoungGen      total 55808K, used 55581K [0x00000000f5980000, 0x00000000fc300000, 0x0000000100000000)
  eden space 53760K, 100% used [0x00000000f5980000,0x00000000f8e00000,0x00000000f8e00000)
  from space 2048K, 88% used [0x00000000f8f80000,0x00000000f91477e0,0x00000000f9180000)
  to   space 27136K, 0% used [0x00000000fa880000,0x00000000fa880000,0x00000000fc300000)
 ParOldGen       total 123904K, used 63785K [0x00000000e0c00000, 0x00000000e8500000, 0x00000000f5980000)
  object space 123904K, 51% used [0x00000000e0c00000,0x00000000e4a4a4c0,0x00000000e8500000)
 Metaspace       used 24055K, capacity 24296K, committed 24448K, reserved 1071104K
  class space    used 2038K, capacity 2108K, committed 2176K, reserved 1048576K
Event: 89.078 GC heap after
Heap after GC invocations=28 (full 2):
 PSYoungGen      total 73728K, used 1917K [0x00000000f5980000, 0x00000000fbd80000, 0x0000000100000000)
  eden space 52224K, 0% used [0x00000000f5980000,0x00000000f5980000,0x00000000f8c80000)
  from space 21504K, 8% used [0x00000000fa880000,0x00000000faa5f7e0,0x00000000fbd80000)
  to   space 25088K, 0% used [0x00000000f8c80000,0x00000000f8c80000,0x00000000fa500000)
 ParOldGen       total 123904K, used 63841K [0x00000000e0c00000, 0x00000000e8500000, 0x00000000f5980000)
  object space 123904K, 51% used [0x00000000e0c00000,0x00000000e4a584c0,0x00000000e8500000)
 Metaspace       used 24055K, capacity 24296K, committed 24448K, reserved 1071104K
  class space    used 2038K, capacity 2108K, committed 2176K, reserved 1048576K
}

