# JRE version: Java(TM) SE Runtime Environment (8.0_202-b08) (build 1.8.0_202-b08)
# Java VM: Java HotSpot(TM) 64-Bit Server VM (25.202-b08 mixed mode windows-amd64 compressed oops)
Heap:
 PSYoungGen      total 104960K, used 22058K [0x00000000f5980000, 0x00000000fe880000, 0x0000000100000000)
  eden space 71680K, 28% used [0x00000000f5980000,0x00000000f6d7bb68,0x00000000f9f80000)
  from space 33280K, 4% used [0x00000000fc800000,0x00000000fc98efd0,0x00000000fe880000)
  to   space 37376K, 0% used [0x00000000f9f80000,0x00000000f9f80000,0x00000000fc400000)
 ParOldGen       total 124928K, used 64030K [0x00000000e0c00000, 0x00000000e8600000, 0x00000000f5980000)
  object space 124928K, 51% used [0x00000000e0c00000,0x00000000e4a87b80,0x00000000e8600000)
 Metaspace       used 24096K, capacity 24296K, committed 24448K, reserved 1071104K
  class space    used 2048K, capacity 2108K, committed 2176K, reserved 1048576K
GC Heap History (10 events):
Event: 48.435 GC heap before
{Heap before GC invocations=16 (full 2):
 PSYoungGen      total 127488K, used 85152K [0x00000000f5980000, 0x0000000100000000, 0x0000000100000000)
  eden space 84480K, 100% used [0x00000000f5980000,0x00000000fac00000,0x00000000fac00000)
  from space 43008K, 1% used [0x00000000fac00000,0x00000000faca8000,0x00000000fd600000)
  to   space 43008K, 0% used [0x00000000fd600000,0x00000000fd600000,0x0000000100000000)
 ParOldGen       total 124928K, used 63990K [0x00000000e0c00000, 0x00000000e8600000, 0x00000000f5980000)
  object space 124928K, 51% used [0x00000000e0c00000,0x00000000e4a7db80,0x00000000e8600000)
 Metaspace       used 23218K, capacity 23432K, committed 23680K, reserved 1071104K
  class space    used 1983K, capacity 2076K, committed 2176K, reserved 1048576K
Event: 48.438 GC heap after
Heap after GC invocations=16 (full 2):
 PSYoungGen      total 121344K, used 871K [0x00000000f5980000, 0x00000000ffc80000, 0x0000000100000000)
  eden space 81920K, 0% used [0x00000000f5980000,0x00000000f5980000,0x00000000fa980000)
  from space 39424K, 2% used [0x00000000fd600000,0x00000000fd6d9fc0,0x00000000ffc80000)
  to   space 42496K, 0% used [0x00000000fa980000,0x00000000fa980000,0x00000000fd300000)
 ParOldGen       total 124928K, used 63998K [0x00000000e0c00000, 0x00000000e8600000, 0x00000000f5980000)
  object space 124928K, 51% used [0x00000000e0c00000,0x00000000e4a7fb80,0x00000000e8600000)
 Metaspace       used 23218K, capacity 23432K, committed 23680K, reserved 1071104K
  class space    used 1983K, capacity 2076K, committed 2176K, reserved 1048576K
}
Event: 54.978 GC heap before
{Heap before GC invocations=17 (full 2):
 PSYoungGen      total 121344K, used 82791K [0x00000000f5980000, 0x00000000ffc80000, 0x0000000100000000)
  eden space 81920K, 100% used [0x00000000f5980000,0x00000000fa980000,0x00000000fa980000)
  from space 39424K, 2% used [0x00000000fd600000,0x00000000fd6d9fc0,0x00000000ffc80000)
  to   space 42496K, 0% used [0x00000000fa980000,0x00000000fa980000,0x00000000fd300000)
 ParOldGen       total 124928K, used 63998K [0x00000000e0c00000, 0x00000000e8600000, 0x00000000f5980000)
  object space 124928K, 51% used [0x00000000e0c00000,0x00000000e4a7fb80,0x00000000e8600000)
 Metaspace       used 24022K, capacity 24232K, committed 24448K, reserved 1071104K
  class space    used 2048K, capacity 2108K, committed 2176K, reserved 1048576K
Event: 54.981 GC heap after
Heap after GC invocations=17 (full 2):
 PSYoungGen      total 80896K, used 1517K [0x00000000f5980000, 0x00000000ff800000, 0x0000000100000000)
  eden space 79360K, 0% used [0x00000000f5980000,0x00000000f5980000,0x00000000fa700000)
  from space 1536K, 98% used [0x00000000fa980000,0x00000000faafb538,0x00000000fab00000)
  to   space 41472K, 0% used [0x00000000fcf80000,0x00000000fcf80000,0x00000000ff800000)
 ParOldGen       total 124928K, used 64006K [0x00000000e0c00000, 0x00000000e8600000, 0x00000000f5980000)
  object space 124928K, 51% used [0x00000000e0c00000,0x00000000e4a81b80,0x00000000e8600000)
 Metaspace       used 24022K, capacity 24232K, committed 24448K, reserved 1071104K
  class space    used 2048K, capacity 2108K, committed 2176K, reserved 1048576K
}
Event: 61.067 GC heap before
{Heap before GC invocations=18 (full 2):
 PSYoungGen      total 80896K, used 80877K [0x00000000f5980000, 0x00000000ff800000, 0x0000000100000000)
  eden space 79360K, 100% used [0x00000000f5980000,0x00000000fa700000,0x00000000fa700000)
  from space 1536K, 98% used [0x00000000fa980000,0x00000000faafb538,0x00000000fab00000)
  to   space 41472K, 0% used [0x00000000fcf80000,0x00000000fcf80000,0x00000000ff800000)
 ParOldGen       total 124928K, used 64006K [0x00000000e0c00000, 0x00000000e8600000, 0x00000000f5980000)
  object space 124928K, 51% used [0x00000000e0c00000,0x00000000e4a81b80,0x00000000e8600000)
 Metaspace       used 24083K, capacity 24296K, committed 24448K, reserved 1071104K
  class space    used 2048K, capacity 2108K, committed 2176K, reserved 1048576K
Event: 61.069 GC heap after
Heap after GC invocations=18 (full 2):
 PSYoungGen      total 112640K, used 1301K [0x00000000f5980000, 0x00000000ff280000, 0x0000000100000000)
  eden space 76800K, 0% used [0x00000000f5980000,0x00000000f5980000,0x00000000fa480000)
  from space 35840K, 3% used [0x00000000fcf80000,0x00000000fd0c57d0,0x00000000ff280000)
  to   space 39936K, 0% used [0x00000000fa480000,0x00000000fa480000,0x00000000fcb80000)
 ParOldGen       total 124928K, used 64014K [0x00000000e0c00000, 0x00000000e8600000, 0x00000000f5980000)
  object space 124928K, 51% used [0x00000000e0c00000,0x00000000e4a83b80,0x00000000e8600000)
 Metaspace       used 24083K, capacity 24296K, committed 24448K, reserved 1071104K
  class space    used 2048K, capacity 2108K, committed 2176K, reserved 1048576K
}
Event: 67.053 GC heap before
{Heap before GC invocations=19 (full 2):
 PSYoungGen      total 112640K, used 78101K [0x00000000f5980000, 0x00000000ff280000, 0x0000000100000000)
  eden space 76800K, 100% used [0x00000000f5980000,0x00000000fa480000,0x00000000fa480000)
  from space 35840K, 3% used [0x00000000fcf80000,0x00000000fd0c57d0,0x00000000ff280000)
  to   space 39936K, 0% used [0x00000000fa480000,0x00000000fa480000,0x00000000fcb80000)
 ParOldGen       total 124928K, used 64014K [0x00000000e0c00000, 0x00000000e8600000, 0x00000000f5980000)
  object space 124928K, 51% used [0x00000000e0c00000,0x00000000e4a83b80,0x00000000e8600000)
 Metaspace       used 24096K, capacity 24296K, committed 24448K, reserved 1071104K
  class space    used 2048K, capacity 2108K, committed 2176K, reserved 1048576K
Event: 67.057 GC heap after
Heap after GC invocations=19 (full 2):
 PSYoungGen      total 75776K, used 1435K [0x00000000f5980000, 0x00000000fee00000, 0x0000000100000000)
  eden space 74240K, 0% used [0x00000000f5980000,0x00000000f5980000,0x00000000fa200000)
  from space 1536K, 93% used [0x00000000fa480000,0x00000000fa5e6fd0,0x00000000fa600000)
  to   space 38912K, 0% used [0x00000000fc800000,0x00000000fc800000,0x00000000fee00000)
 ParOldGen       total 124928K, used 64022K [0x00000000e0c00000, 0x00000000e8600000, 0x00000000f5980000)
  object space 124928K, 51% used [0x00000000e0c00000,0x00000000e4a85b80,0x00000000e8600000)
 Metaspace       used 24096K, capacity 24296K, committed 24448K, reserved 1071104K
  class space    used 2048K, capacity 2108K, committed 2176K, reserved 1048576K
}
Event: 72.719 GC heap before
{Heap before GC invocations=20 (full 2):
 PSYoungGen      total 75776K, used 75675K [0x00000000f5980000, 0x00000000fee00000, 0x0000000100000000)
  eden space 74240K, 100% used [0x00000000f5980000,0x00000000fa200000,0x00000000fa200000)
  from space 1536K, 93% used [0x00000000fa480000,0x00000000fa5e6fd0,0x00000000fa600000)
  to   space 38912K, 0% used [0x00000000fc800000,0x00000000fc800000,0x00000000fee00000)
 ParOldGen       total 124928K, used 64022K [0x00000000e0c00000, 0x00000000e8600000, 0x00000000f5980000)
  object space 124928K, 51% used [0x00000000e0c00000,0x00000000e4a85b80,0x00000000e8600000)
 Metaspace       used 24096K, capacity 24296K, committed 24448K, reserved 1071104K
  class space    used 2048K, capacity 2108K, committed 2176K, reserved 1048576K
Event: 72.723 GC heap after
Heap after GC invocations=20 (full 2):
 PSYoungGen      total 104960K, used 1595K [0x00000000f5980000, 0x00000000fe880000, 0x0000000100000000)
  eden space 71680K, 0% used [0x00000000f5980000,0x00000000f5980000,0x00000000f9f80000)
  from space 33280K, 4% used [0x00000000fc800000,0x00000000fc98efd0,0x00000000fe880000)
  to   space 37376K, 0% used [0x00000000f9f80000,0x00000000f9f80000,0x00000000fc400000)
 ParOldGen       total 124928K, used 64030K [0x00000000e0c00000, 0x00000000e8600000, 0x00000000f5980000)
  object space 124928K, 51% used [0x00000000e0c00000,0x00000000e4a87b80,0x00000000e8600000)
 Metaspace       used 24096K, capacity 24296K, committed 24448K, reserved 1071104K
  class space    used 2048K, capacity 2108K, committed 2176K, reserved 1048576K
}

