# JRE version: Java(TM) SE Runtime Environment (8.0_202-b08) (build 1.8.0_202-b08)
# Java VM: Java HotSpot(TM) 64-Bit Server VM (25.202-b08 mixed mode windows-amd64 compressed oops)
Heap:
 PSYoungGen      total 69632K, used 67694K [0x00000000f6a00000, 0x00000000fd300000, 0x0000000100000000)
  eden space 45056K, 96% used [0x00000000f6a00000,0x00000000f9440800,0x00000000f9600000)
  from space 24576K, 99% used [0x00000000fb200000,0x00000000fc9db080,0x00000000fca00000)
  to   space 28672K, 0% used [0x00000000f9600000,0x00000000f9600000,0x00000000fb200000)
 ParOldGen       total 62464K, used 40022K [0x00000000e3e00000, 0x00000000e7b00000, 0x00000000f6a00000)
  object space 62464K, 64% used [0x00000000e3e00000,0x00000000e6515938,0x00000000e7b00000)
 Metaspace       used 20528K, capacity 20764K, committed 20864K, reserved 1069056K
  class space    used 1832K, capacity 1894K, committed 1920K, reserved 1048576K
GC Heap History (10 events):
Event: 3.243 GC heap before
{Heap before GC invocations=5 (full 0):
 PSYoungGen      total 18944K, used 18562K [0x00000000f6a00000, 0x00000000f8f00000, 0x0000000100000000)
  eden space 16384K, 97% used [0x00000000f6a00000,0x00000000f79a7640,0x00000000f7a00000)
  from space 2560K, 98% used [0x00000000f7c80000,0x00000000f7ef9388,0x00000000f7f00000)
  to   space 2560K, 0% used [0x00000000f7a00000,0x00000000f7a00000,0x00000000f7c80000)
 ParOldGen       total 44032K, used 18695K [0x00000000e3e00000, 0x00000000e6900000, 0x00000000f6a00000)
  object space 44032K, 42% used [0x00000000e3e00000,0x00000000e5041e20,0x00000000e6900000)
 Metaspace       used 18863K, capacity 19042K, committed 19328K, reserved 1067008K
  class space    used 1725K, capacity 1795K, committed 1920K, reserved 1048576K
Event: 3.251 GC heap after
Heap after GC invocations=5 (full 0):
 PSYoungGen      total 18944K, used 2548K [0x00000000f6a00000, 0x00000000fb000000, 0x0000000100000000)
  eden space 16384K, 0% used [0x00000000f6a00000,0x00000000f6a00000,0x00000000f7a00000)
  from space 2560K, 99% used [0x00000000f7a00000,0x00000000f7c7d378,0x00000000f7c80000)
  to   space 19456K, 0% used [0x00000000f9d00000,0x00000000f9d00000,0x00000000fb000000)
 ParOldGen       total 44032K, used 32350K [0x00000000e3e00000, 0x00000000e6900000, 0x00000000f6a00000)
  object space 44032K, 73% used [0x00000000e3e00000,0x00000000e5d97830,0x00000000e6900000)
 Metaspace       used 18863K, capacity 19042K, committed 19328K, reserved 1067008K
  class space    used 1725K, capacity 1795K, committed 1920K, reserved 1048576K
}
Event: 3.251 GC heap before
{Heap before GC invocations=6 (full 1):
 PSYoungGen      total 18944K, used 2548K [0x00000000f6a00000, 0x00000000fb000000, 0x0000000100000000)
  eden space 16384K, 0% used [0x00000000f6a00000,0x00000000f6a00000,0x00000000f7a00000)
  from space 2560K, 99% used [0x00000000f7a00000,0x00000000f7c7d378,0x00000000f7c80000)
  to   space 19456K, 0% used [0x00000000f9d00000,0x00000000f9d00000,0x00000000fb000000)
 ParOldGen       total 44032K, used 32350K [0x00000000e3e00000, 0x00000000e6900000, 0x00000000f6a00000)
  object space 44032K, 73% used [0x00000000e3e00000,0x00000000e5d97830,0x00000000e6900000)
 Metaspace       used 18863K, capacity 19042K, committed 19328K, reserved 1067008K
  class space    used 1725K, capacity 1795K, committed 1920K, reserved 1048576K
Event: 3.290 GC heap after
Heap after GC invocations=6 (full 1):
 PSYoungGen      total 18944K, used 0K [0x00000000f6a00000, 0x00000000fb000000, 0x0000000100000000)
  eden space 16384K, 0% used [0x00000000f6a00000,0x00000000f6a00000,0x00000000f7a00000)
  from space 2560K, 0% used [0x00000000f7a00000,0x00000000f7a00000,0x00000000f7c80000)
  to   space 19456K, 0% used [0x00000000f9d00000,0x00000000f9d00000,0x00000000fb000000)
 ParOldGen       total 62464K, used 21574K [0x00000000e3e00000, 0x00000000e7b00000, 0x00000000f6a00000)
  object space 62464K, 34% used [0x00000000e3e00000,0x00000000e5311898,0x00000000e7b00000)
 Metaspace       used 18863K, capacity 19042K, committed 19328K, reserved 1067008K
  class space    used 1725K, capacity 1795K, committed 1920K, reserved 1048576K
}
Event: 3.396 GC heap before
{Heap before GC invocations=7 (full 1):
 PSYoungGen      total 18944K, used 15528K [0x00000000f6a00000, 0x00000000fb000000, 0x0000000100000000)
  eden space 16384K, 94% used [0x00000000f6a00000,0x00000000f792a0a0,0x00000000f7a00000)
  from space 2560K, 0% used [0x00000000f7a00000,0x00000000f7a00000,0x00000000f7c80000)
  to   space 19456K, 0% used [0x00000000f9d00000,0x00000000f9d00000,0x00000000fb000000)
 ParOldGen       total 62464K, used 21574K [0x00000000e3e00000, 0x00000000e7b00000, 0x00000000f6a00000)
  object space 62464K, 34% used [0x00000000e3e00000,0x00000000e5311898,0x00000000e7b00000)
 Metaspace       used 18863K, capacity 19042K, committed 19328K, reserved 1067008K
  class space    used 1725K, capacity 1795K, committed 1920K, reserved 1048576K
Event: 3.404 GC heap after
Heap after GC invocations=7 (full 1):
 PSYoungGen      total 45056K, used 14464K [0x00000000f6a00000, 0x00000000fae00000, 0x0000000100000000)
  eden space 27648K, 0% used [0x00000000f6a00000,0x00000000f6a00000,0x00000000f8500000)
  from space 17408K, 83% used [0x00000000f9d00000,0x00000000fab200e0,0x00000000fae00000)
  to   space 20992K, 0% used [0x00000000f8500000,0x00000000f8500000,0x00000000f9980000)
 ParOldGen       total 62464K, used 21582K [0x00000000e3e00000, 0x00000000e7b00000, 0x00000000f6a00000)
  object space 62464K, 34% used [0x00000000e3e00000,0x00000000e5313898,0x00000000e7b00000)
 Metaspace       used 18863K, capacity 19042K, committed 19328K, reserved 1067008K
  class space    used 1725K, capacity 1795K, committed 1920K, reserved 1048576K
}
Event: 3.526 GC heap before
{Heap before GC invocations=8 (full 1):
 PSYoungGen      total 45056K, used 39680K [0x00000000f6a00000, 0x00000000fae00000, 0x0000000100000000)
  eden space 27648K, 91% used [0x00000000f6a00000,0x00000000f829ff68,0x00000000f8500000)
  from space 17408K, 83% used [0x00000000f9d00000,0x00000000fab200e0,0x00000000fae00000)
  to   space 20992K, 0% used [0x00000000f8500000,0x00000000f8500000,0x00000000f9980000)
 ParOldGen       total 62464K, used 21582K [0x00000000e3e00000, 0x00000000e7b00000, 0x00000000f6a00000)
  object space 62464K, 34% used [0x00000000e3e00000,0x00000000e5313898,0x00000000e7b00000)
 Metaspace       used 18901K, capacity 19106K, committed 19328K, reserved 1067008K
  class space    used 1728K, capacity 1795K, committed 1920K, reserved 1048576K
Event: 3.537 GC heap after
Heap after GC invocations=8 (full 1):
 PSYoungGen      total 48640K, used 20299K [0x00000000f6a00000, 0x00000000fca00000, 0x0000000100000000)
  eden space 27648K, 0% used [0x00000000f6a00000,0x00000000f6a00000,0x00000000f8500000)
  from space 20992K, 96% used [0x00000000f8500000,0x00000000f98d2f70,0x00000000f9980000)
  to   space 24576K, 0% used [0x00000000fb200000,0x00000000fb200000,0x00000000fca00000)
 ParOldGen       total 62464K, used 27726K [0x00000000e3e00000, 0x00000000e7b00000, 0x00000000f6a00000)
  object space 62464K, 44% used [0x00000000e3e00000,0x00000000e59138f8,0x00000000e7b00000)
 Metaspace       used 18901K, capacity 19106K, committed 19328K, reserved 1067008K
  class space    used 1728K, capacity 1795K, committed 1920K, reserved 1048576K
}
Event: 3.661 GC heap before
{Heap before GC invocations=9 (full 1):
 PSYoungGen      total 48640K, used 47411K [0x00000000f6a00000, 0x00000000fca00000, 0x0000000100000000)
  eden space 27648K, 98% used [0x00000000f6a00000,0x00000000f8479d48,0x00000000f8500000)
  from space 20992K, 96% used [0x00000000f8500000,0x00000000f98d2f70,0x00000000f9980000)
  to   space 24576K, 0% used [0x00000000fb200000,0x00000000fb200000,0x00000000fca00000)
 ParOldGen       total 62464K, used 27726K [0x00000000e3e00000, 0x00000000e7b00000, 0x00000000f6a00000)
  object space 62464K, 44% used [0x00000000e3e00000,0x00000000e59138f8,0x00000000e7b00000)
 Metaspace       used 18940K, capacity 19170K, committed 19584K, reserved 1067008K
  class space    used 1728K, capacity 1795K, committed 1920K, reserved 1048576K
Event: 3.672 GC heap after
Heap after GC invocations=9 (full 1):
 PSYoungGen      total 69632K, used 24428K [0x00000000f6a00000, 0x00000000fd300000, 0x0000000100000000)
  eden space 45056K, 0% used [0x00000000f6a00000,0x00000000f6a00000,0x00000000f9600000)
  from space 24576K, 99% used [0x00000000fb200000,0x00000000fc9db080,0x00000000fca00000)
  to   space 28672K, 0% used [0x00000000f9600000,0x00000000f9600000,0x00000000fb200000)
 ParOldGen       total 62464K, used 40022K [0x00000000e3e00000, 0x00000000e7b00000, 0x00000000f6a00000)
  object space 62464K, 64% used [0x00000000e3e00000,0x00000000e6515938,0x00000000e7b00000)
 Metaspace       used 18940K, capacity 19170K, committed 19584K, reserved 1067008K
  class space    used 1728K, capacity 1795K, committed 1920K, reserved 1048576K
}

