# JRE version: Java(TM) SE Runtime Environment (8.0_202-b08) (build 1.8.0_202-b08)
# Java VM: Java HotSpot(TM) 64-Bit Server VM (25.202-b08 mixed mode windows-amd64 compressed oops)
Heap:
 PSYoungGen      total 129536K, used 47744K [0x00000000f5980000, 0x00000000fff80000, 0x0000000100000000)
  eden space 94208K, 22% used [0x00000000f5980000,0x00000000f6e63c08,0x00000000fb580000)
  from space 35328K, 74% used [0x00000000fdb80000,0x00000000ff53c490,0x00000000ffe00000)
  to   space 37888K, 0% used [0x00000000fb580000,0x00000000fb580000,0x00000000fda80000)
 ParOldGen       total 80384K, used 32484K [0x00000000e0c00000, 0x00000000e5a80000, 0x00000000f5980000)
  object space 80384K, 40% used [0x00000000e0c00000,0x00000000e2bb90e8,0x00000000e5a80000)
 Metaspace       used 20879K, capacity 21084K, committed 21376K, reserved 1069056K
  class space    used 1832K, capacity 1894K, committed 1920K, reserved 1048576K
GC Heap History (10 events):
Event: 3.706 GC heap before
{Heap before GC invocations=5 (full 0):
 PSYoungGen      total 35328K, used 35223K [0x00000000f5980000, 0x00000000f7e80000, 0x0000000100000000)
  eden space 32768K, 99% used [0x00000000f5980000,0x00000000f7968b98,0x00000000f7980000)
  from space 2560K, 99% used [0x00000000f7c00000,0x00000000f7e7d398,0x00000000f7e80000)
  to   space 2560K, 0% used [0x00000000f7980000,0x00000000f7980000,0x00000000f7c00000)
 ParOldGen       total 44032K, used 18329K [0x00000000e0c00000, 0x00000000e3700000, 0x00000000f5980000)
  object space 44032K, 41% used [0x00000000e0c00000,0x00000000e1de6650,0x00000000e3700000)
 Metaspace       used 18876K, capacity 19042K, committed 19328K, reserved 1067008K
  class space    used 1733K, capacity 1795K, committed 1920K, reserved 1048576K
Event: 3.723 GC heap after
Heap after GC invocations=5 (full 0):
 PSYoungGen      total 35328K, used 2555K [0x00000000f5980000, 0x00000000fd280000, 0x0000000100000000)
  eden space 32768K, 0% used [0x00000000f5980000,0x00000000f5980000,0x00000000f7980000)
  from space 2560K, 99% used [0x00000000f7980000,0x00000000f7bfee50,0x00000000f7c00000)
  to   space 29184K, 0% used [0x00000000fb600000,0x00000000fb600000,0x00000000fd280000)
 ParOldGen       total 47104K, used 46375K [0x00000000e0c00000, 0x00000000e3a00000, 0x00000000f5980000)
  object space 47104K, 98% used [0x00000000e0c00000,0x00000000e3949f90,0x00000000e3a00000)
 Metaspace       used 18876K, capacity 19042K, committed 19328K, reserved 1067008K
  class space    used 1733K, capacity 1795K, committed 1920K, reserved 1048576K
}
Event: 3.723 GC heap before
{Heap before GC invocations=6 (full 1):
 PSYoungGen      total 35328K, used 2555K [0x00000000f5980000, 0x00000000fd280000, 0x0000000100000000)
  eden space 32768K, 0% used [0x00000000f5980000,0x00000000f5980000,0x00000000f7980000)
  from space 2560K, 99% used [0x00000000f7980000,0x00000000f7bfee50,0x00000000f7c00000)
  to   space 29184K, 0% used [0x00000000fb600000,0x00000000fb600000,0x00000000fd280000)
 ParOldGen       total 47104K, used 46375K [0x00000000e0c00000, 0x00000000e3a00000, 0x00000000f5980000)
  object space 47104K, 98% used [0x00000000e0c00000,0x00000000e3949f90,0x00000000e3a00000)
 Metaspace       used 18876K, capacity 19042K, committed 19328K, reserved 1067008K
  class space    used 1733K, capacity 1795K, committed 1920K, reserved 1048576K
Event: 3.755 GC heap after
Heap after GC invocations=6 (full 1):
 PSYoungGen      total 35328K, used 0K [0x00000000f5980000, 0x00000000fd280000, 0x0000000100000000)
  eden space 32768K, 0% used [0x00000000f5980000,0x00000000f5980000,0x00000000f7980000)
  from space 2560K, 0% used [0x00000000f7980000,0x00000000f7980000,0x00000000f7c00000)
  to   space 29184K, 0% used [0x00000000fb600000,0x00000000fb600000,0x00000000fd280000)
 ParOldGen       total 80384K, used 32460K [0x00000000e0c00000, 0x00000000e5a80000, 0x00000000f5980000)
  object space 80384K, 40% used [0x00000000e0c00000,0x00000000e2bb30e8,0x00000000e5a80000)
 Metaspace       used 18876K, capacity 19042K, committed 19328K, reserved 1067008K
  class space    used 1733K, capacity 1795K, committed 1920K, reserved 1048576K
}
Event: 3.895 GC heap before
{Heap before GC invocations=7 (full 1):
 PSYoungGen      total 35328K, used 30564K [0x00000000f5980000, 0x00000000fd280000, 0x0000000100000000)
  eden space 32768K, 93% used [0x00000000f5980000,0x00000000f7759220,0x00000000f7980000)
  from space 2560K, 0% used [0x00000000f7980000,0x00000000f7980000,0x00000000f7c00000)
  to   space 29184K, 0% used [0x00000000fb600000,0x00000000fb600000,0x00000000fd280000)
 ParOldGen       total 80384K, used 32460K [0x00000000e0c00000, 0x00000000e5a80000, 0x00000000f5980000)
  object space 80384K, 40% used [0x00000000e0c00000,0x00000000e2bb30e8,0x00000000e5a80000)
 Metaspace       used 18946K, capacity 19170K, committed 19584K, reserved 1067008K
  class space    used 1736K, capacity 1795K, committed 1920K, reserved 1048576K
Event: 3.903 GC heap after
Heap after GC invocations=7 (full 1):
 PSYoungGen      total 82432K, used 20331K [0x00000000f5980000, 0x00000000fce80000, 0x0000000100000000)
  eden space 57344K, 0% used [0x00000000f5980000,0x00000000f5980000,0x00000000f9180000)
  from space 25088K, 81% used [0x00000000fb600000,0x00000000fc9daf10,0x00000000fce80000)
  to   space 31232K, 0% used [0x00000000f9180000,0x00000000f9180000,0x00000000fb000000)
 ParOldGen       total 80384K, used 32468K [0x00000000e0c00000, 0x00000000e5a80000, 0x00000000f5980000)
  object space 80384K, 40% used [0x00000000e0c00000,0x00000000e2bb50e8,0x00000000e5a80000)
 Metaspace       used 18946K, capacity 19170K, committed 19584K, reserved 1067008K
  class space    used 1736K, capacity 1795K, committed 1920K, reserved 1048576K
}
Event: 7.259 GC heap before
{Heap before GC invocations=8 (full 1):
 PSYoungGen      total 82432K, used 77675K [0x00000000f5980000, 0x00000000fce80000, 0x0000000100000000)
  eden space 57344K, 100% used [0x00000000f5980000,0x00000000f9180000,0x00000000f9180000)
  from space 25088K, 81% used [0x00000000fb600000,0x00000000fc9daf10,0x00000000fce80000)
  to   space 31232K, 0% used [0x00000000f9180000,0x00000000f9180000,0x00000000fb000000)
 ParOldGen       total 80384K, used 32468K [0x00000000e0c00000, 0x00000000e5a80000, 0x00000000f5980000)
  object space 80384K, 40% used [0x00000000e0c00000,0x00000000e2bb50e8,0x00000000e5a80000)
 Metaspace       used 20304K, capacity 20502K, committed 20608K, reserved 1069056K
  class space    used 1829K, capacity 1893K, committed 1920K, reserved 1048576K
Event: 7.273 GC heap after
Heap after GC invocations=8 (full 1):
 PSYoungGen      total 88576K, used 26573K [0x00000000f5980000, 0x00000000ffe00000, 0x0000000100000000)
  eden space 57344K, 0% used [0x00000000f5980000,0x00000000f5980000,0x00000000f9180000)
  from space 31232K, 85% used [0x00000000f9180000,0x00000000fab73688,0x00000000fb000000)
  to   space 35328K, 0% used [0x00000000fdb80000,0x00000000fdb80000,0x00000000ffe00000)
 ParOldGen       total 80384K, used 32476K [0x00000000e0c00000, 0x00000000e5a80000, 0x00000000f5980000)
  object space 80384K, 40% used [0x00000000e0c00000,0x00000000e2bb70e8,0x00000000e5a80000)
 Metaspace       used 20304K, capacity 20502K, committed 20608K, reserved 1069056K
  class space    used 1829K, capacity 1893K, committed 1920K, reserved 1048576K
}
Event: 33.160 GC heap before
{Heap before GC invocations=9 (full 1):
 PSYoungGen      total 88576K, used 83917K [0x00000000f5980000, 0x00000000ffe00000, 0x0000000100000000)
  eden space 57344K, 100% used [0x00000000f5980000,0x00000000f9180000,0x00000000f9180000)
  from space 31232K, 85% used [0x00000000f9180000,0x00000000fab73688,0x00000000fb000000)
  to   space 35328K, 0% used [0x00000000fdb80000,0x00000000fdb80000,0x00000000ffe00000)
 ParOldGen       total 80384K, used 32476K [0x00000000e0c00000, 0x00000000e5a80000, 0x00000000f5980000)
  object space 80384K, 40% used [0x00000000e0c00000,0x00000000e2bb70e8,0x00000000e5a80000)
 Metaspace       used 20851K, capacity 21078K, committed 21376K, reserved 1069056K
  class space    used 1829K, capacity 1893K, committed 1920K, reserved 1048576K
Event: 33.171 GC heap after
Heap after GC invocations=9 (full 1):
 PSYoungGen      total 129536K, used 26353K [0x00000000f5980000, 0x00000000fff80000, 0x0000000100000000)
  eden space 94208K, 0% used [0x00000000f5980000,0x00000000f5980000,0x00000000fb580000)
  from space 35328K, 74% used [0x00000000fdb80000,0x00000000ff53c490,0x00000000ffe00000)
  to   space 37888K, 0% used [0x00000000fb580000,0x00000000fb580000,0x00000000fda80000)
 ParOldGen       total 80384K, used 32484K [0x00000000e0c00000, 0x00000000e5a80000, 0x00000000f5980000)
  object space 80384K, 40% used [0x00000000e0c00000,0x00000000e2bb90e8,0x00000000e5a80000)
 Metaspace       used 20851K, capacity 21078K, committed 21376K, reserved 1069056K
  class space    used 1829K, capacity 1893K, committed 1920K, reserved 1048576K
}

